2011.09.02 13:09 B C:\proyectos\MyDay\sitio\admin\js\jquery-1.6.2.min.js --> myday.com.mx /demo/admin/js jquery-1.6.2.min.js
2011.09.02 13:09 B C:\proyectos\MyDay\sitio\admin\js\jquery-ui-1.8.16.custom.min.js --> myday.com.mx /demo/admin/js jquery-ui-1.8.16.custom.min.js
2011.09.08 12:13 B C:\proyectos\MyDay\sitio\admin\js\jquery-1.6.2.min.js --> myday.com.mx /demo/bodas/admin/js jquery-1.6.2.min.js
2011.09.08 12:13 B C:\proyectos\MyDay\sitio\admin\js\jquery-ui-1.8.16.custom.min.js --> myday.com.mx /demo/bodas/admin/js jquery-ui-1.8.16.custom.min.js
2011.09.08 12:56 B C:\proyectos\MyDay\main\bodas\admin\js\WS_FTP.LOG <-- myday.com.mx /demo/bodas/admin/js WS_FTP.LOG
2011.09.09 16:26 B C:\proyectos\MyDay\main\bodas\admin\js\jquery-1.6.2.min.js --> myday.com.mx /bodas/admin/js jquery-1.6.2.min.js
2011.09.09 16:26 B C:\proyectos\MyDay\main\bodas\admin\js\jquery-ui-1.8.16.custom.min.js --> myday.com.mx /bodas/admin/js jquery-ui-1.8.16.custom.min.js
2012.02.01 18:19 B C:\proyectos\melek\diseño\js\WS_FTP.LOG <-- myday.com.m /bodas/admin/js WS_FTP.LOG
2012.02.01 18:20 B C:\proyectos\melek\diseño\js\jquery-1.6.2.min.js --> www.mail2mex.com /js jquery-1.6.2.min.js
2012.02.01 18:20 B C:\proyectos\melek\diseño\js\jquery-ui-1.8.16.custom.min.js --> www.mail2mex.com /js jquery-ui-1.8.16.custom.min.js
2012.02.01 18:20 B C:\proyectos\melek\diseño\js\WS_FTP.LOG --> www.mail2mex.com /js WS_FTP.LOG
2012.03.06 00:31 B C:\proyectos\melek\diseño\js\jquery-1.6.2.min.js --> 168.143.54.44 /www/postales/js jquery-1.6.2.min.js
2012.03.06 00:31 B C:\proyectos\melek\diseño\js\jquery-ui-1.8.16.custom.min.js --> 168.143.54.44 /www/postales/js jquery-ui-1.8.16.custom.min.js
2012.03.06 00:31 B C:\proyectos\melek\diseño\js\WS_FTP.LOG --> 168.143.54.44 /www/postales/js WS_FTP.LOG
2012.12.22 23:09 B C:\myDrive\Google Drive\proyectos\bautyroom\sitio\js\WS_FTP.LOG --> be-beautyroom.com /js WS_FTP.LOG
2012.12.22 23:09 B C:\myDrive\Google Drive\proyectos\bautyroom\sitio\js\jquery-ui-1.8.16.custom.min.js --> be-beautyroom.com /js jquery-ui-1.8.16.custom.min.js
2012.12.22 23:09 B C:\myDrive\Google Drive\proyectos\bautyroom\sitio\js\jquery-1.6.2.min.js --> be-beautyroom.com /js jquery-1.6.2.min.js
2013.01.08 16:41 B C:\myDrive\Google Drive\proyectos\addHR\sitio\js\jquery-1.6.2.min.js --> 75.127.85.5 /public_html/demo/js jquery-1.6.2.min.js
2013.01.08 16:41 B C:\myDrive\Google Drive\proyectos\addHR\sitio\js\jquery-ui-1.8.16.custom.min.js --> 75.127.85.5 /public_html/demo/js jquery-ui-1.8.16.custom.min.js
2013.01.08 16:41 B C:\myDrive\Google Drive\proyectos\addHR\sitio\js\WS_FTP.LOG --> 75.127.85.5 /public_html/demo/js WS_FTP.LOG
2013.10.23 10:30 B C:\myDrive\Google Drive\proyectos\addHR\sitio\js\jquery-1.6.2.min.js --> www.bluewolf.com.mx /js jquery-1.6.2.min.js
2013.10.23 10:30 B C:\myDrive\Google Drive\proyectos\addHR\sitio\js\jquery-ui-1.8.16.custom.min.js --> www.bluewolf.com.mx /js jquery-ui-1.8.16.custom.min.js
2013.10.23 10:30 B C:\myDrive\Google Drive\proyectos\addHR\sitio\js\WS_FTP.LOG --> www.bluewolf.com.mx /js WS_FTP.LOG
2014.01.13 09:56 B C:\Users\lucia\Google Drive2\addHR\sitio\js\desktop.ini --> ftp.creditosobrenomina.com /control/js desktop.ini
2014.01.13 09:56 B C:\Users\lucia\Google Drive2\addHR\sitio\js\jquery-1.6.2.min.js --> ftp.creditosobrenomina.com /control/js jquery-1.6.2.min.js
2014.01.13 09:56 B C:\Users\lucia\Google Drive2\addHR\sitio\js\jquery-ui-1.8.16.custom.min.js --> ftp.creditosobrenomina.com /control/js jquery-ui-1.8.16.custom.min.js
2014.01.13 09:56 B C:\Users\lucia\Google Drive2\addHR\sitio\js\WS_FTP.LOG --> ftp.creditosobrenomina.com /control/js WS_FTP.LOG
2014.01.13 11:45 B C:\Users\lucia\Google Drive2\addHR\sitio\js\desktop.ini --> aya-express.com /servicios/js desktop.ini
2014.01.13 11:45 B C:\Users\lucia\Google Drive2\addHR\sitio\js\jquery-1.6.2.min.js --> aya-express.com /servicios/js jquery-1.6.2.min.js
2014.01.13 11:45 B C:\Users\lucia\Google Drive2\addHR\sitio\js\jquery-ui-1.8.16.custom.min.js --> aya-express.com /servicios/js jquery-ui-1.8.16.custom.min.js
2014.01.13 11:45 B C:\Users\lucia\Google Drive2\addHR\sitio\js\WS_FTP.LOG --> aya-express.com /servicios/js WS_FTP.LOG
2014.01.14 11:45 B C:\Users\lucia\Google Drive2\addHR\sitio\js\desktop.ini --> aya-express.com /js desktop.ini
2014.01.14 11:45 B C:\Users\lucia\Google Drive2\addHR\sitio\js\jquery-1.6.2.min.js --> aya-express.com /js jquery-1.6.2.min.js
2014.01.14 11:45 B C:\Users\lucia\Google Drive2\addHR\sitio\js\jquery-ui-1.8.16.custom.min.js --> aya-express.com /js jquery-ui-1.8.16.custom.min.js
2014.01.14 11:45 B C:\Users\lucia\Google Drive2\addHR\sitio\js\WS_FTP.LOG --> aya-express.com /js WS_FTP.LOG
2014.01.14 13:44 B C:\myDrive\Google Drive\proyectos\textron\sitio\js\desktop.ini --> tim-pmp.com /public_html/js desktop.ini
2015.12.28 09:47 B C:\Users\redkey\Google Drive 2\RESPALDO TEXTRON\timpmp\js\WS_FTP.LOG <-- textron /public_html/js WS_FTP.LOG
2015.12.28 13:56 B C:\Users\redkey\Google Drive 2\RESPALDO TEXTRON\timpmp\js\highcharts-3d.js --> bluewolf.com.mx /timpmp/js highcharts-3d.js
2015.12.28 13:56 B C:\Users\redkey\Google Drive 2\RESPALDO TEXTRON\timpmp\js\highcharts-3d.src.js --> bluewolf.com.mx /timpmp/js highcharts-3d.src.js
2015.12.28 13:56 B C:\Users\redkey\Google Drive 2\RESPALDO TEXTRON\timpmp\js\highcharts-all.js --> bluewolf.com.mx /timpmp/js highcharts-all.js
2015.12.28 13:56 B C:\Users\redkey\Google Drive 2\RESPALDO TEXTRON\timpmp\js\highcharts-more.js --> bluewolf.com.mx /timpmp/js highcharts-more.js
2015.12.28 13:56 B C:\Users\redkey\Google Drive 2\RESPALDO TEXTRON\timpmp\js\highcharts-more.src.js --> bluewolf.com.mx /timpmp/js highcharts-more.src.js
2015.12.28 13:56 B C:\Users\redkey\Google Drive 2\RESPALDO TEXTRON\timpmp\js\highcharts.js --> bluewolf.com.mx /timpmp/js highcharts.js
2015.12.28 13:56 B C:\Users\redkey\Google Drive 2\RESPALDO TEXTRON\timpmp\js\highcharts.src.js --> bluewolf.com.mx /timpmp/js highcharts.src.js
2015.12.28 13:56 B C:\Users\redkey\Google Drive 2\RESPALDO TEXTRON\timpmp\js\jquery-1.6.2.min.js --> bluewolf.com.mx /timpmp/js jquery-1.6.2.min.js
2015.12.28 13:56 B C:\Users\redkey\Google Drive 2\RESPALDO TEXTRON\timpmp\js\jquery-ui-1.8.16.custom.min.js --> bluewolf.com.mx /timpmp/js jquery-ui-1.8.16.custom.min.js
