2015.03.25 09:24 B C:\Users\redkey\Google Drive 2\textron\timpmp_produccion\dompdf\www\images\desktop.ini --> tim-pmp.com /public_html/dompdf/www/images desktop.ini
2015.03.25 09:24 B C:\Users\redkey\Google Drive 2\textron\timpmp_produccion\dompdf\www\images\xhtml10.png --> tim-pmp.com /public_html/dompdf/www/images xhtml10.png
2015.03.25 09:24 B C:\Users\redkey\Google Drive 2\textron\timpmp_produccion\dompdf\www\images\v_bar.gif --> tim-pmp.com /public_html/dompdf/www/images v_bar.gif
2015.03.25 09:24 B C:\Users\redkey\Google Drive 2\textron\timpmp_produccion\dompdf\www\images\title.gif --> tim-pmp.com /public_html/dompdf/www/images title.gif
2015.03.25 09:24 B C:\Users\redkey\Google Drive 2\textron\timpmp_produccion\dompdf\www\images\star_05.gif --> tim-pmp.com /public_html/dompdf/www/images star_05.gif
2015.03.25 09:24 B C:\Users\redkey\Google Drive 2\textron\timpmp_produccion\dompdf\www\images\star_04.gif --> tim-pmp.com /public_html/dompdf/www/images star_04.gif
2015.03.25 09:24 B C:\Users\redkey\Google Drive 2\textron\timpmp_produccion\dompdf\www\images\star_03.gif --> tim-pmp.com /public_html/dompdf/www/images star_03.gif
2015.03.25 09:24 B C:\Users\redkey\Google Drive 2\textron\timpmp_produccion\dompdf\www\images\star_02.gif --> tim-pmp.com /public_html/dompdf/www/images star_02.gif
2015.03.25 09:24 B C:\Users\redkey\Google Drive 2\textron\timpmp_produccion\dompdf\www\images\star_01.gif --> tim-pmp.com /public_html/dompdf/www/images star_01.gif
2015.03.25 09:24 B C:\Users\redkey\Google Drive 2\textron\timpmp_produccion\dompdf\www\images\small_logo.png --> tim-pmp.com /public_html/dompdf/www/images small_logo.png
2015.03.25 09:24 B C:\Users\redkey\Google Drive 2\textron\timpmp_produccion\dompdf\www\images\php5-power-micro.png --> tim-pmp.com /public_html/dompdf/www/images php5-power-micro.png
2015.03.25 09:24 B C:\Users\redkey\Google Drive 2\textron\timpmp_produccion\dompdf\www\images\logo.xcf --> tim-pmp.com /public_html/dompdf/www/images logo.xcf
2015.03.25 09:24 B C:\Users\redkey\Google Drive 2\textron\timpmp_produccion\dompdf\www\images\logo.png --> tim-pmp.com /public_html/dompdf/www/images logo.png
2015.03.25 09:24 B C:\Users\redkey\Google Drive 2\textron\timpmp_produccion\dompdf\www\images\left_arrow.gif --> tim-pmp.com /public_html/dompdf/www/images left_arrow.gif
2015.03.25 09:24 B C:\Users\redkey\Google Drive 2\textron\timpmp_produccion\dompdf\www\images\h_bar.gif --> tim-pmp.com /public_html/dompdf/www/images h_bar.gif
2015.03.25 09:24 B C:\Users\redkey\Google Drive 2\textron\timpmp_produccion\dompdf\www\images\favicon.png --> tim-pmp.com /public_html/dompdf/www/images favicon.png
2015.03.25 09:24 B C:\Users\redkey\Google Drive 2\textron\timpmp_produccion\dompdf\www\images\favicon.ico --> tim-pmp.com /public_html/dompdf/www/images favicon.ico
2015.03.25 09:24 B C:\Users\redkey\Google Drive 2\textron\timpmp_produccion\dompdf\www\images\dompdf_simple.png --> tim-pmp.com /public_html/dompdf/www/images dompdf_simple.png
2015.03.25 09:24 B C:\Users\redkey\Google Drive 2\textron\timpmp_produccion\dompdf\www\images\css2.png --> tim-pmp.com /public_html/dompdf/www/images css2.png
2015.03.25 09:24 B C:\Users\redkey\Google Drive 2\textron\timpmp_produccion\dompdf\www\images\arrow_06.gif --> tim-pmp.com /public_html/dompdf/www/images arrow_06.gif
2015.03.25 09:24 B C:\Users\redkey\Google Drive 2\textron\timpmp_produccion\dompdf\www\images\arrow_05.gif --> tim-pmp.com /public_html/dompdf/www/images arrow_05.gif
2015.03.25 09:24 B C:\Users\redkey\Google Drive 2\textron\timpmp_produccion\dompdf\www\images\arrow_04.gif --> tim-pmp.com /public_html/dompdf/www/images arrow_04.gif
2015.03.25 09:24 B C:\Users\redkey\Google Drive 2\textron\timpmp_produccion\dompdf\www\images\arrow_03.gif --> tim-pmp.com /public_html/dompdf/www/images arrow_03.gif
2015.03.25 09:24 B C:\Users\redkey\Google Drive 2\textron\timpmp_produccion\dompdf\www\images\arrow_02.gif --> tim-pmp.com /public_html/dompdf/www/images arrow_02.gif
2015.03.25 09:24 B C:\Users\redkey\Google Drive 2\textron\timpmp_produccion\dompdf\www\images\arrow_01.gif --> tim-pmp.com /public_html/dompdf/www/images arrow_01.gif
2015.03.25 10:39 B C:\Users\redkey\Google Drive 2\textron\timpmp_produccion\dompdf\www\images\desktop.ini --> tim-pmp.com /public_html/dompdf/www/images desktop.ini
2015.03.25 10:39 B C:\Users\redkey\Google Drive 2\textron\timpmp_produccion\dompdf\www\images\WS_FTP.LOG --> tim-pmp.com /public_html/dompdf/www/images WS_FTP.LOG
2015.12.28 09:40 B C:\Users\redkey\Google Drive 2\RESPALDO TEXTRON\timpmp\dompdf\www\images\WS_FTP.LOG <-- textron /public_html/dompdf/www/images WS_FTP.LOG
2015.12.28 09:40 B C:\Users\redkey\Google Drive 2\RESPALDO TEXTRON\timpmp\dompdf\www\images\xhtml10.png <-- textron /public_html/dompdf/www/images xhtml10.png
2015.12.28 13:49 B C:\Users\redkey\Google Drive 2\RESPALDO TEXTRON\timpmp\dompdf\www\images\arrow_01.gif --> bluewolf.com.mx /timpmp/dompdf/www/images arrow_01.gif
2015.12.28 13:49 B C:\Users\redkey\Google Drive 2\RESPALDO TEXTRON\timpmp\dompdf\www\images\arrow_02.gif --> bluewolf.com.mx /timpmp/dompdf/www/images arrow_02.gif
2015.12.28 13:49 B C:\Users\redkey\Google Drive 2\RESPALDO TEXTRON\timpmp\dompdf\www\images\arrow_03.gif --> bluewolf.com.mx /timpmp/dompdf/www/images arrow_03.gif
2015.12.28 13:49 B C:\Users\redkey\Google Drive 2\RESPALDO TEXTRON\timpmp\dompdf\www\images\arrow_04.gif --> bluewolf.com.mx /timpmp/dompdf/www/images arrow_04.gif
2015.12.28 13:49 B C:\Users\redkey\Google Drive 2\RESPALDO TEXTRON\timpmp\dompdf\www\images\arrow_05.gif --> bluewolf.com.mx /timpmp/dompdf/www/images arrow_05.gif
2015.12.28 13:49 B C:\Users\redkey\Google Drive 2\RESPALDO TEXTRON\timpmp\dompdf\www\images\arrow_06.gif --> bluewolf.com.mx /timpmp/dompdf/www/images arrow_06.gif
2015.12.28 13:49 B C:\Users\redkey\Google Drive 2\RESPALDO TEXTRON\timpmp\dompdf\www\images\css2.png --> bluewolf.com.mx /timpmp/dompdf/www/images css2.png
2015.12.28 13:49 B C:\Users\redkey\Google Drive 2\RESPALDO TEXTRON\timpmp\dompdf\www\images\dompdf_simple.png --> bluewolf.com.mx /timpmp/dompdf/www/images dompdf_simple.png
2015.12.28 13:49 B C:\Users\redkey\Google Drive 2\RESPALDO TEXTRON\timpmp\dompdf\www\images\favicon.ico --> bluewolf.com.mx /timpmp/dompdf/www/images favicon.ico
2015.12.28 13:49 B C:\Users\redkey\Google Drive 2\RESPALDO TEXTRON\timpmp\dompdf\www\images\favicon.png --> bluewolf.com.mx /timpmp/dompdf/www/images favicon.png
2015.12.28 13:49 B C:\Users\redkey\Google Drive 2\RESPALDO TEXTRON\timpmp\dompdf\www\images\h_bar.gif --> bluewolf.com.mx /timpmp/dompdf/www/images h_bar.gif
2015.12.28 13:49 B C:\Users\redkey\Google Drive 2\RESPALDO TEXTRON\timpmp\dompdf\www\images\left_arrow.gif --> bluewolf.com.mx /timpmp/dompdf/www/images left_arrow.gif
2015.12.28 13:49 B C:\Users\redkey\Google Drive 2\RESPALDO TEXTRON\timpmp\dompdf\www\images\logo.png --> bluewolf.com.mx /timpmp/dompdf/www/images logo.png
2015.12.28 13:49 B C:\Users\redkey\Google Drive 2\RESPALDO TEXTRON\timpmp\dompdf\www\images\logo.xcf --> bluewolf.com.mx /timpmp/dompdf/www/images logo.xcf
2015.12.28 13:49 B C:\Users\redkey\Google Drive 2\RESPALDO TEXTRON\timpmp\dompdf\www\images\php5-power-micro.png --> bluewolf.com.mx /timpmp/dompdf/www/images php5-power-micro.png
2015.12.28 13:49 B C:\Users\redkey\Google Drive 2\RESPALDO TEXTRON\timpmp\dompdf\www\images\small_logo.png --> bluewolf.com.mx /timpmp/dompdf/www/images small_logo.png
2015.12.28 13:49 B C:\Users\redkey\Google Drive 2\RESPALDO TEXTRON\timpmp\dompdf\www\images\star_01.gif --> bluewolf.com.mx /timpmp/dompdf/www/images star_01.gif
2015.12.28 13:49 B C:\Users\redkey\Google Drive 2\RESPALDO TEXTRON\timpmp\dompdf\www\images\star_02.gif --> bluewolf.com.mx /timpmp/dompdf/www/images star_02.gif
2015.12.28 13:49 B C:\Users\redkey\Google Drive 2\RESPALDO TEXTRON\timpmp\dompdf\www\images\star_03.gif --> bluewolf.com.mx /timpmp/dompdf/www/images star_03.gif
2015.12.28 13:49 B C:\Users\redkey\Google Drive 2\RESPALDO TEXTRON\timpmp\dompdf\www\images\star_04.gif --> bluewolf.com.mx /timpmp/dompdf/www/images star_04.gif
2015.12.28 13:49 B C:\Users\redkey\Google Drive 2\RESPALDO TEXTRON\timpmp\dompdf\www\images\star_05.gif --> bluewolf.com.mx /timpmp/dompdf/www/images star_05.gif
2015.12.28 13:49 B C:\Users\redkey\Google Drive 2\RESPALDO TEXTRON\timpmp\dompdf\www\images\title.gif --> bluewolf.com.mx /timpmp/dompdf/www/images title.gif
2015.12.28 13:49 B C:\Users\redkey\Google Drive 2\RESPALDO TEXTRON\timpmp\dompdf\www\images\v_bar.gif --> bluewolf.com.mx /timpmp/dompdf/www/images v_bar.gif
