2011.09.02 13:34 B C:\borrar\date demo\css\smoothness\images\ui-bg_flat_0_aaaaaa_40x100.png --> myday.com.mx /demo/admin/css/smoothness/images ui-bg_flat_0_aaaaaa_40x100.png
2011.09.02 13:34 B C:\borrar\date demo\css\smoothness\images\ui-bg_flat_75_ffffff_40x100.png --> myday.com.mx /demo/admin/css/smoothness/images ui-bg_flat_75_ffffff_40x100.png
2011.09.02 13:34 B C:\borrar\date demo\css\smoothness\images\ui-bg_glass_55_fbf9ee_1x400.png --> myday.com.mx /demo/admin/css/smoothness/images ui-bg_glass_55_fbf9ee_1x400.png
2011.09.02 13:34 B C:\borrar\date demo\css\smoothness\images\ui-bg_glass_65_ffffff_1x400.png --> myday.com.mx /demo/admin/css/smoothness/images ui-bg_glass_65_ffffff_1x400.png
2011.09.02 13:34 B C:\borrar\date demo\css\smoothness\images\ui-bg_glass_75_dadada_1x400.png --> myday.com.mx /demo/admin/css/smoothness/images ui-bg_glass_75_dadada_1x400.png
2011.09.02 13:34 B C:\borrar\date demo\css\smoothness\images\ui-bg_glass_75_e6e6e6_1x400.png --> myday.com.mx /demo/admin/css/smoothness/images ui-bg_glass_75_e6e6e6_1x400.png
2011.09.02 13:34 B C:\borrar\date demo\css\smoothness\images\ui-bg_glass_95_fef1ec_1x400.png --> myday.com.mx /demo/admin/css/smoothness/images ui-bg_glass_95_fef1ec_1x400.png
2011.09.02 13:34 B C:\borrar\date demo\css\smoothness\images\ui-bg_highlight-soft_75_cccccc_1x100.png --> myday.com.mx /demo/admin/css/smoothness/images ui-bg_highlight-soft_75_cccccc_1x100.png
2011.09.02 13:34 B C:\borrar\date demo\css\smoothness\images\ui-icons_222222_256x240.png --> myday.com.mx /demo/admin/css/smoothness/images ui-icons_222222_256x240.png
2011.09.02 13:34 B C:\borrar\date demo\css\smoothness\images\ui-icons_2e83ff_256x240.png --> myday.com.mx /demo/admin/css/smoothness/images ui-icons_2e83ff_256x240.png
2011.09.02 13:34 B C:\borrar\date demo\css\smoothness\images\ui-icons_454545_256x240.png --> myday.com.mx /demo/admin/css/smoothness/images ui-icons_454545_256x240.png
2011.09.02 13:34 B C:\borrar\date demo\css\smoothness\images\ui-icons_888888_256x240.png --> myday.com.mx /demo/admin/css/smoothness/images ui-icons_888888_256x240.png
2011.09.02 13:34 B C:\borrar\date demo\css\smoothness\images\ui-icons_cd0a0a_256x240.png --> myday.com.mx /demo/admin/css/smoothness/images ui-icons_cd0a0a_256x240.png
2011.09.09 19:26 B C:\borrar\date demo\css\smoothness\images\ui-bg_flat_0_aaaaaa_40x100.png --> myday.com.mx /bodas/admin/css/smoothness/images ui-bg_flat_0_aaaaaa_40x100.png
2011.09.09 19:26 B C:\borrar\date demo\css\smoothness\images\ui-bg_flat_75_ffffff_40x100.png --> myday.com.mx /bodas/admin/css/smoothness/images ui-bg_flat_75_ffffff_40x100.png
2011.09.09 19:26 B C:\borrar\date demo\css\smoothness\images\ui-bg_glass_55_fbf9ee_1x400.png --> myday.com.mx /bodas/admin/css/smoothness/images ui-bg_glass_55_fbf9ee_1x400.png
2011.09.09 19:26 B C:\borrar\date demo\css\smoothness\images\ui-bg_glass_65_ffffff_1x400.png --> myday.com.mx /bodas/admin/css/smoothness/images ui-bg_glass_65_ffffff_1x400.png
2011.09.09 19:26 B C:\borrar\date demo\css\smoothness\images\ui-bg_glass_75_dadada_1x400.png --> myday.com.mx /bodas/admin/css/smoothness/images ui-bg_glass_75_dadada_1x400.png
2011.09.09 19:26 B C:\borrar\date demo\css\smoothness\images\ui-bg_glass_75_e6e6e6_1x400.png --> myday.com.mx /bodas/admin/css/smoothness/images ui-bg_glass_75_e6e6e6_1x400.png
2011.09.09 19:26 B C:\borrar\date demo\css\smoothness\images\ui-bg_glass_95_fef1ec_1x400.png --> myday.com.mx /bodas/admin/css/smoothness/images ui-bg_glass_95_fef1ec_1x400.png
2011.09.09 19:26 B C:\borrar\date demo\css\smoothness\images\ui-bg_highlight-soft_75_cccccc_1x100.png --> myday.com.mx /bodas/admin/css/smoothness/images ui-bg_highlight-soft_75_cccccc_1x100.png
2011.09.09 19:26 B C:\borrar\date demo\css\smoothness\images\ui-icons_222222_256x240.png --> myday.com.mx /bodas/admin/css/smoothness/images ui-icons_222222_256x240.png
2011.09.09 19:26 B C:\borrar\date demo\css\smoothness\images\ui-icons_2e83ff_256x240.png --> myday.com.mx /bodas/admin/css/smoothness/images ui-icons_2e83ff_256x240.png
2011.09.09 19:26 B C:\borrar\date demo\css\smoothness\images\ui-icons_454545_256x240.png --> myday.com.mx /bodas/admin/css/smoothness/images ui-icons_454545_256x240.png
2011.09.09 19:26 B C:\borrar\date demo\css\smoothness\images\ui-icons_888888_256x240.png --> myday.com.mx /bodas/admin/css/smoothness/images ui-icons_888888_256x240.png
2011.09.09 19:26 B C:\borrar\date demo\css\smoothness\images\ui-icons_cd0a0a_256x240.png --> myday.com.mx /bodas/admin/css/smoothness/images ui-icons_cd0a0a_256x240.png
2012.02.01 18:18 B C:\proyectos\melek\diseño\css\smoothness\images\WS_FTP.LOG <-- myday.com.m /bodas/admin/css/smoothness/images WS_FTP.LOG
2012.02.01 18:19 B C:\proyectos\melek\diseño\css\smoothness\images\ui-bg_flat_0_aaaaaa_40x100.png --> www.mail2mex.com /css/smoothness/images ui-bg_flat_0_aaaaaa_40x100.png
2012.02.01 18:19 B C:\proyectos\melek\diseño\css\smoothness\images\ui-bg_flat_75_ffffff_40x100.png --> www.mail2mex.com /css/smoothness/images ui-bg_flat_75_ffffff_40x100.png
2012.02.01 18:19 B C:\proyectos\melek\diseño\css\smoothness\images\ui-bg_glass_55_fbf9ee_1x400.png --> www.mail2mex.com /css/smoothness/images ui-bg_glass_55_fbf9ee_1x400.png
2012.02.01 18:19 B C:\proyectos\melek\diseño\css\smoothness\images\ui-bg_glass_65_ffffff_1x400.png --> www.mail2mex.com /css/smoothness/images ui-bg_glass_65_ffffff_1x400.png
2012.02.01 18:19 B C:\proyectos\melek\diseño\css\smoothness\images\ui-bg_glass_75_dadada_1x400.png --> www.mail2mex.com /css/smoothness/images ui-bg_glass_75_dadada_1x400.png
2012.02.01 18:19 B C:\proyectos\melek\diseño\css\smoothness\images\ui-bg_glass_75_e6e6e6_1x400.png --> www.mail2mex.com /css/smoothness/images ui-bg_glass_75_e6e6e6_1x400.png
2012.02.01 18:19 B C:\proyectos\melek\diseño\css\smoothness\images\ui-bg_glass_95_fef1ec_1x400.png --> www.mail2mex.com /css/smoothness/images ui-bg_glass_95_fef1ec_1x400.png
2012.02.01 18:19 B C:\proyectos\melek\diseño\css\smoothness\images\ui-bg_highlight-soft_75_cccccc_1x100.png --> www.mail2mex.com /css/smoothness/images ui-bg_highlight-soft_75_cccccc_1x100.png
2012.02.01 18:19 B C:\proyectos\melek\diseño\css\smoothness\images\ui-icons_222222_256x240.png --> www.mail2mex.com /css/smoothness/images ui-icons_222222_256x240.png
2012.02.01 18:19 B C:\proyectos\melek\diseño\css\smoothness\images\ui-icons_2e83ff_256x240.png --> www.mail2mex.com /css/smoothness/images ui-icons_2e83ff_256x240.png
2012.02.01 18:19 B C:\proyectos\melek\diseño\css\smoothness\images\ui-icons_454545_256x240.png --> www.mail2mex.com /css/smoothness/images ui-icons_454545_256x240.png
2012.02.01 18:19 B C:\proyectos\melek\diseño\css\smoothness\images\ui-icons_888888_256x240.png --> www.mail2mex.com /css/smoothness/images ui-icons_888888_256x240.png
2012.02.01 18:19 B C:\proyectos\melek\diseño\css\smoothness\images\ui-icons_cd0a0a_256x240.png --> www.mail2mex.com /css/smoothness/images ui-icons_cd0a0a_256x240.png
2012.02.01 18:19 B C:\proyectos\melek\diseño\css\smoothness\images\WS_FTP.LOG --> www.mail2mex.com /css/smoothness/images WS_FTP.LOG
2012.03.06 00:19 B C:\proyectos\melek\diseño\css\smoothness\images\ui-bg_flat_0_aaaaaa_40x100.png --> 168.143.54.44 /www/postales/css/smoothness/images ui-bg_flat_0_aaaaaa_40x100.png
2012.03.06 00:19 B C:\proyectos\melek\diseño\css\smoothness\images\ui-bg_flat_75_ffffff_40x100.png --> 168.143.54.44 /www/postales/css/smoothness/images ui-bg_flat_75_ffffff_40x100.png
2012.03.06 00:19 B C:\proyectos\melek\diseño\css\smoothness\images\ui-bg_glass_55_fbf9ee_1x400.png --> 168.143.54.44 /www/postales/css/smoothness/images ui-bg_glass_55_fbf9ee_1x400.png
2012.03.06 00:19 B C:\proyectos\melek\diseño\css\smoothness\images\ui-bg_glass_65_ffffff_1x400.png --> 168.143.54.44 /www/postales/css/smoothness/images ui-bg_glass_65_ffffff_1x400.png
2012.03.06 00:19 B C:\proyectos\melek\diseño\css\smoothness\images\ui-bg_glass_75_dadada_1x400.png --> 168.143.54.44 /www/postales/css/smoothness/images ui-bg_glass_75_dadada_1x400.png
2012.03.06 00:19 B C:\proyectos\melek\diseño\css\smoothness\images\ui-bg_glass_75_e6e6e6_1x400.png --> 168.143.54.44 /www/postales/css/smoothness/images ui-bg_glass_75_e6e6e6_1x400.png
2012.03.06 00:19 B C:\proyectos\melek\diseño\css\smoothness\images\ui-bg_glass_95_fef1ec_1x400.png --> 168.143.54.44 /www/postales/css/smoothness/images ui-bg_glass_95_fef1ec_1x400.png
2012.03.06 00:19 B C:\proyectos\melek\diseño\css\smoothness\images\ui-bg_highlight-soft_75_cccccc_1x100.png --> 168.143.54.44 /www/postales/css/smoothness/images ui-bg_highlight-soft_75_cccccc_1x100.png
2012.03.06 00:19 B C:\proyectos\melek\diseño\css\smoothness\images\ui-icons_222222_256x240.png --> 168.143.54.44 /www/postales/css/smoothness/images ui-icons_222222_256x240.png
2012.03.06 00:19 B C:\proyectos\melek\diseño\css\smoothness\images\ui-icons_2e83ff_256x240.png --> 168.143.54.44 /www/postales/css/smoothness/images ui-icons_2e83ff_256x240.png
2012.03.06 00:19 B C:\proyectos\melek\diseño\css\smoothness\images\ui-icons_454545_256x240.png --> 168.143.54.44 /www/postales/css/smoothness/images ui-icons_454545_256x240.png
2012.03.06 00:19 B C:\proyectos\melek\diseño\css\smoothness\images\ui-icons_888888_256x240.png --> 168.143.54.44 /www/postales/css/smoothness/images ui-icons_888888_256x240.png
2012.03.06 00:19 B C:\proyectos\melek\diseño\css\smoothness\images\ui-icons_cd0a0a_256x240.png --> 168.143.54.44 /www/postales/css/smoothness/images ui-icons_cd0a0a_256x240.png
2012.03.06 00:19 B C:\proyectos\melek\diseño\css\smoothness\images\WS_FTP.LOG --> 168.143.54.44 /www/postales/css/smoothness/images WS_FTP.LOG
2012.12.22 23:09 B C:\myDrive\Google Drive\proyectos\bautyroom\sitio\css\smoothness\images\WS_FTP.LOG --> be-beautyroom.com /css/smoothness/images WS_FTP.LOG
2012.12.22 23:09 B C:\myDrive\Google Drive\proyectos\bautyroom\sitio\css\smoothness\images\ui-icons_cd0a0a_256x240.png --> be-beautyroom.com /css/smoothness/images ui-icons_cd0a0a_256x240.png
2012.12.22 23:09 B C:\myDrive\Google Drive\proyectos\bautyroom\sitio\css\smoothness\images\ui-icons_888888_256x240.png --> be-beautyroom.com /css/smoothness/images ui-icons_888888_256x240.png
2012.12.22 23:09 B C:\myDrive\Google Drive\proyectos\bautyroom\sitio\css\smoothness\images\ui-icons_454545_256x240.png --> be-beautyroom.com /css/smoothness/images ui-icons_454545_256x240.png
2012.12.22 23:09 B C:\myDrive\Google Drive\proyectos\bautyroom\sitio\css\smoothness\images\ui-icons_2e83ff_256x240.png --> be-beautyroom.com /css/smoothness/images ui-icons_2e83ff_256x240.png
2012.12.22 23:09 B C:\myDrive\Google Drive\proyectos\bautyroom\sitio\css\smoothness\images\ui-icons_222222_256x240.png --> be-beautyroom.com /css/smoothness/images ui-icons_222222_256x240.png
2012.12.22 23:09 B C:\myDrive\Google Drive\proyectos\bautyroom\sitio\css\smoothness\images\ui-bg_highlight-soft_75_cccccc_1x100.png --> be-beautyroom.com /css/smoothness/images ui-bg_highlight-soft_75_cccccc_1x100.png
2012.12.22 23:09 B C:\myDrive\Google Drive\proyectos\bautyroom\sitio\css\smoothness\images\ui-bg_glass_95_fef1ec_1x400.png --> be-beautyroom.com /css/smoothness/images ui-bg_glass_95_fef1ec_1x400.png
2012.12.22 23:09 B C:\myDrive\Google Drive\proyectos\bautyroom\sitio\css\smoothness\images\ui-bg_glass_75_e6e6e6_1x400.png --> be-beautyroom.com /css/smoothness/images ui-bg_glass_75_e6e6e6_1x400.png
2012.12.22 23:09 B C:\myDrive\Google Drive\proyectos\bautyroom\sitio\css\smoothness\images\ui-bg_glass_75_dadada_1x400.png --> be-beautyroom.com /css/smoothness/images ui-bg_glass_75_dadada_1x400.png
2012.12.22 23:09 B C:\myDrive\Google Drive\proyectos\bautyroom\sitio\css\smoothness\images\ui-bg_glass_65_ffffff_1x400.png --> be-beautyroom.com /css/smoothness/images ui-bg_glass_65_ffffff_1x400.png
2012.12.22 23:09 B C:\myDrive\Google Drive\proyectos\bautyroom\sitio\css\smoothness\images\ui-bg_glass_55_fbf9ee_1x400.png --> be-beautyroom.com /css/smoothness/images ui-bg_glass_55_fbf9ee_1x400.png
2012.12.22 23:09 B C:\myDrive\Google Drive\proyectos\bautyroom\sitio\css\smoothness\images\ui-bg_flat_75_ffffff_40x100.png --> be-beautyroom.com /css/smoothness/images ui-bg_flat_75_ffffff_40x100.png
2012.12.22 23:09 B C:\myDrive\Google Drive\proyectos\bautyroom\sitio\css\smoothness\images\ui-bg_flat_0_aaaaaa_40x100.png --> be-beautyroom.com /css/smoothness/images ui-bg_flat_0_aaaaaa_40x100.png
2013.01.08 16:41 B C:\myDrive\Google Drive\proyectos\addHR\sitio\css\smoothness\images\ui-bg_flat_0_aaaaaa_40x100.png --> 75.127.85.5 /public_html/demo/css/smoothness/images ui-bg_flat_0_aaaaaa_40x100.png
2013.01.08 16:41 B C:\myDrive\Google Drive\proyectos\addHR\sitio\css\smoothness\images\ui-bg_flat_75_ffffff_40x100.png --> 75.127.85.5 /public_html/demo/css/smoothness/images ui-bg_flat_75_ffffff_40x100.png
2013.01.08 16:41 B C:\myDrive\Google Drive\proyectos\addHR\sitio\css\smoothness\images\ui-bg_glass_55_fbf9ee_1x400.png --> 75.127.85.5 /public_html/demo/css/smoothness/images ui-bg_glass_55_fbf9ee_1x400.png
2013.01.08 16:41 B C:\myDrive\Google Drive\proyectos\addHR\sitio\css\smoothness\images\ui-bg_glass_65_ffffff_1x400.png --> 75.127.85.5 /public_html/demo/css/smoothness/images ui-bg_glass_65_ffffff_1x400.png
2013.01.08 16:41 B C:\myDrive\Google Drive\proyectos\addHR\sitio\css\smoothness\images\ui-bg_glass_75_dadada_1x400.png --> 75.127.85.5 /public_html/demo/css/smoothness/images ui-bg_glass_75_dadada_1x400.png
2013.01.08 16:41 B C:\myDrive\Google Drive\proyectos\addHR\sitio\css\smoothness\images\ui-bg_glass_75_e6e6e6_1x400.png --> 75.127.85.5 /public_html/demo/css/smoothness/images ui-bg_glass_75_e6e6e6_1x400.png
2013.01.08 16:41 B C:\myDrive\Google Drive\proyectos\addHR\sitio\css\smoothness\images\ui-bg_glass_95_fef1ec_1x400.png --> 75.127.85.5 /public_html/demo/css/smoothness/images ui-bg_glass_95_fef1ec_1x400.png
2013.01.08 16:41 B C:\myDrive\Google Drive\proyectos\addHR\sitio\css\smoothness\images\ui-bg_highlight-soft_75_cccccc_1x100.png --> 75.127.85.5 /public_html/demo/css/smoothness/images ui-bg_highlight-soft_75_cccccc_1x100.png
2013.01.08 16:41 B C:\myDrive\Google Drive\proyectos\addHR\sitio\css\smoothness\images\ui-icons_222222_256x240.png --> 75.127.85.5 /public_html/demo/css/smoothness/images ui-icons_222222_256x240.png
2013.01.08 16:41 B C:\myDrive\Google Drive\proyectos\addHR\sitio\css\smoothness\images\ui-icons_2e83ff_256x240.png --> 75.127.85.5 /public_html/demo/css/smoothness/images ui-icons_2e83ff_256x240.png
2013.01.08 16:41 B C:\myDrive\Google Drive\proyectos\addHR\sitio\css\smoothness\images\ui-icons_454545_256x240.png --> 75.127.85.5 /public_html/demo/css/smoothness/images ui-icons_454545_256x240.png
2013.01.08 16:41 B C:\myDrive\Google Drive\proyectos\addHR\sitio\css\smoothness\images\ui-icons_888888_256x240.png --> 75.127.85.5 /public_html/demo/css/smoothness/images ui-icons_888888_256x240.png
2013.01.08 16:41 B C:\myDrive\Google Drive\proyectos\addHR\sitio\css\smoothness\images\ui-icons_cd0a0a_256x240.png --> 75.127.85.5 /public_html/demo/css/smoothness/images ui-icons_cd0a0a_256x240.png
2013.01.08 16:41 B C:\myDrive\Google Drive\proyectos\addHR\sitio\css\smoothness\images\WS_FTP.LOG --> 75.127.85.5 /public_html/demo/css/smoothness/images WS_FTP.LOG
2013.10.23 10:30 B C:\myDrive\Google Drive\proyectos\addHR\sitio\css\smoothness\images\ui-bg_flat_0_aaaaaa_40x100.png --> www.bluewolf.com.mx /css/smoothness/images ui-bg_flat_0_aaaaaa_40x100.png
2013.10.23 10:30 B C:\myDrive\Google Drive\proyectos\addHR\sitio\css\smoothness\images\ui-bg_flat_75_ffffff_40x100.png --> www.bluewolf.com.mx /css/smoothness/images ui-bg_flat_75_ffffff_40x100.png
2013.10.23 10:30 B C:\myDrive\Google Drive\proyectos\addHR\sitio\css\smoothness\images\ui-bg_glass_55_fbf9ee_1x400.png --> www.bluewolf.com.mx /css/smoothness/images ui-bg_glass_55_fbf9ee_1x400.png
2013.10.23 10:30 B C:\myDrive\Google Drive\proyectos\addHR\sitio\css\smoothness\images\ui-bg_glass_65_ffffff_1x400.png --> www.bluewolf.com.mx /css/smoothness/images ui-bg_glass_65_ffffff_1x400.png
2013.10.23 10:30 B C:\myDrive\Google Drive\proyectos\addHR\sitio\css\smoothness\images\ui-bg_glass_75_dadada_1x400.png --> www.bluewolf.com.mx /css/smoothness/images ui-bg_glass_75_dadada_1x400.png
2013.10.23 10:30 B C:\myDrive\Google Drive\proyectos\addHR\sitio\css\smoothness\images\ui-bg_glass_75_e6e6e6_1x400.png --> www.bluewolf.com.mx /css/smoothness/images ui-bg_glass_75_e6e6e6_1x400.png
2013.10.23 10:30 B C:\myDrive\Google Drive\proyectos\addHR\sitio\css\smoothness\images\ui-bg_glass_95_fef1ec_1x400.png --> www.bluewolf.com.mx /css/smoothness/images ui-bg_glass_95_fef1ec_1x400.png
2013.10.23 10:30 B C:\myDrive\Google Drive\proyectos\addHR\sitio\css\smoothness\images\ui-bg_highlight-soft_75_cccccc_1x100.png --> www.bluewolf.com.mx /css/smoothness/images ui-bg_highlight-soft_75_cccccc_1x100.png
2013.10.23 10:30 B C:\myDrive\Google Drive\proyectos\addHR\sitio\css\smoothness\images\ui-icons_222222_256x240.png --> www.bluewolf.com.mx /css/smoothness/images ui-icons_222222_256x240.png
2013.10.23 10:30 B C:\myDrive\Google Drive\proyectos\addHR\sitio\css\smoothness\images\ui-icons_2e83ff_256x240.png --> www.bluewolf.com.mx /css/smoothness/images ui-icons_2e83ff_256x240.png
2013.10.23 10:30 B C:\myDrive\Google Drive\proyectos\addHR\sitio\css\smoothness\images\ui-icons_454545_256x240.png --> www.bluewolf.com.mx /css/smoothness/images ui-icons_454545_256x240.png
2013.10.23 10:30 B C:\myDrive\Google Drive\proyectos\addHR\sitio\css\smoothness\images\ui-icons_888888_256x240.png --> www.bluewolf.com.mx /css/smoothness/images ui-icons_888888_256x240.png
2013.10.23 10:30 B C:\myDrive\Google Drive\proyectos\addHR\sitio\css\smoothness\images\ui-icons_cd0a0a_256x240.png --> www.bluewolf.com.mx /css/smoothness/images ui-icons_cd0a0a_256x240.png
2013.10.23 10:30 B C:\myDrive\Google Drive\proyectos\addHR\sitio\css\smoothness\images\WS_FTP.LOG --> www.bluewolf.com.mx /css/smoothness/images WS_FTP.LOG
2014.01.13 09:56 B C:\Users\lucia\Google Drive2\addHR\sitio\css\smoothness\images\desktop.ini --> ftp.creditosobrenomina.com /control/css/smoothness/images desktop.ini
2014.01.13 09:56 B C:\Users\lucia\Google Drive2\addHR\sitio\css\smoothness\images\ui-bg_flat_0_aaaaaa_40x100.png --> ftp.creditosobrenomina.com /control/css/smoothness/images ui-bg_flat_0_aaaaaa_40x100.png
2014.01.13 09:56 B C:\Users\lucia\Google Drive2\addHR\sitio\css\smoothness\images\ui-bg_flat_75_ffffff_40x100.png --> ftp.creditosobrenomina.com /control/css/smoothness/images ui-bg_flat_75_ffffff_40x100.png
2014.01.13 09:56 B C:\Users\lucia\Google Drive2\addHR\sitio\css\smoothness\images\ui-bg_glass_55_fbf9ee_1x400.png --> ftp.creditosobrenomina.com /control/css/smoothness/images ui-bg_glass_55_fbf9ee_1x400.png
2014.01.13 09:56 B C:\Users\lucia\Google Drive2\addHR\sitio\css\smoothness\images\ui-bg_glass_65_ffffff_1x400.png --> ftp.creditosobrenomina.com /control/css/smoothness/images ui-bg_glass_65_ffffff_1x400.png
2014.01.13 09:56 B C:\Users\lucia\Google Drive2\addHR\sitio\css\smoothness\images\ui-bg_glass_75_dadada_1x400.png --> ftp.creditosobrenomina.com /control/css/smoothness/images ui-bg_glass_75_dadada_1x400.png
2014.01.13 09:56 B C:\Users\lucia\Google Drive2\addHR\sitio\css\smoothness\images\ui-bg_glass_75_e6e6e6_1x400.png --> ftp.creditosobrenomina.com /control/css/smoothness/images ui-bg_glass_75_e6e6e6_1x400.png
2014.01.13 09:56 B C:\Users\lucia\Google Drive2\addHR\sitio\css\smoothness\images\ui-bg_glass_95_fef1ec_1x400.png --> ftp.creditosobrenomina.com /control/css/smoothness/images ui-bg_glass_95_fef1ec_1x400.png
2014.01.13 09:56 B C:\Users\lucia\Google Drive2\addHR\sitio\css\smoothness\images\ui-bg_highlight-soft_75_cccccc_1x100.png --> ftp.creditosobrenomina.com /control/css/smoothness/images ui-bg_highlight-soft_75_cccccc_1x100.png
2014.01.13 09:56 B C:\Users\lucia\Google Drive2\addHR\sitio\css\smoothness\images\ui-icons_222222_256x240.png --> ftp.creditosobrenomina.com /control/css/smoothness/images ui-icons_222222_256x240.png
2014.01.13 09:56 B C:\Users\lucia\Google Drive2\addHR\sitio\css\smoothness\images\ui-icons_2e83ff_256x240.png --> ftp.creditosobrenomina.com /control/css/smoothness/images ui-icons_2e83ff_256x240.png
2014.01.13 09:56 B C:\Users\lucia\Google Drive2\addHR\sitio\css\smoothness\images\ui-icons_454545_256x240.png --> ftp.creditosobrenomina.com /control/css/smoothness/images ui-icons_454545_256x240.png
2014.01.13 09:56 B C:\Users\lucia\Google Drive2\addHR\sitio\css\smoothness\images\ui-icons_888888_256x240.png --> ftp.creditosobrenomina.com /control/css/smoothness/images ui-icons_888888_256x240.png
2014.01.13 09:56 B C:\Users\lucia\Google Drive2\addHR\sitio\css\smoothness\images\ui-icons_cd0a0a_256x240.png --> ftp.creditosobrenomina.com /control/css/smoothness/images ui-icons_cd0a0a_256x240.png
2014.01.13 09:56 B C:\Users\lucia\Google Drive2\addHR\sitio\css\smoothness\images\WS_FTP.LOG --> ftp.creditosobrenomina.com /control/css/smoothness/images WS_FTP.LOG
2014.01.13 11:45 B C:\Users\lucia\Google Drive2\addHR\sitio\css\smoothness\images\desktop.ini --> aya-express.com /servicios/css/smoothness/images desktop.ini
2014.01.13 11:45 B C:\Users\lucia\Google Drive2\addHR\sitio\css\smoothness\images\ui-bg_flat_0_aaaaaa_40x100.png --> aya-express.com /servicios/css/smoothness/images ui-bg_flat_0_aaaaaa_40x100.png
2014.01.13 11:45 B C:\Users\lucia\Google Drive2\addHR\sitio\css\smoothness\images\ui-bg_flat_75_ffffff_40x100.png --> aya-express.com /servicios/css/smoothness/images ui-bg_flat_75_ffffff_40x100.png
2014.01.13 11:45 B C:\Users\lucia\Google Drive2\addHR\sitio\css\smoothness\images\ui-bg_glass_55_fbf9ee_1x400.png --> aya-express.com /servicios/css/smoothness/images ui-bg_glass_55_fbf9ee_1x400.png
2014.01.13 11:45 B C:\Users\lucia\Google Drive2\addHR\sitio\css\smoothness\images\ui-bg_glass_65_ffffff_1x400.png --> aya-express.com /servicios/css/smoothness/images ui-bg_glass_65_ffffff_1x400.png
2014.01.13 11:45 B C:\Users\lucia\Google Drive2\addHR\sitio\css\smoothness\images\ui-bg_glass_75_dadada_1x400.png --> aya-express.com /servicios/css/smoothness/images ui-bg_glass_75_dadada_1x400.png
2014.01.13 11:45 B C:\Users\lucia\Google Drive2\addHR\sitio\css\smoothness\images\ui-bg_glass_75_e6e6e6_1x400.png --> aya-express.com /servicios/css/smoothness/images ui-bg_glass_75_e6e6e6_1x400.png
2014.01.13 11:45 B C:\Users\lucia\Google Drive2\addHR\sitio\css\smoothness\images\ui-bg_glass_95_fef1ec_1x400.png --> aya-express.com /servicios/css/smoothness/images ui-bg_glass_95_fef1ec_1x400.png
2014.01.13 11:45 B C:\Users\lucia\Google Drive2\addHR\sitio\css\smoothness\images\ui-bg_highlight-soft_75_cccccc_1x100.png --> aya-express.com /servicios/css/smoothness/images ui-bg_highlight-soft_75_cccccc_1x100.png
2014.01.13 11:45 B C:\Users\lucia\Google Drive2\addHR\sitio\css\smoothness\images\ui-icons_222222_256x240.png --> aya-express.com /servicios/css/smoothness/images ui-icons_222222_256x240.png
2014.01.13 11:45 B C:\Users\lucia\Google Drive2\addHR\sitio\css\smoothness\images\ui-icons_2e83ff_256x240.png --> aya-express.com /servicios/css/smoothness/images ui-icons_2e83ff_256x240.png
2014.01.13 11:45 B C:\Users\lucia\Google Drive2\addHR\sitio\css\smoothness\images\ui-icons_454545_256x240.png --> aya-express.com /servicios/css/smoothness/images ui-icons_454545_256x240.png
2014.01.13 11:45 B C:\Users\lucia\Google Drive2\addHR\sitio\css\smoothness\images\ui-icons_888888_256x240.png --> aya-express.com /servicios/css/smoothness/images ui-icons_888888_256x240.png
2014.01.13 11:45 B C:\Users\lucia\Google Drive2\addHR\sitio\css\smoothness\images\ui-icons_cd0a0a_256x240.png --> aya-express.com /servicios/css/smoothness/images ui-icons_cd0a0a_256x240.png
2014.01.13 11:45 B C:\Users\lucia\Google Drive2\addHR\sitio\css\smoothness\images\WS_FTP.LOG --> aya-express.com /servicios/css/smoothness/images WS_FTP.LOG
2014.01.14 11:45 B C:\Users\lucia\Google Drive2\addHR\sitio\css\smoothness\images\desktop.ini --> aya-express.com /css/smoothness/images desktop.ini
2014.01.14 11:45 B C:\Users\lucia\Google Drive2\addHR\sitio\css\smoothness\images\ui-bg_flat_0_aaaaaa_40x100.png --> aya-express.com /css/smoothness/images ui-bg_flat_0_aaaaaa_40x100.png
2014.01.14 11:45 B C:\Users\lucia\Google Drive2\addHR\sitio\css\smoothness\images\ui-bg_flat_75_ffffff_40x100.png --> aya-express.com /css/smoothness/images ui-bg_flat_75_ffffff_40x100.png
2014.01.14 11:45 B C:\Users\lucia\Google Drive2\addHR\sitio\css\smoothness\images\ui-bg_glass_55_fbf9ee_1x400.png --> aya-express.com /css/smoothness/images ui-bg_glass_55_fbf9ee_1x400.png
2014.01.14 11:45 B C:\Users\lucia\Google Drive2\addHR\sitio\css\smoothness\images\ui-bg_glass_65_ffffff_1x400.png --> aya-express.com /css/smoothness/images ui-bg_glass_65_ffffff_1x400.png
2014.01.14 11:45 B C:\Users\lucia\Google Drive2\addHR\sitio\css\smoothness\images\ui-bg_glass_75_dadada_1x400.png --> aya-express.com /css/smoothness/images ui-bg_glass_75_dadada_1x400.png
2014.01.14 11:45 B C:\Users\lucia\Google Drive2\addHR\sitio\css\smoothness\images\ui-bg_glass_75_e6e6e6_1x400.png --> aya-express.com /css/smoothness/images ui-bg_glass_75_e6e6e6_1x400.png
2014.01.14 11:45 B C:\Users\lucia\Google Drive2\addHR\sitio\css\smoothness\images\ui-bg_glass_95_fef1ec_1x400.png --> aya-express.com /css/smoothness/images ui-bg_glass_95_fef1ec_1x400.png
2014.01.14 11:45 B C:\Users\lucia\Google Drive2\addHR\sitio\css\smoothness\images\ui-bg_highlight-soft_75_cccccc_1x100.png --> aya-express.com /css/smoothness/images ui-bg_highlight-soft_75_cccccc_1x100.png
2014.01.14 11:45 B C:\Users\lucia\Google Drive2\addHR\sitio\css\smoothness\images\ui-icons_222222_256x240.png --> aya-express.com /css/smoothness/images ui-icons_222222_256x240.png
2014.01.14 11:45 B C:\Users\lucia\Google Drive2\addHR\sitio\css\smoothness\images\ui-icons_2e83ff_256x240.png --> aya-express.com /css/smoothness/images ui-icons_2e83ff_256x240.png
2014.01.14 11:45 B C:\Users\lucia\Google Drive2\addHR\sitio\css\smoothness\images\ui-icons_454545_256x240.png --> aya-express.com /css/smoothness/images ui-icons_454545_256x240.png
2014.01.14 11:45 B C:\Users\lucia\Google Drive2\addHR\sitio\css\smoothness\images\ui-icons_888888_256x240.png --> aya-express.com /css/smoothness/images ui-icons_888888_256x240.png
2014.01.14 11:45 B C:\Users\lucia\Google Drive2\addHR\sitio\css\smoothness\images\ui-icons_cd0a0a_256x240.png --> aya-express.com /css/smoothness/images ui-icons_cd0a0a_256x240.png
2014.01.14 11:45 B C:\Users\lucia\Google Drive2\addHR\sitio\css\smoothness\images\WS_FTP.LOG --> aya-express.com /css/smoothness/images WS_FTP.LOG
2014.01.14 13:44 B C:\myDrive\Google Drive\proyectos\textron\sitio\css\smoothness\images\desktop.ini --> tim-pmp.com /public_html/css/smoothness/images desktop.ini
2015.12.28 09:34 B C:\Users\redkey\Google Drive 2\RESPALDO TEXTRON\timpmp\css\smoothness\images\WS_FTP.LOG <-- textron /public_html/css/smoothness/images WS_FTP.LOG
2015.12.28 13:45 B C:\Users\redkey\Google Drive 2\RESPALDO TEXTRON\timpmp\css\smoothness\images\ui-bg_flat_0_aaaaaa_40x100.png --> bluewolf.com.mx /timpmp/css/smoothness/images ui-bg_flat_0_aaaaaa_40x100.png
2015.12.28 13:45 B C:\Users\redkey\Google Drive 2\RESPALDO TEXTRON\timpmp\css\smoothness\images\ui-bg_flat_75_ffffff_40x100.png --> bluewolf.com.mx /timpmp/css/smoothness/images ui-bg_flat_75_ffffff_40x100.png
2015.12.28 13:45 B C:\Users\redkey\Google Drive 2\RESPALDO TEXTRON\timpmp\css\smoothness\images\ui-bg_glass_55_fbf9ee_1x400.png --> bluewolf.com.mx /timpmp/css/smoothness/images ui-bg_glass_55_fbf9ee_1x400.png
2015.12.28 13:45 B C:\Users\redkey\Google Drive 2\RESPALDO TEXTRON\timpmp\css\smoothness\images\ui-bg_glass_65_ffffff_1x400.png --> bluewolf.com.mx /timpmp/css/smoothness/images ui-bg_glass_65_ffffff_1x400.png
2015.12.28 13:45 B C:\Users\redkey\Google Drive 2\RESPALDO TEXTRON\timpmp\css\smoothness\images\ui-bg_glass_75_dadada_1x400.png --> bluewolf.com.mx /timpmp/css/smoothness/images ui-bg_glass_75_dadada_1x400.png
2015.12.28 13:45 B C:\Users\redkey\Google Drive 2\RESPALDO TEXTRON\timpmp\css\smoothness\images\ui-bg_glass_75_e6e6e6_1x400.png --> bluewolf.com.mx /timpmp/css/smoothness/images ui-bg_glass_75_e6e6e6_1x400.png
2015.12.28 13:45 B C:\Users\redkey\Google Drive 2\RESPALDO TEXTRON\timpmp\css\smoothness\images\ui-bg_glass_95_fef1ec_1x400.png --> bluewolf.com.mx /timpmp/css/smoothness/images ui-bg_glass_95_fef1ec_1x400.png
2015.12.28 13:45 B C:\Users\redkey\Google Drive 2\RESPALDO TEXTRON\timpmp\css\smoothness\images\ui-bg_highlight-soft_75_cccccc_1x100.png --> bluewolf.com.mx /timpmp/css/smoothness/images ui-bg_highlight-soft_75_cccccc_1x100.png
2015.12.28 13:45 B C:\Users\redkey\Google Drive 2\RESPALDO TEXTRON\timpmp\css\smoothness\images\ui-icons_222222_256x240.png --> bluewolf.com.mx /timpmp/css/smoothness/images ui-icons_222222_256x240.png
2015.12.28 13:45 B C:\Users\redkey\Google Drive 2\RESPALDO TEXTRON\timpmp\css\smoothness\images\ui-icons_2e83ff_256x240.png --> bluewolf.com.mx /timpmp/css/smoothness/images ui-icons_2e83ff_256x240.png
2015.12.28 13:45 B C:\Users\redkey\Google Drive 2\RESPALDO TEXTRON\timpmp\css\smoothness\images\ui-icons_454545_256x240.png --> bluewolf.com.mx /timpmp/css/smoothness/images ui-icons_454545_256x240.png
2015.12.28 13:45 B C:\Users\redkey\Google Drive 2\RESPALDO TEXTRON\timpmp\css\smoothness\images\ui-icons_888888_256x240.png --> bluewolf.com.mx /timpmp/css/smoothness/images ui-icons_888888_256x240.png
2015.12.28 13:45 B C:\Users\redkey\Google Drive 2\RESPALDO TEXTRON\timpmp\css\smoothness\images\ui-icons_cd0a0a_256x240.png --> bluewolf.com.mx /timpmp/css/smoothness/images ui-icons_cd0a0a_256x240.png
