2015.12.28 09:36 B C:\Users\redkey\Google Drive 2\RESPALDO TEXTRON\timpmp\dompdf\include\absolute_positioner.cls.php <-- textron /public_html/dompdf/include absolute_positioner.cls.php
2015.12.28 09:36 B C:\Users\redkey\Google Drive 2\RESPALDO TEXTRON\timpmp\dompdf\include\abstract_renderer.cls.php <-- textron /public_html/dompdf/include abstract_renderer.cls.php
2015.12.28 09:36 B C:\Users\redkey\Google Drive 2\RESPALDO TEXTRON\timpmp\dompdf\include\attribute_translator.cls.php <-- textron /public_html/dompdf/include attribute_translator.cls.php
2015.12.28 09:36 B C:\Users\redkey\Google Drive 2\RESPALDO TEXTRON\timpmp\dompdf\include\autoload.inc.php <-- textron /public_html/dompdf/include autoload.inc.php
2015.12.28 09:36 B C:\Users\redkey\Google Drive 2\RESPALDO TEXTRON\timpmp\dompdf\include\block_frame_decorator.cls.php <-- textron /public_html/dompdf/include block_frame_decorator.cls.php
2015.12.28 09:36 B C:\Users\redkey\Google Drive 2\RESPALDO TEXTRON\timpmp\dompdf\include\block_frame_reflower.cls.php <-- textron /public_html/dompdf/include block_frame_reflower.cls.php
2015.12.28 09:36 B C:\Users\redkey\Google Drive 2\RESPALDO TEXTRON\timpmp\dompdf\include\block_positioner.cls.php <-- textron /public_html/dompdf/include block_positioner.cls.php
2015.12.28 09:36 B C:\Users\redkey\Google Drive 2\RESPALDO TEXTRON\timpmp\dompdf\include\block_renderer.cls.php <-- textron /public_html/dompdf/include block_renderer.cls.php
2015.12.28 09:36 B C:\Users\redkey\Google Drive 2\RESPALDO TEXTRON\timpmp\dompdf\include\cached_pdf_decorator.cls.php <-- textron /public_html/dompdf/include cached_pdf_decorator.cls.php
2015.12.28 09:36 B C:\Users\redkey\Google Drive 2\RESPALDO TEXTRON\timpmp\dompdf\include\canvas.cls.php <-- textron /public_html/dompdf/include canvas.cls.php
2015.12.28 09:36 B C:\Users\redkey\Google Drive 2\RESPALDO TEXTRON\timpmp\dompdf\include\canvas_factory.cls.php <-- textron /public_html/dompdf/include canvas_factory.cls.php
2015.12.28 09:36 B C:\Users\redkey\Google Drive 2\RESPALDO TEXTRON\timpmp\dompdf\include\cellmap.cls.php <-- textron /public_html/dompdf/include cellmap.cls.php
2015.12.28 09:36 B C:\Users\redkey\Google Drive 2\RESPALDO TEXTRON\timpmp\dompdf\include\cpdf_adapter.cls.php <-- textron /public_html/dompdf/include cpdf_adapter.cls.php
2015.12.28 09:36 B C:\Users\redkey\Google Drive 2\RESPALDO TEXTRON\timpmp\dompdf\include\css_color.cls.php <-- textron /public_html/dompdf/include css_color.cls.php
2015.12.28 09:36 B C:\Users\redkey\Google Drive 2\RESPALDO TEXTRON\timpmp\dompdf\include\desktop.ini <-- textron /public_html/dompdf/include desktop.ini
2015.12.28 09:36 B C:\Users\redkey\Google Drive 2\RESPALDO TEXTRON\timpmp\dompdf\include\dompdf.cls.php <-- textron /public_html/dompdf/include dompdf.cls.php
2015.12.28 09:36 B C:\Users\redkey\Google Drive 2\RESPALDO TEXTRON\timpmp\dompdf\include\dompdf_exception.cls.php <-- textron /public_html/dompdf/include dompdf_exception.cls.php
2015.12.28 09:36 B C:\Users\redkey\Google Drive 2\RESPALDO TEXTRON\timpmp\dompdf\include\dompdf_image_exception.cls.php <-- textron /public_html/dompdf/include dompdf_image_exception.cls.php
2015.12.28 09:36 B C:\Users\redkey\Google Drive 2\RESPALDO TEXTRON\timpmp\dompdf\include\file.skel <-- textron /public_html/dompdf/include file.skel
2015.12.28 09:37 B C:\Users\redkey\Google Drive 2\RESPALDO TEXTRON\timpmp\dompdf\include\fixed_positioner.cls.php <-- textron /public_html/dompdf/include fixed_positioner.cls.php
2015.12.28 09:37 B C:\Users\redkey\Google Drive 2\RESPALDO TEXTRON\timpmp\dompdf\include\font_metrics.cls.php <-- textron /public_html/dompdf/include font_metrics.cls.php
2015.12.28 09:37 B C:\Users\redkey\Google Drive 2\RESPALDO TEXTRON\timpmp\dompdf\include\frame.cls.php <-- textron /public_html/dompdf/include frame.cls.php
2015.12.28 09:37 B C:\Users\redkey\Google Drive 2\RESPALDO TEXTRON\timpmp\dompdf\include\frame_decorator.cls.php <-- textron /public_html/dompdf/include frame_decorator.cls.php
2015.12.28 09:37 B C:\Users\redkey\Google Drive 2\RESPALDO TEXTRON\timpmp\dompdf\include\frame_factory.cls.php <-- textron /public_html/dompdf/include frame_factory.cls.php
2015.12.28 09:37 B C:\Users\redkey\Google Drive 2\RESPALDO TEXTRON\timpmp\dompdf\include\frame_reflower.cls.php <-- textron /public_html/dompdf/include frame_reflower.cls.php
2015.12.28 09:37 B C:\Users\redkey\Google Drive 2\RESPALDO TEXTRON\timpmp\dompdf\include\frame_tree.cls.php <-- textron /public_html/dompdf/include frame_tree.cls.php
2015.12.28 09:37 B C:\Users\redkey\Google Drive 2\RESPALDO TEXTRON\timpmp\dompdf\include\functions.inc.php <-- textron /public_html/dompdf/include functions.inc.php
2015.12.28 09:37 B C:\Users\redkey\Google Drive 2\RESPALDO TEXTRON\timpmp\dompdf\include\gd_adapter.cls.php <-- textron /public_html/dompdf/include gd_adapter.cls.php
2015.12.28 09:37 B C:\Users\redkey\Google Drive 2\RESPALDO TEXTRON\timpmp\dompdf\include\image_cache.cls.php <-- textron /public_html/dompdf/include image_cache.cls.php
2015.12.28 09:37 B C:\Users\redkey\Google Drive 2\RESPALDO TEXTRON\timpmp\dompdf\include\image_frame_decorator.cls.php <-- textron /public_html/dompdf/include image_frame_decorator.cls.php
2015.12.28 09:37 B C:\Users\redkey\Google Drive 2\RESPALDO TEXTRON\timpmp\dompdf\include\image_frame_reflower.cls.php <-- textron /public_html/dompdf/include image_frame_reflower.cls.php
2015.12.28 09:37 B C:\Users\redkey\Google Drive 2\RESPALDO TEXTRON\timpmp\dompdf\include\image_renderer.cls.php <-- textron /public_html/dompdf/include image_renderer.cls.php
2015.12.28 09:37 B C:\Users\redkey\Google Drive 2\RESPALDO TEXTRON\timpmp\dompdf\include\inline_frame_decorator.cls.php <-- textron /public_html/dompdf/include inline_frame_decorator.cls.php
2015.12.28 09:37 B C:\Users\redkey\Google Drive 2\RESPALDO TEXTRON\timpmp\dompdf\include\inline_frame_reflower.cls.php <-- textron /public_html/dompdf/include inline_frame_reflower.cls.php
2015.12.28 09:37 B C:\Users\redkey\Google Drive 2\RESPALDO TEXTRON\timpmp\dompdf\include\inline_positioner.cls.php <-- textron /public_html/dompdf/include inline_positioner.cls.php
2015.12.28 09:37 B C:\Users\redkey\Google Drive 2\RESPALDO TEXTRON\timpmp\dompdf\include\inline_renderer.cls.php <-- textron /public_html/dompdf/include inline_renderer.cls.php
2015.12.28 09:37 B C:\Users\redkey\Google Drive 2\RESPALDO TEXTRON\timpmp\dompdf\include\javascript_embedder.cls.php <-- textron /public_html/dompdf/include javascript_embedder.cls.php
2015.12.28 09:37 B C:\Users\redkey\Google Drive 2\RESPALDO TEXTRON\timpmp\dompdf\include\line_box.cls.php <-- textron /public_html/dompdf/include line_box.cls.php
2015.12.28 09:37 B C:\Users\redkey\Google Drive 2\RESPALDO TEXTRON\timpmp\dompdf\include\list_bullet_frame_decorator.cls.php <-- textron /public_html/dompdf/include list_bullet_frame_decorator.cls.php
2015.12.28 09:37 B C:\Users\redkey\Google Drive 2\RESPALDO TEXTRON\timpmp\dompdf\include\list_bullet_frame_reflower.cls.php <-- textron /public_html/dompdf/include list_bullet_frame_reflower.cls.php
2015.12.28 09:37 B C:\Users\redkey\Google Drive 2\RESPALDO TEXTRON\timpmp\dompdf\include\list_bullet_image_frame_decorator.cls.php <-- textron /public_html/dompdf/include list_bullet_image_frame_decorator.cls.php
2015.12.28 09:37 B C:\Users\redkey\Google Drive 2\RESPALDO TEXTRON\timpmp\dompdf\include\list_bullet_positioner.cls.php <-- textron /public_html/dompdf/include list_bullet_positioner.cls.php
2015.12.28 09:37 B C:\Users\redkey\Google Drive 2\RESPALDO TEXTRON\timpmp\dompdf\include\list_bullet_renderer.cls.php <-- textron /public_html/dompdf/include list_bullet_renderer.cls.php
2015.12.28 09:37 B C:\Users\redkey\Google Drive 2\RESPALDO TEXTRON\timpmp\dompdf\include\null_frame_decorator.cls.php <-- textron /public_html/dompdf/include null_frame_decorator.cls.php
2015.12.28 09:37 B C:\Users\redkey\Google Drive 2\RESPALDO TEXTRON\timpmp\dompdf\include\null_frame_reflower.cls.php <-- textron /public_html/dompdf/include null_frame_reflower.cls.php
2015.12.28 09:37 B C:\Users\redkey\Google Drive 2\RESPALDO TEXTRON\timpmp\dompdf\include\null_positioner.cls.php <-- textron /public_html/dompdf/include null_positioner.cls.php
2015.12.28 09:37 B C:\Users\redkey\Google Drive 2\RESPALDO TEXTRON\timpmp\dompdf\include\page_cache.cls.php <-- textron /public_html/dompdf/include page_cache.cls.php
2015.12.28 09:37 B C:\Users\redkey\Google Drive 2\RESPALDO TEXTRON\timpmp\dompdf\include\page_frame_decorator.cls.php <-- textron /public_html/dompdf/include page_frame_decorator.cls.php
2015.12.28 09:37 B C:\Users\redkey\Google Drive 2\RESPALDO TEXTRON\timpmp\dompdf\include\page_frame_reflower.cls.php <-- textron /public_html/dompdf/include page_frame_reflower.cls.php
2015.12.28 09:37 B C:\Users\redkey\Google Drive 2\RESPALDO TEXTRON\timpmp\dompdf\include\pdflib_adapter.cls.php <-- textron /public_html/dompdf/include pdflib_adapter.cls.php
2015.12.28 09:37 B C:\Users\redkey\Google Drive 2\RESPALDO TEXTRON\timpmp\dompdf\include\php_evaluator.cls.php <-- textron /public_html/dompdf/include php_evaluator.cls.php
2015.12.28 09:37 B C:\Users\redkey\Google Drive 2\RESPALDO TEXTRON\timpmp\dompdf\include\positioner.cls.php <-- textron /public_html/dompdf/include positioner.cls.php
2015.12.28 09:37 B C:\Users\redkey\Google Drive 2\RESPALDO TEXTRON\timpmp\dompdf\include\renderer.cls.php <-- textron /public_html/dompdf/include renderer.cls.php
2015.12.28 09:37 B C:\Users\redkey\Google Drive 2\RESPALDO TEXTRON\timpmp\dompdf\include\style.cls.php <-- textron /public_html/dompdf/include style.cls.php
2015.12.28 09:37 B C:\Users\redkey\Google Drive 2\RESPALDO TEXTRON\timpmp\dompdf\include\stylesheet.cls.php <-- textron /public_html/dompdf/include stylesheet.cls.php
2015.12.28 09:37 B C:\Users\redkey\Google Drive 2\RESPALDO TEXTRON\timpmp\dompdf\include\table_cell_frame_decorator.cls.php <-- textron /public_html/dompdf/include table_cell_frame_decorator.cls.php
2015.12.28 09:37 B C:\Users\redkey\Google Drive 2\RESPALDO TEXTRON\timpmp\dompdf\include\table_cell_frame_reflower.cls.php <-- textron /public_html/dompdf/include table_cell_frame_reflower.cls.php
2015.12.28 09:37 B C:\Users\redkey\Google Drive 2\RESPALDO TEXTRON\timpmp\dompdf\include\table_cell_positioner.cls.php <-- textron /public_html/dompdf/include table_cell_positioner.cls.php
2015.12.28 09:37 B C:\Users\redkey\Google Drive 2\RESPALDO TEXTRON\timpmp\dompdf\include\table_cell_renderer.cls.php <-- textron /public_html/dompdf/include table_cell_renderer.cls.php
2015.12.28 09:37 B C:\Users\redkey\Google Drive 2\RESPALDO TEXTRON\timpmp\dompdf\include\table_frame_decorator.cls.php <-- textron /public_html/dompdf/include table_frame_decorator.cls.php
2015.12.28 09:37 B C:\Users\redkey\Google Drive 2\RESPALDO TEXTRON\timpmp\dompdf\include\table_frame_reflower.cls.php <-- textron /public_html/dompdf/include table_frame_reflower.cls.php
2015.12.28 09:37 B C:\Users\redkey\Google Drive 2\RESPALDO TEXTRON\timpmp\dompdf\include\table_row_frame_decorator.cls.php <-- textron /public_html/dompdf/include table_row_frame_decorator.cls.php
2015.12.28 09:37 B C:\Users\redkey\Google Drive 2\RESPALDO TEXTRON\timpmp\dompdf\include\table_row_frame_reflower.cls.php <-- textron /public_html/dompdf/include table_row_frame_reflower.cls.php
2015.12.28 09:37 B C:\Users\redkey\Google Drive 2\RESPALDO TEXTRON\timpmp\dompdf\include\table_row_group_frame_decorator.cls.php <-- textron /public_html/dompdf/include table_row_group_frame_decorator.cls.php
2015.12.28 09:37 B C:\Users\redkey\Google Drive 2\RESPALDO TEXTRON\timpmp\dompdf\include\table_row_group_frame_reflower.cls.php <-- textron /public_html/dompdf/include table_row_group_frame_reflower.cls.php
2015.12.28 09:37 B C:\Users\redkey\Google Drive 2\RESPALDO TEXTRON\timpmp\dompdf\include\table_row_group_renderer.cls.php <-- textron /public_html/dompdf/include table_row_group_renderer.cls.php
2015.12.28 09:37 B C:\Users\redkey\Google Drive 2\RESPALDO TEXTRON\timpmp\dompdf\include\table_row_positioner.cls.php <-- textron /public_html/dompdf/include table_row_positioner.cls.php
2015.12.28 09:37 B C:\Users\redkey\Google Drive 2\RESPALDO TEXTRON\timpmp\dompdf\include\tcpdf_adapter.cls.php <-- textron /public_html/dompdf/include tcpdf_adapter.cls.php
2015.12.28 09:37 B C:\Users\redkey\Google Drive 2\RESPALDO TEXTRON\timpmp\dompdf\include\text_frame_decorator.cls.php <-- textron /public_html/dompdf/include text_frame_decorator.cls.php
2015.12.28 09:37 B C:\Users\redkey\Google Drive 2\RESPALDO TEXTRON\timpmp\dompdf\include\text_frame_reflower.cls.php <-- textron /public_html/dompdf/include text_frame_reflower.cls.php
2015.12.28 09:37 B C:\Users\redkey\Google Drive 2\RESPALDO TEXTRON\timpmp\dompdf\include\text_renderer.cls.php <-- textron /public_html/dompdf/include text_renderer.cls.php
2015.12.28 13:46 B C:\Users\redkey\Google Drive 2\RESPALDO TEXTRON\timpmp\dompdf\include\absolute_positioner.cls.php --> bluewolf.com.mx /timpmp/dompdf/include absolute_positioner.cls.php
2015.12.28 13:46 B C:\Users\redkey\Google Drive 2\RESPALDO TEXTRON\timpmp\dompdf\include\abstract_renderer.cls.php --> bluewolf.com.mx /timpmp/dompdf/include abstract_renderer.cls.php
2015.12.28 13:46 B C:\Users\redkey\Google Drive 2\RESPALDO TEXTRON\timpmp\dompdf\include\attribute_translator.cls.php --> bluewolf.com.mx /timpmp/dompdf/include attribute_translator.cls.php
2015.12.28 13:46 B C:\Users\redkey\Google Drive 2\RESPALDO TEXTRON\timpmp\dompdf\include\autoload.inc.php --> bluewolf.com.mx /timpmp/dompdf/include autoload.inc.php
2015.12.28 13:46 B C:\Users\redkey\Google Drive 2\RESPALDO TEXTRON\timpmp\dompdf\include\block_frame_decorator.cls.php --> bluewolf.com.mx /timpmp/dompdf/include block_frame_decorator.cls.php
2015.12.28 13:46 B C:\Users\redkey\Google Drive 2\RESPALDO TEXTRON\timpmp\dompdf\include\block_frame_reflower.cls.php --> bluewolf.com.mx /timpmp/dompdf/include block_frame_reflower.cls.php
2015.12.28 13:46 B C:\Users\redkey\Google Drive 2\RESPALDO TEXTRON\timpmp\dompdf\include\block_positioner.cls.php --> bluewolf.com.mx /timpmp/dompdf/include block_positioner.cls.php
2015.12.28 13:46 B C:\Users\redkey\Google Drive 2\RESPALDO TEXTRON\timpmp\dompdf\include\block_renderer.cls.php --> bluewolf.com.mx /timpmp/dompdf/include block_renderer.cls.php
2015.12.28 13:46 B C:\Users\redkey\Google Drive 2\RESPALDO TEXTRON\timpmp\dompdf\include\cached_pdf_decorator.cls.php --> bluewolf.com.mx /timpmp/dompdf/include cached_pdf_decorator.cls.php
2015.12.28 13:46 B C:\Users\redkey\Google Drive 2\RESPALDO TEXTRON\timpmp\dompdf\include\canvas.cls.php --> bluewolf.com.mx /timpmp/dompdf/include canvas.cls.php
2015.12.28 13:46 B C:\Users\redkey\Google Drive 2\RESPALDO TEXTRON\timpmp\dompdf\include\canvas_factory.cls.php --> bluewolf.com.mx /timpmp/dompdf/include canvas_factory.cls.php
2015.12.28 13:46 B C:\Users\redkey\Google Drive 2\RESPALDO TEXTRON\timpmp\dompdf\include\cellmap.cls.php --> bluewolf.com.mx /timpmp/dompdf/include cellmap.cls.php
2015.12.28 13:46 B C:\Users\redkey\Google Drive 2\RESPALDO TEXTRON\timpmp\dompdf\include\cpdf_adapter.cls.php --> bluewolf.com.mx /timpmp/dompdf/include cpdf_adapter.cls.php
2015.12.28 13:46 B C:\Users\redkey\Google Drive 2\RESPALDO TEXTRON\timpmp\dompdf\include\css_color.cls.php --> bluewolf.com.mx /timpmp/dompdf/include css_color.cls.php
2015.12.28 13:46 B C:\Users\redkey\Google Drive 2\RESPALDO TEXTRON\timpmp\dompdf\include\dompdf.cls.php --> bluewolf.com.mx /timpmp/dompdf/include dompdf.cls.php
2015.12.28 13:46 B C:\Users\redkey\Google Drive 2\RESPALDO TEXTRON\timpmp\dompdf\include\dompdf_exception.cls.php --> bluewolf.com.mx /timpmp/dompdf/include dompdf_exception.cls.php
2015.12.28 13:46 B C:\Users\redkey\Google Drive 2\RESPALDO TEXTRON\timpmp\dompdf\include\dompdf_image_exception.cls.php --> bluewolf.com.mx /timpmp/dompdf/include dompdf_image_exception.cls.php
2015.12.28 13:46 B C:\Users\redkey\Google Drive 2\RESPALDO TEXTRON\timpmp\dompdf\include\file.skel --> bluewolf.com.mx /timpmp/dompdf/include file.skel
2015.12.28 13:46 B C:\Users\redkey\Google Drive 2\RESPALDO TEXTRON\timpmp\dompdf\include\fixed_positioner.cls.php --> bluewolf.com.mx /timpmp/dompdf/include fixed_positioner.cls.php
2015.12.28 13:46 B C:\Users\redkey\Google Drive 2\RESPALDO TEXTRON\timpmp\dompdf\include\font_metrics.cls.php --> bluewolf.com.mx /timpmp/dompdf/include font_metrics.cls.php
2015.12.28 13:46 B C:\Users\redkey\Google Drive 2\RESPALDO TEXTRON\timpmp\dompdf\include\frame.cls.php --> bluewolf.com.mx /timpmp/dompdf/include frame.cls.php
2015.12.28 13:46 B C:\Users\redkey\Google Drive 2\RESPALDO TEXTRON\timpmp\dompdf\include\frame_decorator.cls.php --> bluewolf.com.mx /timpmp/dompdf/include frame_decorator.cls.php
2015.12.28 13:46 B C:\Users\redkey\Google Drive 2\RESPALDO TEXTRON\timpmp\dompdf\include\frame_factory.cls.php --> bluewolf.com.mx /timpmp/dompdf/include frame_factory.cls.php
2015.12.28 13:46 B C:\Users\redkey\Google Drive 2\RESPALDO TEXTRON\timpmp\dompdf\include\frame_reflower.cls.php --> bluewolf.com.mx /timpmp/dompdf/include frame_reflower.cls.php
2015.12.28 13:46 B C:\Users\redkey\Google Drive 2\RESPALDO TEXTRON\timpmp\dompdf\include\frame_tree.cls.php --> bluewolf.com.mx /timpmp/dompdf/include frame_tree.cls.php
2015.12.28 13:46 B C:\Users\redkey\Google Drive 2\RESPALDO TEXTRON\timpmp\dompdf\include\functions.inc.php --> bluewolf.com.mx /timpmp/dompdf/include functions.inc.php
2015.12.28 13:46 B C:\Users\redkey\Google Drive 2\RESPALDO TEXTRON\timpmp\dompdf\include\gd_adapter.cls.php --> bluewolf.com.mx /timpmp/dompdf/include gd_adapter.cls.php
2015.12.28 13:46 B C:\Users\redkey\Google Drive 2\RESPALDO TEXTRON\timpmp\dompdf\include\image_cache.cls.php --> bluewolf.com.mx /timpmp/dompdf/include image_cache.cls.php
2015.12.28 13:46 B C:\Users\redkey\Google Drive 2\RESPALDO TEXTRON\timpmp\dompdf\include\image_frame_decorator.cls.php --> bluewolf.com.mx /timpmp/dompdf/include image_frame_decorator.cls.php
2015.12.28 13:46 B C:\Users\redkey\Google Drive 2\RESPALDO TEXTRON\timpmp\dompdf\include\image_frame_reflower.cls.php --> bluewolf.com.mx /timpmp/dompdf/include image_frame_reflower.cls.php
2015.12.28 13:46 B C:\Users\redkey\Google Drive 2\RESPALDO TEXTRON\timpmp\dompdf\include\image_renderer.cls.php --> bluewolf.com.mx /timpmp/dompdf/include image_renderer.cls.php
2015.12.28 13:46 B C:\Users\redkey\Google Drive 2\RESPALDO TEXTRON\timpmp\dompdf\include\inline_frame_decorator.cls.php --> bluewolf.com.mx /timpmp/dompdf/include inline_frame_decorator.cls.php
2015.12.28 13:46 B C:\Users\redkey\Google Drive 2\RESPALDO TEXTRON\timpmp\dompdf\include\inline_frame_reflower.cls.php --> bluewolf.com.mx /timpmp/dompdf/include inline_frame_reflower.cls.php
2015.12.28 13:46 B C:\Users\redkey\Google Drive 2\RESPALDO TEXTRON\timpmp\dompdf\include\inline_positioner.cls.php --> bluewolf.com.mx /timpmp/dompdf/include inline_positioner.cls.php
2015.12.28 13:46 B C:\Users\redkey\Google Drive 2\RESPALDO TEXTRON\timpmp\dompdf\include\inline_renderer.cls.php --> bluewolf.com.mx /timpmp/dompdf/include inline_renderer.cls.php
2015.12.28 13:46 B C:\Users\redkey\Google Drive 2\RESPALDO TEXTRON\timpmp\dompdf\include\javascript_embedder.cls.php --> bluewolf.com.mx /timpmp/dompdf/include javascript_embedder.cls.php
2015.12.28 13:46 B C:\Users\redkey\Google Drive 2\RESPALDO TEXTRON\timpmp\dompdf\include\line_box.cls.php --> bluewolf.com.mx /timpmp/dompdf/include line_box.cls.php
2015.12.28 13:46 B C:\Users\redkey\Google Drive 2\RESPALDO TEXTRON\timpmp\dompdf\include\list_bullet_frame_decorator.cls.php --> bluewolf.com.mx /timpmp/dompdf/include list_bullet_frame_decorator.cls.php
2015.12.28 13:46 B C:\Users\redkey\Google Drive 2\RESPALDO TEXTRON\timpmp\dompdf\include\list_bullet_frame_reflower.cls.php --> bluewolf.com.mx /timpmp/dompdf/include list_bullet_frame_reflower.cls.php
2015.12.28 13:46 B C:\Users\redkey\Google Drive 2\RESPALDO TEXTRON\timpmp\dompdf\include\list_bullet_image_frame_decorator.cls.php --> bluewolf.com.mx /timpmp/dompdf/include list_bullet_image_frame_decorator.cls.php
2015.12.28 13:46 B C:\Users\redkey\Google Drive 2\RESPALDO TEXTRON\timpmp\dompdf\include\list_bullet_positioner.cls.php --> bluewolf.com.mx /timpmp/dompdf/include list_bullet_positioner.cls.php
2015.12.28 13:46 B C:\Users\redkey\Google Drive 2\RESPALDO TEXTRON\timpmp\dompdf\include\list_bullet_renderer.cls.php --> bluewolf.com.mx /timpmp/dompdf/include list_bullet_renderer.cls.php
2015.12.28 13:46 B C:\Users\redkey\Google Drive 2\RESPALDO TEXTRON\timpmp\dompdf\include\null_frame_decorator.cls.php --> bluewolf.com.mx /timpmp/dompdf/include null_frame_decorator.cls.php
2015.12.28 13:46 B C:\Users\redkey\Google Drive 2\RESPALDO TEXTRON\timpmp\dompdf\include\null_frame_reflower.cls.php --> bluewolf.com.mx /timpmp/dompdf/include null_frame_reflower.cls.php
2015.12.28 13:46 B C:\Users\redkey\Google Drive 2\RESPALDO TEXTRON\timpmp\dompdf\include\null_positioner.cls.php --> bluewolf.com.mx /timpmp/dompdf/include null_positioner.cls.php
2015.12.28 13:46 B C:\Users\redkey\Google Drive 2\RESPALDO TEXTRON\timpmp\dompdf\include\page_cache.cls.php --> bluewolf.com.mx /timpmp/dompdf/include page_cache.cls.php
2015.12.28 13:46 B C:\Users\redkey\Google Drive 2\RESPALDO TEXTRON\timpmp\dompdf\include\page_frame_decorator.cls.php --> bluewolf.com.mx /timpmp/dompdf/include page_frame_decorator.cls.php
2015.12.28 13:46 B C:\Users\redkey\Google Drive 2\RESPALDO TEXTRON\timpmp\dompdf\include\page_frame_reflower.cls.php --> bluewolf.com.mx /timpmp/dompdf/include page_frame_reflower.cls.php
2015.12.28 13:46 B C:\Users\redkey\Google Drive 2\RESPALDO TEXTRON\timpmp\dompdf\include\pdflib_adapter.cls.php --> bluewolf.com.mx /timpmp/dompdf/include pdflib_adapter.cls.php
2015.12.28 13:46 B C:\Users\redkey\Google Drive 2\RESPALDO TEXTRON\timpmp\dompdf\include\php_evaluator.cls.php --> bluewolf.com.mx /timpmp/dompdf/include php_evaluator.cls.php
2015.12.28 13:46 B C:\Users\redkey\Google Drive 2\RESPALDO TEXTRON\timpmp\dompdf\include\positioner.cls.php --> bluewolf.com.mx /timpmp/dompdf/include positioner.cls.php
2015.12.28 13:46 B C:\Users\redkey\Google Drive 2\RESPALDO TEXTRON\timpmp\dompdf\include\renderer.cls.php --> bluewolf.com.mx /timpmp/dompdf/include renderer.cls.php
2015.12.28 13:46 B C:\Users\redkey\Google Drive 2\RESPALDO TEXTRON\timpmp\dompdf\include\style.cls.php --> bluewolf.com.mx /timpmp/dompdf/include style.cls.php
2015.12.28 13:46 B C:\Users\redkey\Google Drive 2\RESPALDO TEXTRON\timpmp\dompdf\include\stylesheet.cls.php --> bluewolf.com.mx /timpmp/dompdf/include stylesheet.cls.php
2015.12.28 13:46 B C:\Users\redkey\Google Drive 2\RESPALDO TEXTRON\timpmp\dompdf\include\table_cell_frame_decorator.cls.php --> bluewolf.com.mx /timpmp/dompdf/include table_cell_frame_decorator.cls.php
2015.12.28 13:46 B C:\Users\redkey\Google Drive 2\RESPALDO TEXTRON\timpmp\dompdf\include\table_cell_frame_reflower.cls.php --> bluewolf.com.mx /timpmp/dompdf/include table_cell_frame_reflower.cls.php
2015.12.28 13:46 B C:\Users\redkey\Google Drive 2\RESPALDO TEXTRON\timpmp\dompdf\include\table_cell_positioner.cls.php --> bluewolf.com.mx /timpmp/dompdf/include table_cell_positioner.cls.php
2015.12.28 13:46 B C:\Users\redkey\Google Drive 2\RESPALDO TEXTRON\timpmp\dompdf\include\table_cell_renderer.cls.php --> bluewolf.com.mx /timpmp/dompdf/include table_cell_renderer.cls.php
2015.12.28 13:46 B C:\Users\redkey\Google Drive 2\RESPALDO TEXTRON\timpmp\dompdf\include\table_frame_decorator.cls.php --> bluewolf.com.mx /timpmp/dompdf/include table_frame_decorator.cls.php
2015.12.28 13:47 B C:\Users\redkey\Google Drive 2\RESPALDO TEXTRON\timpmp\dompdf\include\table_frame_reflower.cls.php --> bluewolf.com.mx /timpmp/dompdf/include table_frame_reflower.cls.php
2015.12.28 13:47 B C:\Users\redkey\Google Drive 2\RESPALDO TEXTRON\timpmp\dompdf\include\table_row_frame_decorator.cls.php --> bluewolf.com.mx /timpmp/dompdf/include table_row_frame_decorator.cls.php
2015.12.28 13:47 B C:\Users\redkey\Google Drive 2\RESPALDO TEXTRON\timpmp\dompdf\include\table_row_frame_reflower.cls.php --> bluewolf.com.mx /timpmp/dompdf/include table_row_frame_reflower.cls.php
2015.12.28 13:47 B C:\Users\redkey\Google Drive 2\RESPALDO TEXTRON\timpmp\dompdf\include\table_row_group_frame_decorator.cls.php --> bluewolf.com.mx /timpmp/dompdf/include table_row_group_frame_decorator.cls.php
2015.12.28 13:47 B C:\Users\redkey\Google Drive 2\RESPALDO TEXTRON\timpmp\dompdf\include\table_row_group_frame_reflower.cls.php --> bluewolf.com.mx /timpmp/dompdf/include table_row_group_frame_reflower.cls.php
2015.12.28 13:47 B C:\Users\redkey\Google Drive 2\RESPALDO TEXTRON\timpmp\dompdf\include\table_row_group_renderer.cls.php --> bluewolf.com.mx /timpmp/dompdf/include table_row_group_renderer.cls.php
2015.12.28 13:47 B C:\Users\redkey\Google Drive 2\RESPALDO TEXTRON\timpmp\dompdf\include\table_row_positioner.cls.php --> bluewolf.com.mx /timpmp/dompdf/include table_row_positioner.cls.php
2015.12.28 13:47 B C:\Users\redkey\Google Drive 2\RESPALDO TEXTRON\timpmp\dompdf\include\tcpdf_adapter.cls.php --> bluewolf.com.mx /timpmp/dompdf/include tcpdf_adapter.cls.php
2015.12.28 13:47 B C:\Users\redkey\Google Drive 2\RESPALDO TEXTRON\timpmp\dompdf\include\text_frame_decorator.cls.php --> bluewolf.com.mx /timpmp/dompdf/include text_frame_decorator.cls.php
2015.12.28 13:47 B C:\Users\redkey\Google Drive 2\RESPALDO TEXTRON\timpmp\dompdf\include\text_frame_reflower.cls.php --> bluewolf.com.mx /timpmp/dompdf/include text_frame_reflower.cls.php
2015.12.28 13:47 B C:\Users\redkey\Google Drive 2\RESPALDO TEXTRON\timpmp\dompdf\include\text_renderer.cls.php --> bluewolf.com.mx /timpmp/dompdf/include text_renderer.cls.php
