2015.03.25 10:36 B C:\Users\redkey\Google Drive 2\textron\timpmp_produccion\dompdf\lib\fonts\desktop.ini --> tim-pmp.com /public_html/dompdf/lib/fonts desktop.ini
2015.03.25 10:36 B C:\Users\redkey\Google Drive 2\textron\timpmp_produccion\dompdf\lib\fonts\ZapfDingbats.afm --> tim-pmp.com /public_html/dompdf/lib/fonts ZapfDingbats.afm
2015.03.25 10:36 B C:\Users\redkey\Google Drive 2\textron\timpmp_produccion\dompdf\lib\fonts\Times-Roman.afm.php --> tim-pmp.com /public_html/dompdf/lib/fonts Times-Roman.afm.php
2015.03.25 10:36 B C:\Users\redkey\Google Drive 2\textron\timpmp_produccion\dompdf\lib\fonts\Times-Roman.afm --> tim-pmp.com /public_html/dompdf/lib/fonts Times-Roman.afm
2015.03.25 10:36 B C:\Users\redkey\Google Drive 2\textron\timpmp_produccion\dompdf\lib\fonts\Times-Italic.afm.php --> tim-pmp.com /public_html/dompdf/lib/fonts Times-Italic.afm.php
2015.03.25 10:36 B C:\Users\redkey\Google Drive 2\textron\timpmp_produccion\dompdf\lib\fonts\Times-Italic.afm --> tim-pmp.com /public_html/dompdf/lib/fonts Times-Italic.afm
2015.03.25 10:36 B C:\Users\redkey\Google Drive 2\textron\timpmp_produccion\dompdf\lib\fonts\Times-BoldItalic.afm.php --> tim-pmp.com /public_html/dompdf/lib/fonts Times-BoldItalic.afm.php
2015.03.25 10:36 B C:\Users\redkey\Google Drive 2\textron\timpmp_produccion\dompdf\lib\fonts\Times-BoldItalic.afm --> tim-pmp.com /public_html/dompdf/lib/fonts Times-BoldItalic.afm
2015.03.25 10:36 B C:\Users\redkey\Google Drive 2\textron\timpmp_produccion\dompdf\lib\fonts\Times-Bold.afm.php --> tim-pmp.com /public_html/dompdf/lib/fonts Times-Bold.afm.php
2015.03.25 10:36 B C:\Users\redkey\Google Drive 2\textron\timpmp_produccion\dompdf\lib\fonts\Times-Bold.afm --> tim-pmp.com /public_html/dompdf/lib/fonts Times-Bold.afm
2015.03.25 10:36 B C:\Users\redkey\Google Drive 2\textron\timpmp_produccion\dompdf\lib\fonts\Symbol.afm --> tim-pmp.com /public_html/dompdf/lib/fonts Symbol.afm
2015.03.25 10:36 B C:\Users\redkey\Google Drive 2\textron\timpmp_produccion\dompdf\lib\fonts\mustRead.html --> tim-pmp.com /public_html/dompdf/lib/fonts mustRead.html
2015.03.25 10:36 B C:\Users\redkey\Google Drive 2\textron\timpmp_produccion\dompdf\lib\fonts\log.htm --> tim-pmp.com /public_html/dompdf/lib/fonts log.htm
2015.03.25 10:36 B C:\Users\redkey\Google Drive 2\textron\timpmp_produccion\dompdf\lib\fonts\Helvetica.afm.php --> tim-pmp.com /public_html/dompdf/lib/fonts Helvetica.afm.php
2015.03.25 10:36 B C:\Users\redkey\Google Drive 2\textron\timpmp_produccion\dompdf\lib\fonts\Helvetica.afm --> tim-pmp.com /public_html/dompdf/lib/fonts Helvetica.afm
2015.03.25 10:36 B C:\Users\redkey\Google Drive 2\textron\timpmp_produccion\dompdf\lib\fonts\Helvetica-Oblique.afm.php --> tim-pmp.com /public_html/dompdf/lib/fonts Helvetica-Oblique.afm.php
2015.03.25 10:36 B C:\Users\redkey\Google Drive 2\textron\timpmp_produccion\dompdf\lib\fonts\Helvetica-Oblique.afm --> tim-pmp.com /public_html/dompdf/lib/fonts Helvetica-Oblique.afm
2015.03.25 10:36 B C:\Users\redkey\Google Drive 2\textron\timpmp_produccion\dompdf\lib\fonts\Helvetica-BoldOblique.afm.php --> tim-pmp.com /public_html/dompdf/lib/fonts Helvetica-BoldOblique.afm.php
2015.03.25 10:36 B C:\Users\redkey\Google Drive 2\textron\timpmp_produccion\dompdf\lib\fonts\Helvetica-BoldOblique.afm --> tim-pmp.com /public_html/dompdf/lib/fonts Helvetica-BoldOblique.afm
2015.03.25 10:36 B C:\Users\redkey\Google Drive 2\textron\timpmp_produccion\dompdf\lib\fonts\Helvetica-Bold.afm.php --> tim-pmp.com /public_html/dompdf/lib/fonts Helvetica-Bold.afm.php
2015.03.25 10:36 B C:\Users\redkey\Google Drive 2\textron\timpmp_produccion\dompdf\lib\fonts\Helvetica-Bold.afm --> tim-pmp.com /public_html/dompdf/lib/fonts Helvetica-Bold.afm
2015.03.25 10:36 B C:\Users\redkey\Google Drive 2\textron\timpmp_produccion\dompdf\lib\fonts\dompdf_font_family_cache.dist.php --> tim-pmp.com /public_html/dompdf/lib/fonts dompdf_font_family_cache.dist.php
2015.03.25 10:36 B C:\Users\redkey\Google Drive 2\textron\timpmp_produccion\dompdf\lib\fonts\DejaVuSerifCondensed.ufm --> tim-pmp.com /public_html/dompdf/lib/fonts DejaVuSerifCondensed.ufm
2015.03.25 10:36 B C:\Users\redkey\Google Drive 2\textron\timpmp_produccion\dompdf\lib\fonts\DejaVuSerifCondensed.ttf --> tim-pmp.com /public_html/dompdf/lib/fonts DejaVuSerifCondensed.ttf
2015.03.25 10:36 B C:\Users\redkey\Google Drive 2\textron\timpmp_produccion\dompdf\lib\fonts\DejaVuSerifCondensed-Italic.ufm --> tim-pmp.com /public_html/dompdf/lib/fonts DejaVuSerifCondensed-Italic.ufm
2015.03.25 10:36 B C:\Users\redkey\Google Drive 2\textron\timpmp_produccion\dompdf\lib\fonts\DejaVuSerifCondensed-Italic.ttf --> tim-pmp.com /public_html/dompdf/lib/fonts DejaVuSerifCondensed-Italic.ttf
2015.03.25 10:36 B C:\Users\redkey\Google Drive 2\textron\timpmp_produccion\dompdf\lib\fonts\DejaVuSerifCondensed-BoldItalic.ufm --> tim-pmp.com /public_html/dompdf/lib/fonts DejaVuSerifCondensed-BoldItalic.ufm
2015.03.25 10:36 B C:\Users\redkey\Google Drive 2\textron\timpmp_produccion\dompdf\lib\fonts\DejaVuSerifCondensed-BoldItalic.ttf --> tim-pmp.com /public_html/dompdf/lib/fonts DejaVuSerifCondensed-BoldItalic.ttf
2015.03.25 10:36 B C:\Users\redkey\Google Drive 2\textron\timpmp_produccion\dompdf\lib\fonts\DejaVuSerifCondensed-Bold.ufm --> tim-pmp.com /public_html/dompdf/lib/fonts DejaVuSerifCondensed-Bold.ufm
2015.03.25 10:36 B C:\Users\redkey\Google Drive 2\textron\timpmp_produccion\dompdf\lib\fonts\DejaVuSerifCondensed-Bold.ttf --> tim-pmp.com /public_html/dompdf/lib/fonts DejaVuSerifCondensed-Bold.ttf
2015.03.25 10:36 B C:\Users\redkey\Google Drive 2\textron\timpmp_produccion\dompdf\lib\fonts\DejaVuSerif.ufm --> tim-pmp.com /public_html/dompdf/lib/fonts DejaVuSerif.ufm
2015.03.25 10:36 B C:\Users\redkey\Google Drive 2\textron\timpmp_produccion\dompdf\lib\fonts\DejaVuSerif.ttf --> tim-pmp.com /public_html/dompdf/lib/fonts DejaVuSerif.ttf
2015.03.25 10:38 B C:\Users\redkey\Google Drive 2\textron\timpmp_produccion\dompdf\lib\fonts\DejaVuSerif-Italic.ufm --> tim-pmp.com /public_html/dompdf/lib/fonts DejaVuSerif-Italic.ufm
2015.03.25 10:39 B C:\Users\redkey\Google Drive 2\textron\timpmp_produccion\dompdf\lib\fonts\Courier-Bold.afm --> tim-pmp.com /public_html/dompdf/lib/fonts Courier-Bold.afm
2015.03.25 10:39 B C:\Users\redkey\Google Drive 2\textron\timpmp_produccion\dompdf\lib\fonts\Courier-BoldOblique.afm --> tim-pmp.com /public_html/dompdf/lib/fonts Courier-BoldOblique.afm
2015.03.25 10:39 B C:\Users\redkey\Google Drive 2\textron\timpmp_produccion\dompdf\lib\fonts\Courier-Oblique.afm --> tim-pmp.com /public_html/dompdf/lib/fonts Courier-Oblique.afm
2015.03.25 10:39 B C:\Users\redkey\Google Drive 2\textron\timpmp_produccion\dompdf\lib\fonts\Courier.afm --> tim-pmp.com /public_html/dompdf/lib/fonts Courier.afm
2015.03.25 10:39 B C:\Users\redkey\Google Drive 2\textron\timpmp_produccion\dompdf\lib\fonts\DejaVuSans-Bold.ttf --> tim-pmp.com /public_html/dompdf/lib/fonts DejaVuSans-Bold.ttf
2015.03.25 10:39 B C:\Users\redkey\Google Drive 2\textron\timpmp_produccion\dompdf\lib\fonts\DejaVuSans-Bold.ufm --> tim-pmp.com /public_html/dompdf/lib/fonts DejaVuSans-Bold.ufm
2015.03.25 10:40 B C:\Users\redkey\Google Drive 2\textron\timpmp_produccion\dompdf\lib\fonts\DejaVuSans-BoldOblique.ttf --> tim-pmp.com /public_html/dompdf/lib/fonts DejaVuSans-BoldOblique.ttf
2015.03.25 10:40 B C:\Users\redkey\Google Drive 2\textron\timpmp_produccion\dompdf\lib\fonts\DejaVuSans-BoldOblique.ufm --> tim-pmp.com /public_html/dompdf/lib/fonts DejaVuSans-BoldOblique.ufm
2015.03.25 10:40 B C:\Users\redkey\Google Drive 2\textron\timpmp_produccion\dompdf\lib\fonts\DejaVuSans-ExtraLight.ttf --> tim-pmp.com /public_html/dompdf/lib/fonts DejaVuSans-ExtraLight.ttf
2015.03.25 10:40 B C:\Users\redkey\Google Drive 2\textron\timpmp_produccion\dompdf\lib\fonts\DejaVuSans-ExtraLight.ufm --> tim-pmp.com /public_html/dompdf/lib/fonts DejaVuSans-ExtraLight.ufm
2015.03.25 10:40 B C:\Users\redkey\Google Drive 2\textron\timpmp_produccion\dompdf\lib\fonts\DejaVuSans-Oblique.ttf --> tim-pmp.com /public_html/dompdf/lib/fonts DejaVuSans-Oblique.ttf
2015.03.25 10:40 B C:\Users\redkey\Google Drive 2\textron\timpmp_produccion\dompdf\lib\fonts\DejaVuSans-Oblique.ufm --> tim-pmp.com /public_html/dompdf/lib/fonts DejaVuSans-Oblique.ufm
2015.03.25 10:40 B C:\Users\redkey\Google Drive 2\textron\timpmp_produccion\dompdf\lib\fonts\DejaVuSans.ttf --> tim-pmp.com /public_html/dompdf/lib/fonts DejaVuSans.ttf
2015.03.25 10:40 B C:\Users\redkey\Google Drive 2\textron\timpmp_produccion\dompdf\lib\fonts\DejaVuSans.ufm --> tim-pmp.com /public_html/dompdf/lib/fonts DejaVuSans.ufm
2015.03.25 10:40 B C:\Users\redkey\Google Drive 2\textron\timpmp_produccion\dompdf\lib\fonts\DejaVuSansCondensed-Bold.ttf --> tim-pmp.com /public_html/dompdf/lib/fonts DejaVuSansCondensed-Bold.ttf
2015.03.25 10:40 B C:\Users\redkey\Google Drive 2\textron\timpmp_produccion\dompdf\lib\fonts\DejaVuSansCondensed-Bold.ufm --> tim-pmp.com /public_html/dompdf/lib/fonts DejaVuSansCondensed-Bold.ufm
2015.03.25 10:40 B C:\Users\redkey\Google Drive 2\textron\timpmp_produccion\dompdf\lib\fonts\DejaVuSansCondensed-BoldOblique.ttf --> tim-pmp.com /public_html/dompdf/lib/fonts DejaVuSansCondensed-BoldOblique.ttf
2015.03.25 10:40 B C:\Users\redkey\Google Drive 2\textron\timpmp_produccion\dompdf\lib\fonts\DejaVuSansCondensed-BoldOblique.ufm --> tim-pmp.com /public_html/dompdf/lib/fonts DejaVuSansCondensed-BoldOblique.ufm
2015.03.25 10:41 B C:\Users\redkey\Google Drive 2\textron\timpmp_produccion\dompdf\lib\fonts\DejaVuSansCondensed-Oblique.ttf --> tim-pmp.com /public_html/dompdf/lib/fonts DejaVuSansCondensed-Oblique.ttf
2015.03.25 10:43 B C:\Users\redkey\Google Drive 2\textron\timpmp_produccion\dompdf\lib\fonts\DejaVuSansCondensed-Oblique.ufm --> tim-pmp.com /public_html/dompdf/lib/fonts DejaVuSansCondensed-Oblique.ufm
2015.03.25 10:43 B C:\Users\redkey\Google Drive 2\textron\timpmp_produccion\dompdf\lib\fonts\DejaVuSansCondensed.ttf --> tim-pmp.com /public_html/dompdf/lib/fonts DejaVuSansCondensed.ttf
2015.03.25 10:43 B C:\Users\redkey\Google Drive 2\textron\timpmp_produccion\dompdf\lib\fonts\DejaVuSansCondensed.ufm --> tim-pmp.com /public_html/dompdf/lib/fonts DejaVuSansCondensed.ufm
2015.03.25 10:43 B C:\Users\redkey\Google Drive 2\textron\timpmp_produccion\dompdf\lib\fonts\DejaVuSansMono-Bold.ttf --> tim-pmp.com /public_html/dompdf/lib/fonts DejaVuSansMono-Bold.ttf
2015.03.25 10:43 B C:\Users\redkey\Google Drive 2\textron\timpmp_produccion\dompdf\lib\fonts\DejaVuSansMono-Bold.ufm --> tim-pmp.com /public_html/dompdf/lib/fonts DejaVuSansMono-Bold.ufm
2015.03.25 10:43 B C:\Users\redkey\Google Drive 2\textron\timpmp_produccion\dompdf\lib\fonts\DejaVuSansMono-BoldOblique.ttf --> tim-pmp.com /public_html/dompdf/lib/fonts DejaVuSansMono-BoldOblique.ttf
2015.03.25 10:43 B C:\Users\redkey\Google Drive 2\textron\timpmp_produccion\dompdf\lib\fonts\DejaVuSansMono-BoldOblique.ufm --> tim-pmp.com /public_html/dompdf/lib/fonts DejaVuSansMono-BoldOblique.ufm
2015.03.25 10:43 B C:\Users\redkey\Google Drive 2\textron\timpmp_produccion\dompdf\lib\fonts\DejaVuSansMono-Oblique.ttf --> tim-pmp.com /public_html/dompdf/lib/fonts DejaVuSansMono-Oblique.ttf
2015.03.25 10:43 B C:\Users\redkey\Google Drive 2\textron\timpmp_produccion\dompdf\lib\fonts\DejaVuSansMono-Oblique.ufm --> tim-pmp.com /public_html/dompdf/lib/fonts DejaVuSansMono-Oblique.ufm
2015.03.25 10:43 B C:\Users\redkey\Google Drive 2\textron\timpmp_produccion\dompdf\lib\fonts\DejaVuSansMono.ttf --> tim-pmp.com /public_html/dompdf/lib/fonts DejaVuSansMono.ttf
2015.03.25 10:43 B C:\Users\redkey\Google Drive 2\textron\timpmp_produccion\dompdf\lib\fonts\DejaVuSansMono.ufm --> tim-pmp.com /public_html/dompdf/lib/fonts DejaVuSansMono.ufm
2015.03.25 10:43 B C:\Users\redkey\Google Drive 2\textron\timpmp_produccion\dompdf\lib\fonts\DejaVuSerif-Bold.ttf --> tim-pmp.com /public_html/dompdf/lib/fonts DejaVuSerif-Bold.ttf
2015.03.25 10:43 B C:\Users\redkey\Google Drive 2\textron\timpmp_produccion\dompdf\lib\fonts\DejaVuSerif-Bold.ufm --> tim-pmp.com /public_html/dompdf/lib/fonts DejaVuSerif-Bold.ufm
2015.03.25 10:43 B C:\Users\redkey\Google Drive 2\textron\timpmp_produccion\dompdf\lib\fonts\DejaVuSerif-BoldItalic.ttf --> tim-pmp.com /public_html/dompdf/lib/fonts DejaVuSerif-BoldItalic.ttf
2015.03.25 10:43 B C:\Users\redkey\Google Drive 2\textron\timpmp_produccion\dompdf\lib\fonts\DejaVuSerif-BoldItalic.ufm --> tim-pmp.com /public_html/dompdf/lib/fonts DejaVuSerif-BoldItalic.ufm
2015.03.25 10:43 B C:\Users\redkey\Google Drive 2\textron\timpmp_produccion\dompdf\lib\fonts\DejaVuSerif-Italic.ttf --> tim-pmp.com /public_html/dompdf/lib/fonts DejaVuSerif-Italic.ttf
2015.12.28 09:38 B C:\Users\redkey\Google Drive 2\RESPALDO TEXTRON\timpmp\dompdf\lib\fonts\WS_FTP.LOG <-- textron /public_html/dompdf/lib/fonts WS_FTP.LOG
2015.12.28 09:38 B C:\Users\redkey\Google Drive 2\RESPALDO TEXTRON\timpmp\dompdf\lib\fonts\ZapfDingbats.afm <-- textron /public_html/dompdf/lib/fonts ZapfDingbats.afm
2015.12.28 13:47 B C:\Users\redkey\Google Drive 2\RESPALDO TEXTRON\timpmp\dompdf\lib\fonts\Courier-Bold.afm --> bluewolf.com.mx /timpmp/dompdf/lib/fonts Courier-Bold.afm
2015.12.28 13:47 B C:\Users\redkey\Google Drive 2\RESPALDO TEXTRON\timpmp\dompdf\lib\fonts\Courier-BoldOblique.afm --> bluewolf.com.mx /timpmp/dompdf/lib/fonts Courier-BoldOblique.afm
2015.12.28 13:47 B C:\Users\redkey\Google Drive 2\RESPALDO TEXTRON\timpmp\dompdf\lib\fonts\Courier-Oblique.afm --> bluewolf.com.mx /timpmp/dompdf/lib/fonts Courier-Oblique.afm
2015.12.28 13:47 B C:\Users\redkey\Google Drive 2\RESPALDO TEXTRON\timpmp\dompdf\lib\fonts\Courier.afm --> bluewolf.com.mx /timpmp/dompdf/lib/fonts Courier.afm
2015.12.28 13:47 B C:\Users\redkey\Google Drive 2\RESPALDO TEXTRON\timpmp\dompdf\lib\fonts\DejaVuSans-Bold.ttf --> bluewolf.com.mx /timpmp/dompdf/lib/fonts DejaVuSans-Bold.ttf
2015.12.28 13:47 B C:\Users\redkey\Google Drive 2\RESPALDO TEXTRON\timpmp\dompdf\lib\fonts\DejaVuSans-Bold.ufm --> bluewolf.com.mx /timpmp/dompdf/lib/fonts DejaVuSans-Bold.ufm
2015.12.28 13:47 B C:\Users\redkey\Google Drive 2\RESPALDO TEXTRON\timpmp\dompdf\lib\fonts\DejaVuSans-BoldOblique.ttf --> bluewolf.com.mx /timpmp/dompdf/lib/fonts DejaVuSans-BoldOblique.ttf
2015.12.28 13:47 B C:\Users\redkey\Google Drive 2\RESPALDO TEXTRON\timpmp\dompdf\lib\fonts\DejaVuSans-BoldOblique.ufm --> bluewolf.com.mx /timpmp/dompdf/lib/fonts DejaVuSans-BoldOblique.ufm
2015.12.28 13:47 B C:\Users\redkey\Google Drive 2\RESPALDO TEXTRON\timpmp\dompdf\lib\fonts\DejaVuSans-ExtraLight.ttf --> bluewolf.com.mx /timpmp/dompdf/lib/fonts DejaVuSans-ExtraLight.ttf
2015.12.28 13:47 B C:\Users\redkey\Google Drive 2\RESPALDO TEXTRON\timpmp\dompdf\lib\fonts\DejaVuSans-ExtraLight.ufm --> bluewolf.com.mx /timpmp/dompdf/lib/fonts DejaVuSans-ExtraLight.ufm
2015.12.28 13:47 B C:\Users\redkey\Google Drive 2\RESPALDO TEXTRON\timpmp\dompdf\lib\fonts\DejaVuSans-Oblique.ttf --> bluewolf.com.mx /timpmp/dompdf/lib/fonts DejaVuSans-Oblique.ttf
2015.12.28 13:47 B C:\Users\redkey\Google Drive 2\RESPALDO TEXTRON\timpmp\dompdf\lib\fonts\DejaVuSans-Oblique.ufm --> bluewolf.com.mx /timpmp/dompdf/lib/fonts DejaVuSans-Oblique.ufm
2015.12.28 13:47 B C:\Users\redkey\Google Drive 2\RESPALDO TEXTRON\timpmp\dompdf\lib\fonts\DejaVuSans.ttf --> bluewolf.com.mx /timpmp/dompdf/lib/fonts DejaVuSans.ttf
2015.12.28 13:47 B C:\Users\redkey\Google Drive 2\RESPALDO TEXTRON\timpmp\dompdf\lib\fonts\DejaVuSans.ufm --> bluewolf.com.mx /timpmp/dompdf/lib/fonts DejaVuSans.ufm
2015.12.28 13:47 B C:\Users\redkey\Google Drive 2\RESPALDO TEXTRON\timpmp\dompdf\lib\fonts\DejaVuSansCondensed-Bold.ttf --> bluewolf.com.mx /timpmp/dompdf/lib/fonts DejaVuSansCondensed-Bold.ttf
2015.12.28 13:47 B C:\Users\redkey\Google Drive 2\RESPALDO TEXTRON\timpmp\dompdf\lib\fonts\DejaVuSansCondensed-Bold.ufm --> bluewolf.com.mx /timpmp/dompdf/lib/fonts DejaVuSansCondensed-Bold.ufm
2015.12.28 13:47 B C:\Users\redkey\Google Drive 2\RESPALDO TEXTRON\timpmp\dompdf\lib\fonts\DejaVuSansCondensed-BoldOblique.ttf --> bluewolf.com.mx /timpmp/dompdf/lib/fonts DejaVuSansCondensed-BoldOblique.ttf
2015.12.28 13:47 B C:\Users\redkey\Google Drive 2\RESPALDO TEXTRON\timpmp\dompdf\lib\fonts\DejaVuSansCondensed-BoldOblique.ufm --> bluewolf.com.mx /timpmp/dompdf/lib/fonts DejaVuSansCondensed-BoldOblique.ufm
2015.12.28 13:47 B C:\Users\redkey\Google Drive 2\RESPALDO TEXTRON\timpmp\dompdf\lib\fonts\DejaVuSansCondensed-Oblique.ttf --> bluewolf.com.mx /timpmp/dompdf/lib/fonts DejaVuSansCondensed-Oblique.ttf
2015.12.28 13:47 B C:\Users\redkey\Google Drive 2\RESPALDO TEXTRON\timpmp\dompdf\lib\fonts\DejaVuSansCondensed-Oblique.ufm --> bluewolf.com.mx /timpmp/dompdf/lib/fonts DejaVuSansCondensed-Oblique.ufm
2015.12.28 13:47 B C:\Users\redkey\Google Drive 2\RESPALDO TEXTRON\timpmp\dompdf\lib\fonts\DejaVuSansCondensed.ttf --> bluewolf.com.mx /timpmp/dompdf/lib/fonts DejaVuSansCondensed.ttf
2015.12.28 13:47 B C:\Users\redkey\Google Drive 2\RESPALDO TEXTRON\timpmp\dompdf\lib\fonts\DejaVuSansCondensed.ufm --> bluewolf.com.mx /timpmp/dompdf/lib/fonts DejaVuSansCondensed.ufm
2015.12.28 13:47 B C:\Users\redkey\Google Drive 2\RESPALDO TEXTRON\timpmp\dompdf\lib\fonts\DejaVuSansMono-Bold.ttf --> bluewolf.com.mx /timpmp/dompdf/lib/fonts DejaVuSansMono-Bold.ttf
2015.12.28 13:47 B C:\Users\redkey\Google Drive 2\RESPALDO TEXTRON\timpmp\dompdf\lib\fonts\DejaVuSansMono-Bold.ufm --> bluewolf.com.mx /timpmp/dompdf/lib/fonts DejaVuSansMono-Bold.ufm
2015.12.28 13:47 B C:\Users\redkey\Google Drive 2\RESPALDO TEXTRON\timpmp\dompdf\lib\fonts\DejaVuSansMono-BoldOblique.ttf --> bluewolf.com.mx /timpmp/dompdf/lib/fonts DejaVuSansMono-BoldOblique.ttf
2015.12.28 13:48 B C:\Users\redkey\Google Drive 2\RESPALDO TEXTRON\timpmp\dompdf\lib\fonts\DejaVuSansMono-BoldOblique.ufm --> bluewolf.com.mx /timpmp/dompdf/lib/fonts DejaVuSansMono-BoldOblique.ufm
2015.12.28 13:48 B C:\Users\redkey\Google Drive 2\RESPALDO TEXTRON\timpmp\dompdf\lib\fonts\DejaVuSansMono-Oblique.ttf --> bluewolf.com.mx /timpmp/dompdf/lib/fonts DejaVuSansMono-Oblique.ttf
2015.12.28 13:48 B C:\Users\redkey\Google Drive 2\RESPALDO TEXTRON\timpmp\dompdf\lib\fonts\DejaVuSansMono-Oblique.ufm --> bluewolf.com.mx /timpmp/dompdf/lib/fonts DejaVuSansMono-Oblique.ufm
2015.12.28 13:48 B C:\Users\redkey\Google Drive 2\RESPALDO TEXTRON\timpmp\dompdf\lib\fonts\DejaVuSansMono.ttf --> bluewolf.com.mx /timpmp/dompdf/lib/fonts DejaVuSansMono.ttf
2015.12.28 13:48 B C:\Users\redkey\Google Drive 2\RESPALDO TEXTRON\timpmp\dompdf\lib\fonts\DejaVuSansMono.ufm --> bluewolf.com.mx /timpmp/dompdf/lib/fonts DejaVuSansMono.ufm
2015.12.28 13:48 B C:\Users\redkey\Google Drive 2\RESPALDO TEXTRON\timpmp\dompdf\lib\fonts\DejaVuSerif-Bold.ttf --> bluewolf.com.mx /timpmp/dompdf/lib/fonts DejaVuSerif-Bold.ttf
2015.12.28 13:48 B C:\Users\redkey\Google Drive 2\RESPALDO TEXTRON\timpmp\dompdf\lib\fonts\DejaVuSerif-Bold.ufm --> bluewolf.com.mx /timpmp/dompdf/lib/fonts DejaVuSerif-Bold.ufm
2015.12.28 13:48 B C:\Users\redkey\Google Drive 2\RESPALDO TEXTRON\timpmp\dompdf\lib\fonts\DejaVuSerif-BoldItalic.ttf --> bluewolf.com.mx /timpmp/dompdf/lib/fonts DejaVuSerif-BoldItalic.ttf
2015.12.28 13:48 B C:\Users\redkey\Google Drive 2\RESPALDO TEXTRON\timpmp\dompdf\lib\fonts\DejaVuSerif-BoldItalic.ufm --> bluewolf.com.mx /timpmp/dompdf/lib/fonts DejaVuSerif-BoldItalic.ufm
2015.12.28 13:48 B C:\Users\redkey\Google Drive 2\RESPALDO TEXTRON\timpmp\dompdf\lib\fonts\DejaVuSerif-Italic.ttf --> bluewolf.com.mx /timpmp/dompdf/lib/fonts DejaVuSerif-Italic.ttf
2015.12.28 13:48 B C:\Users\redkey\Google Drive 2\RESPALDO TEXTRON\timpmp\dompdf\lib\fonts\DejaVuSerif-Italic.ufm --> bluewolf.com.mx /timpmp/dompdf/lib/fonts DejaVuSerif-Italic.ufm
2015.12.28 13:48 B C:\Users\redkey\Google Drive 2\RESPALDO TEXTRON\timpmp\dompdf\lib\fonts\DejaVuSerif.ttf --> bluewolf.com.mx /timpmp/dompdf/lib/fonts DejaVuSerif.ttf
2015.12.28 13:48 B C:\Users\redkey\Google Drive 2\RESPALDO TEXTRON\timpmp\dompdf\lib\fonts\DejaVuSerif.ufm --> bluewolf.com.mx /timpmp/dompdf/lib/fonts DejaVuSerif.ufm
2015.12.28 13:48 B C:\Users\redkey\Google Drive 2\RESPALDO TEXTRON\timpmp\dompdf\lib\fonts\DejaVuSerifCondensed-Bold.ttf --> bluewolf.com.mx /timpmp/dompdf/lib/fonts DejaVuSerifCondensed-Bold.ttf
2015.12.28 13:48 B C:\Users\redkey\Google Drive 2\RESPALDO TEXTRON\timpmp\dompdf\lib\fonts\DejaVuSerifCondensed-Bold.ufm --> bluewolf.com.mx /timpmp/dompdf/lib/fonts DejaVuSerifCondensed-Bold.ufm
2015.12.28 13:48 B C:\Users\redkey\Google Drive 2\RESPALDO TEXTRON\timpmp\dompdf\lib\fonts\DejaVuSerifCondensed-BoldItalic.ttf --> bluewolf.com.mx /timpmp/dompdf/lib/fonts DejaVuSerifCondensed-BoldItalic.ttf
2015.12.28 13:48 B C:\Users\redkey\Google Drive 2\RESPALDO TEXTRON\timpmp\dompdf\lib\fonts\DejaVuSerifCondensed-BoldItalic.ufm --> bluewolf.com.mx /timpmp/dompdf/lib/fonts DejaVuSerifCondensed-BoldItalic.ufm
2015.12.28 13:48 B C:\Users\redkey\Google Drive 2\RESPALDO TEXTRON\timpmp\dompdf\lib\fonts\DejaVuSerifCondensed-Italic.ttf --> bluewolf.com.mx /timpmp/dompdf/lib/fonts DejaVuSerifCondensed-Italic.ttf
2015.12.28 13:48 B C:\Users\redkey\Google Drive 2\RESPALDO TEXTRON\timpmp\dompdf\lib\fonts\DejaVuSerifCondensed-Italic.ufm --> bluewolf.com.mx /timpmp/dompdf/lib/fonts DejaVuSerifCondensed-Italic.ufm
2015.12.28 13:48 B C:\Users\redkey\Google Drive 2\RESPALDO TEXTRON\timpmp\dompdf\lib\fonts\DejaVuSerifCondensed.ttf --> bluewolf.com.mx /timpmp/dompdf/lib/fonts DejaVuSerifCondensed.ttf
2015.12.28 13:48 B C:\Users\redkey\Google Drive 2\RESPALDO TEXTRON\timpmp\dompdf\lib\fonts\DejaVuSerifCondensed.ufm --> bluewolf.com.mx /timpmp/dompdf/lib/fonts DejaVuSerifCondensed.ufm
2015.12.28 13:48 B C:\Users\redkey\Google Drive 2\RESPALDO TEXTRON\timpmp\dompdf\lib\fonts\dompdf_font_family_cache.dist.php --> bluewolf.com.mx /timpmp/dompdf/lib/fonts dompdf_font_family_cache.dist.php
2015.12.28 13:48 B C:\Users\redkey\Google Drive 2\RESPALDO TEXTRON\timpmp\dompdf\lib\fonts\Helvetica-Bold.afm --> bluewolf.com.mx /timpmp/dompdf/lib/fonts Helvetica-Bold.afm
2015.12.28 13:48 B C:\Users\redkey\Google Drive 2\RESPALDO TEXTRON\timpmp\dompdf\lib\fonts\Helvetica-Bold.afm.php --> bluewolf.com.mx /timpmp/dompdf/lib/fonts Helvetica-Bold.afm.php
2015.12.28 13:48 B C:\Users\redkey\Google Drive 2\RESPALDO TEXTRON\timpmp\dompdf\lib\fonts\Helvetica-BoldOblique.afm --> bluewolf.com.mx /timpmp/dompdf/lib/fonts Helvetica-BoldOblique.afm
2015.12.28 13:48 B C:\Users\redkey\Google Drive 2\RESPALDO TEXTRON\timpmp\dompdf\lib\fonts\Helvetica-BoldOblique.afm.php --> bluewolf.com.mx /timpmp/dompdf/lib/fonts Helvetica-BoldOblique.afm.php
2015.12.28 13:48 B C:\Users\redkey\Google Drive 2\RESPALDO TEXTRON\timpmp\dompdf\lib\fonts\Helvetica-Oblique.afm --> bluewolf.com.mx /timpmp/dompdf/lib/fonts Helvetica-Oblique.afm
2015.12.28 13:48 B C:\Users\redkey\Google Drive 2\RESPALDO TEXTRON\timpmp\dompdf\lib\fonts\Helvetica-Oblique.afm.php --> bluewolf.com.mx /timpmp/dompdf/lib/fonts Helvetica-Oblique.afm.php
2015.12.28 13:48 B C:\Users\redkey\Google Drive 2\RESPALDO TEXTRON\timpmp\dompdf\lib\fonts\Helvetica.afm --> bluewolf.com.mx /timpmp/dompdf/lib/fonts Helvetica.afm
2015.12.28 13:48 B C:\Users\redkey\Google Drive 2\RESPALDO TEXTRON\timpmp\dompdf\lib\fonts\Helvetica.afm.php --> bluewolf.com.mx /timpmp/dompdf/lib/fonts Helvetica.afm.php
2015.12.28 13:48 B C:\Users\redkey\Google Drive 2\RESPALDO TEXTRON\timpmp\dompdf\lib\fonts\log.htm --> bluewolf.com.mx /timpmp/dompdf/lib/fonts log.htm
2015.12.28 13:48 B C:\Users\redkey\Google Drive 2\RESPALDO TEXTRON\timpmp\dompdf\lib\fonts\mustRead.html --> bluewolf.com.mx /timpmp/dompdf/lib/fonts mustRead.html
2015.12.28 13:48 B C:\Users\redkey\Google Drive 2\RESPALDO TEXTRON\timpmp\dompdf\lib\fonts\Symbol.afm --> bluewolf.com.mx /timpmp/dompdf/lib/fonts Symbol.afm
2015.12.28 13:48 B C:\Users\redkey\Google Drive 2\RESPALDO TEXTRON\timpmp\dompdf\lib\fonts\Times-Bold.afm --> bluewolf.com.mx /timpmp/dompdf/lib/fonts Times-Bold.afm
2015.12.28 13:48 B C:\Users\redkey\Google Drive 2\RESPALDO TEXTRON\timpmp\dompdf\lib\fonts\Times-Bold.afm.php --> bluewolf.com.mx /timpmp/dompdf/lib/fonts Times-Bold.afm.php
2015.12.28 13:48 B C:\Users\redkey\Google Drive 2\RESPALDO TEXTRON\timpmp\dompdf\lib\fonts\Times-BoldItalic.afm --> bluewolf.com.mx /timpmp/dompdf/lib/fonts Times-BoldItalic.afm
2015.12.28 13:48 B C:\Users\redkey\Google Drive 2\RESPALDO TEXTRON\timpmp\dompdf\lib\fonts\Times-BoldItalic.afm.php --> bluewolf.com.mx /timpmp/dompdf/lib/fonts Times-BoldItalic.afm.php
2015.12.28 13:48 B C:\Users\redkey\Google Drive 2\RESPALDO TEXTRON\timpmp\dompdf\lib\fonts\Times-Italic.afm --> bluewolf.com.mx /timpmp/dompdf/lib/fonts Times-Italic.afm
2015.12.28 13:48 B C:\Users\redkey\Google Drive 2\RESPALDO TEXTRON\timpmp\dompdf\lib\fonts\Times-Italic.afm.php --> bluewolf.com.mx /timpmp/dompdf/lib/fonts Times-Italic.afm.php
2015.12.28 13:48 B C:\Users\redkey\Google Drive 2\RESPALDO TEXTRON\timpmp\dompdf\lib\fonts\Times-Roman.afm --> bluewolf.com.mx /timpmp/dompdf/lib/fonts Times-Roman.afm
2015.12.28 13:48 B C:\Users\redkey\Google Drive 2\RESPALDO TEXTRON\timpmp\dompdf\lib\fonts\Times-Roman.afm.php --> bluewolf.com.mx /timpmp/dompdf/lib/fonts Times-Roman.afm.php
