2017.08.29 09:33 B C:\Users\BlueWolf\Downloads\Highcharts\code\themes\sunset.src.js --> oldschool.com.mx /wwwtristone/oee/code/themes sunset.src.js
2017.08.29 09:33 B C:\Users\BlueWolf\Downloads\Highcharts\code\themes\sunset.js.map --> oldschool.com.mx /wwwtristone/oee/code/themes sunset.js.map
2017.08.29 09:33 B C:\Users\BlueWolf\Downloads\Highcharts\code\themes\sunset.js --> oldschool.com.mx /wwwtristone/oee/code/themes sunset.js
2017.08.29 09:33 B C:\Users\BlueWolf\Downloads\Highcharts\code\themes\skies.src.js --> oldschool.com.mx /wwwtristone/oee/code/themes skies.src.js
2017.08.29 09:33 B C:\Users\BlueWolf\Downloads\Highcharts\code\themes\skies.js.map --> oldschool.com.mx /wwwtristone/oee/code/themes skies.js.map
2017.08.29 09:33 B C:\Users\BlueWolf\Downloads\Highcharts\code\themes\skies.js --> oldschool.com.mx /wwwtristone/oee/code/themes skies.js
2017.08.29 09:33 B C:\Users\BlueWolf\Downloads\Highcharts\code\themes\sand-signika.src.js --> oldschool.com.mx /wwwtristone/oee/code/themes sand-signika.src.js
2017.08.29 09:33 B C:\Users\BlueWolf\Downloads\Highcharts\code\themes\sand-signika.js.map --> oldschool.com.mx /wwwtristone/oee/code/themes sand-signika.js.map
2017.08.29 09:33 B C:\Users\BlueWolf\Downloads\Highcharts\code\themes\sand-signika.js --> oldschool.com.mx /wwwtristone/oee/code/themes sand-signika.js
2017.08.29 09:33 B C:\Users\BlueWolf\Downloads\Highcharts\code\themes\grid.src.js --> oldschool.com.mx /wwwtristone/oee/code/themes grid.src.js
2017.08.29 09:33 B C:\Users\BlueWolf\Downloads\Highcharts\code\themes\grid.js.map --> oldschool.com.mx /wwwtristone/oee/code/themes grid.js.map
2017.08.29 09:33 B C:\Users\BlueWolf\Downloads\Highcharts\code\themes\grid.js --> oldschool.com.mx /wwwtristone/oee/code/themes grid.js
2017.08.29 09:33 B C:\Users\BlueWolf\Downloads\Highcharts\code\themes\grid-light.src.js --> oldschool.com.mx /wwwtristone/oee/code/themes grid-light.src.js
2017.08.29 09:33 B C:\Users\BlueWolf\Downloads\Highcharts\code\themes\grid-light.js.map --> oldschool.com.mx /wwwtristone/oee/code/themes grid-light.js.map
2017.08.29 09:33 B C:\Users\BlueWolf\Downloads\Highcharts\code\themes\grid-light.js --> oldschool.com.mx /wwwtristone/oee/code/themes grid-light.js
2017.08.29 09:33 B C:\Users\BlueWolf\Downloads\Highcharts\code\themes\gray.src.js --> oldschool.com.mx /wwwtristone/oee/code/themes gray.src.js
2017.08.29 09:33 B C:\Users\BlueWolf\Downloads\Highcharts\code\themes\gray.js.map --> oldschool.com.mx /wwwtristone/oee/code/themes gray.js.map
2017.08.29 09:33 B C:\Users\BlueWolf\Downloads\Highcharts\code\themes\gray.js --> oldschool.com.mx /wwwtristone/oee/code/themes gray.js
2017.08.29 09:33 B C:\Users\BlueWolf\Downloads\Highcharts\code\themes\dark-unica.src.js --> oldschool.com.mx /wwwtristone/oee/code/themes dark-unica.src.js
2017.08.29 09:33 B C:\Users\BlueWolf\Downloads\Highcharts\code\themes\dark-unica.js.map --> oldschool.com.mx /wwwtristone/oee/code/themes dark-unica.js.map
2017.08.29 09:33 B C:\Users\BlueWolf\Downloads\Highcharts\code\themes\dark-unica.js --> oldschool.com.mx /wwwtristone/oee/code/themes dark-unica.js
2017.08.29 09:33 B C:\Users\BlueWolf\Downloads\Highcharts\code\themes\dark-green.src.js --> oldschool.com.mx /wwwtristone/oee/code/themes dark-green.src.js
2017.08.29 09:33 B C:\Users\BlueWolf\Downloads\Highcharts\code\themes\dark-green.js.map --> oldschool.com.mx /wwwtristone/oee/code/themes dark-green.js.map
2017.08.29 09:33 B C:\Users\BlueWolf\Downloads\Highcharts\code\themes\dark-green.js --> oldschool.com.mx /wwwtristone/oee/code/themes dark-green.js
2017.08.29 09:33 B C:\Users\BlueWolf\Downloads\Highcharts\code\themes\dark-blue.src.js --> oldschool.com.mx /wwwtristone/oee/code/themes dark-blue.src.js
2017.08.29 09:33 B C:\Users\BlueWolf\Downloads\Highcharts\code\themes\dark-blue.js.map --> oldschool.com.mx /wwwtristone/oee/code/themes dark-blue.js.map
2017.08.29 09:33 B C:\Users\BlueWolf\Downloads\Highcharts\code\themes\dark-blue.js --> oldschool.com.mx /wwwtristone/oee/code/themes dark-blue.js
2017.08.29 09:33 B C:\Users\BlueWolf\Downloads\Highcharts\code\themes\avocado.src.js --> oldschool.com.mx /wwwtristone/oee/code/themes avocado.src.js
2017.08.29 09:33 B C:\Users\BlueWolf\Downloads\Highcharts\code\themes\avocado.js.map --> oldschool.com.mx /wwwtristone/oee/code/themes avocado.js.map
2017.08.29 09:33 B C:\Users\BlueWolf\Downloads\Highcharts\code\themes\avocado.js --> oldschool.com.mx /wwwtristone/oee/code/themes avocado.js
