2014.07.13 20:50 B C:\myDrive\Google Drive\proyectos\textron\timpmp_produccion\images\controls.png <-- textron /public_html/images controls.png
2014.07.13 20:50 B C:\myDrive\Google Drive\proyectos\textron\timpmp_produccion\images\border2.png <-- textron /public_html/images border2.png
2014.07.13 20:50 B C:\myDrive\Google Drive\proyectos\textron\timpmp_produccion\images\border1.png <-- textron /public_html/images border1.png
2014.07.13 20:50 B C:\myDrive\Google Drive\proyectos\textron\timpmp_produccion\images\border.png <-- textron /public_html/images border.png
2014.07.13 20:50 B C:\myDrive\Google Drive\proyectos\textron\timpmp_produccion\images\eliminar.png <-- textron /public_html/images eliminar.png
2014.07.13 20:50 B C:\myDrive\Google Drive\proyectos\textron\timpmp_produccion\images\editar.png <-- textron /public_html/images editar.png
2014.07.13 20:50 B C:\myDrive\Google Drive\proyectos\textron\timpmp_produccion\images\agregar.png <-- textron /public_html/images agregar.png
2014.07.13 20:50 B C:\myDrive\Google Drive\proyectos\textron\timpmp_produccion\images\tit_sin_nada.jpg <-- textron /public_html/images tit_sin_nada.jpg
2014.07.13 20:50 B C:\myDrive\Google Drive\proyectos\textron\timpmp_produccion\images\bkg_fondo.jpg <-- textron /public_html/images bkg_fondo.jpg
2014.07.13 20:50 B C:\myDrive\Google Drive\proyectos\textron\timpmp_produccion\images\b_inicio_r.png <-- textron /public_html/images b_inicio_r.png
2014.07.13 20:50 B C:\myDrive\Google Drive\proyectos\textron\timpmp_produccion\images\b_inicio.png <-- textron /public_html/images b_inicio.png
2014.07.13 20:50 B C:\myDrive\Google Drive\proyectos\textron\timpmp_produccion\images\b_guardar_r.png <-- textron /public_html/images b_guardar_r.png
2014.07.13 20:50 B C:\myDrive\Google Drive\proyectos\textron\timpmp_produccion\images\b_guardar.png <-- textron /public_html/images b_guardar.png
2014.07.13 20:50 B C:\myDrive\Google Drive\proyectos\textron\timpmp_produccion\images\b_firmar_r.png <-- textron /public_html/images b_firmar_r.png
2014.07.13 20:50 B C:\myDrive\Google Drive\proyectos\textron\timpmp_produccion\images\b_firmar.png <-- textron /public_html/images b_firmar.png
2014.07.13 20:50 B C:\myDrive\Google Drive\proyectos\textron\timpmp_produccion\images\header_mail.jpg <-- textron /public_html/images header_mail.jpg
2014.07.13 20:50 B C:\myDrive\Google Drive\proyectos\textron\timpmp_produccion\images\grafica.png <-- textron /public_html/images grafica.png
2014.07.13 20:50 B C:\myDrive\Google Drive\proyectos\textron\timpmp_produccion\images\titulos_franjas.jpg <-- textron /public_html/images titulos_franjas.jpg
2014.07.13 20:50 B C:\myDrive\Google Drive\proyectos\textron\timpmp_produccion\images\tit_tareas_pendientes.jpg <-- textron /public_html/images tit_tareas_pendientes.jpg
2014.07.13 20:50 B C:\myDrive\Google Drive\proyectos\textron\timpmp_produccion\images\tit_historial.jpg <-- textron /public_html/images tit_historial.jpg
2014.07.13 20:50 B C:\myDrive\Google Drive\proyectos\textron\timpmp_produccion\images\tit_documentacion.jpg <-- textron /public_html/images tit_documentacion.jpg
2014.07.13 20:50 B C:\myDrive\Google Drive\proyectos\textron\timpmp_produccion\images\textos.css <-- textron /public_html/images textos.css
2014.07.13 20:50 B C:\myDrive\Google Drive\proyectos\textron\timpmp_produccion\images\spacer.gif <-- textron /public_html/images spacer.gif
2014.07.13 20:50 B C:\myDrive\Google Drive\proyectos\textron\timpmp_produccion\images\logo_textron.png <-- textron /public_html/images logo_textron.png
2014.07.13 20:50 B C:\myDrive\Google Drive\proyectos\textron\timpmp_produccion\images\logo_marca_agua.jpg <-- textron /public_html/images logo_marca_agua.jpg
2014.07.13 20:50 B C:\myDrive\Google Drive\proyectos\textron\timpmp_produccion\images\header_1.jpg <-- textron /public_html/images header_1.jpg
2014.07.13 20:50 B C:\myDrive\Google Drive\proyectos\textron\timpmp_produccion\images\franja.jpg <-- textron /public_html/images franja.jpg
2014.07.13 20:50 B C:\myDrive\Google Drive\proyectos\textron\timpmp_produccion\images\desktop.ini <-- textron /public_html/images desktop.ini
2014.07.13 20:50 B C:\myDrive\Google Drive\proyectos\textron\timpmp_produccion\images\cuadro_izq.png <-- textron /public_html/images cuadro_izq.png
2014.07.13 20:50 B C:\myDrive\Google Drive\proyectos\textron\timpmp_produccion\images\cuadro_int_izq.png <-- textron /public_html/images cuadro_int_izq.png
2014.07.13 20:50 B C:\myDrive\Google Drive\proyectos\textron\timpmp_produccion\images\cuadro_int_der.png <-- textron /public_html/images cuadro_int_der.png
2014.07.13 20:50 B C:\myDrive\Google Drive\proyectos\textron\timpmp_produccion\images\cuadro_int_arriba.png <-- textron /public_html/images cuadro_int_arriba.png
2014.07.13 20:50 B C:\myDrive\Google Drive\proyectos\textron\timpmp_produccion\images\cuadro_int_abajo.png <-- textron /public_html/images cuadro_int_abajo.png
2014.07.13 20:50 B C:\myDrive\Google Drive\proyectos\textron\timpmp_produccion\images\cuadro_der.png <-- textron /public_html/images cuadro_der.png
2014.07.13 20:50 B C:\myDrive\Google Drive\proyectos\textron\timpmp_produccion\images\cuadro_arriba.png <-- textron /public_html/images cuadro_arriba.png
2014.07.13 20:50 B C:\myDrive\Google Drive\proyectos\textron\timpmp_produccion\images\cuadro_abajo.png <-- textron /public_html/images cuadro_abajo.png
2014.07.13 20:50 B C:\myDrive\Google Drive\proyectos\textron\timpmp_produccion\images\campo.jpg <-- textron /public_html/images campo.jpg
2014.07.13 20:50 B C:\myDrive\Google Drive\proyectos\textron\timpmp_produccion\images\bkg_fondo_2.jpg <-- textron /public_html/images bkg_fondo_2.jpg
2014.07.13 20:50 B C:\myDrive\Google Drive\proyectos\textron\timpmp_produccion\images\bkg_azul.jpg <-- textron /public_html/images bkg_azul.jpg
2014.07.13 20:50 B C:\myDrive\Google Drive\proyectos\textron\timpmp_produccion\images\bkg_admin.jpg <-- textron /public_html/images bkg_admin.jpg
2014.07.13 20:50 B C:\myDrive\Google Drive\proyectos\textron\timpmp_produccion\images\b_log_out_r.png <-- textron /public_html/images b_log_out_r.png
2014.07.13 20:50 B C:\myDrive\Google Drive\proyectos\textron\timpmp_produccion\images\b_log_out.png <-- textron /public_html/images b_log_out.png
2014.07.13 20:51 B C:\myDrive\Google Drive\proyectos\textron\timpmp_produccion\images\b_cambio_r.png <-- textron /public_html/images b_cambio_r.png
2014.07.13 20:51 B C:\myDrive\Google Drive\proyectos\textron\timpmp_produccion\images\b_cambio.png <-- textron /public_html/images b_cambio.png
2014.07.13 20:51 B C:\myDrive\Google Drive\proyectos\textron\timpmp_produccion\images\b_administracion_r.png <-- textron /public_html/images b_administracion_r.png
2014.07.13 20:51 B C:\myDrive\Google Drive\proyectos\textron\timpmp_produccion\images\b_administracion.png <-- textron /public_html/images b_administracion.png
2014.07.30 19:09 B C:\myDrive\Google Drive\proyectos\textron\timpmp_produccion\images\icono_borrar.png --> tim-pmp.com /public_html/images icono_borrar.png
2014.08.07 15:48 B c:\myDrive\Google Drive\proyectos\textron\timpmp_produccion\images\modelo_tim2.jpg --> tim-pmp.com /public_html/images modelo_tim2.jpg
2014.08.07 15:50 B c:\myDrive\Google Drive\proyectos\textron\timpmp_produccion\images\modelo_tim2.jpg --> tim-pmp.com /public_html/images modelo_tim2.jpg
2014.09.15 10:01 B C:\Users\redkey\Google Drive 2\textron\timpmp_produccion\images\modelo_tim2.png --> tim-pmp.com /public_html/images modelo_tim2.png
2014.09.17 09:41 B C:\Users\redkey\Google Drive 2\textron\timpmp_produccion\images\agregar.png --> tim-pmp.com /public_html/operadores/images agregar.png
2014.09.17 09:41 B C:\Users\redkey\Google Drive 2\textron\timpmp_produccion\images\b_administracion.png --> tim-pmp.com /public_html/operadores/images b_administracion.png
2014.09.17 09:41 B C:\Users\redkey\Google Drive 2\textron\timpmp_produccion\images\b_administracion_r.png --> tim-pmp.com /public_html/operadores/images b_administracion_r.png
2014.09.17 09:41 B C:\Users\redkey\Google Drive 2\textron\timpmp_produccion\images\b_cambio.png --> tim-pmp.com /public_html/operadores/images b_cambio.png
2014.09.17 09:41 B C:\Users\redkey\Google Drive 2\textron\timpmp_produccion\images\b_cambio_r.png --> tim-pmp.com /public_html/operadores/images b_cambio_r.png
2014.09.17 09:41 B C:\Users\redkey\Google Drive 2\textron\timpmp_produccion\images\b_firmar.png --> tim-pmp.com /public_html/operadores/images b_firmar.png
2014.09.17 09:41 B C:\Users\redkey\Google Drive 2\textron\timpmp_produccion\images\b_firmar_r.png --> tim-pmp.com /public_html/operadores/images b_firmar_r.png
2014.09.17 09:41 B C:\Users\redkey\Google Drive 2\textron\timpmp_produccion\images\b_guardar.png --> tim-pmp.com /public_html/operadores/images b_guardar.png
2014.09.17 09:41 B C:\Users\redkey\Google Drive 2\textron\timpmp_produccion\images\b_guardar_r.png --> tim-pmp.com /public_html/operadores/images b_guardar_r.png
2014.09.17 09:41 B C:\Users\redkey\Google Drive 2\textron\timpmp_produccion\images\b_inicio.png --> tim-pmp.com /public_html/operadores/images b_inicio.png
2014.09.17 09:41 B C:\Users\redkey\Google Drive 2\textron\timpmp_produccion\images\b_inicio_r.png --> tim-pmp.com /public_html/operadores/images b_inicio_r.png
2014.09.17 09:41 B C:\Users\redkey\Google Drive 2\textron\timpmp_produccion\images\b_log_out.png --> tim-pmp.com /public_html/operadores/images b_log_out.png
2014.09.17 09:41 B C:\Users\redkey\Google Drive 2\textron\timpmp_produccion\images\b_log_out_r.png --> tim-pmp.com /public_html/operadores/images b_log_out_r.png
2014.09.17 09:41 B C:\Users\redkey\Google Drive 2\textron\timpmp_produccion\images\bkg_admin.jpg --> tim-pmp.com /public_html/operadores/images bkg_admin.jpg
2014.09.17 09:41 B C:\Users\redkey\Google Drive 2\textron\timpmp_produccion\images\bkg_azul.jpg --> tim-pmp.com /public_html/operadores/images bkg_azul.jpg
2014.09.17 09:41 B C:\Users\redkey\Google Drive 2\textron\timpmp_produccion\images\bkg_fondo.jpg --> tim-pmp.com /public_html/operadores/images bkg_fondo.jpg
2014.09.17 09:41 B C:\Users\redkey\Google Drive 2\textron\timpmp_produccion\images\bkg_fondo_2.jpg --> tim-pmp.com /public_html/operadores/images bkg_fondo_2.jpg
2014.09.17 09:41 B C:\Users\redkey\Google Drive 2\textron\timpmp_produccion\images\border.png --> tim-pmp.com /public_html/operadores/images border.png
2014.09.17 09:41 B C:\Users\redkey\Google Drive 2\textron\timpmp_produccion\images\border1.png --> tim-pmp.com /public_html/operadores/images border1.png
2014.09.17 09:41 B C:\Users\redkey\Google Drive 2\textron\timpmp_produccion\images\border2.png --> tim-pmp.com /public_html/operadores/images border2.png
2014.09.17 09:41 B C:\Users\redkey\Google Drive 2\textron\timpmp_produccion\images\campo.jpg --> tim-pmp.com /public_html/operadores/images campo.jpg
2014.09.17 09:41 B C:\Users\redkey\Google Drive 2\textron\timpmp_produccion\images\controls.png --> tim-pmp.com /public_html/operadores/images controls.png
2014.09.17 09:41 B C:\Users\redkey\Google Drive 2\textron\timpmp_produccion\images\cuadro_abajo.png --> tim-pmp.com /public_html/operadores/images cuadro_abajo.png
2014.09.17 09:41 B C:\Users\redkey\Google Drive 2\textron\timpmp_produccion\images\cuadro_arriba.png --> tim-pmp.com /public_html/operadores/images cuadro_arriba.png
2014.09.17 09:41 B C:\Users\redkey\Google Drive 2\textron\timpmp_produccion\images\cuadro_der.png --> tim-pmp.com /public_html/operadores/images cuadro_der.png
2014.09.17 09:41 B C:\Users\redkey\Google Drive 2\textron\timpmp_produccion\images\cuadro_int_abajo.png --> tim-pmp.com /public_html/operadores/images cuadro_int_abajo.png
2014.09.17 09:41 B C:\Users\redkey\Google Drive 2\textron\timpmp_produccion\images\cuadro_int_arriba.png --> tim-pmp.com /public_html/operadores/images cuadro_int_arriba.png
2014.09.17 09:41 B C:\Users\redkey\Google Drive 2\textron\timpmp_produccion\images\cuadro_int_der.png --> tim-pmp.com /public_html/operadores/images cuadro_int_der.png
2014.09.17 09:41 B C:\Users\redkey\Google Drive 2\textron\timpmp_produccion\images\cuadro_int_izq.png --> tim-pmp.com /public_html/operadores/images cuadro_int_izq.png
2014.09.17 09:41 B C:\Users\redkey\Google Drive 2\textron\timpmp_produccion\images\cuadro_izq.png --> tim-pmp.com /public_html/operadores/images cuadro_izq.png
2014.09.17 09:41 B C:\Users\redkey\Google Drive 2\textron\timpmp_produccion\images\desktop.ini --> tim-pmp.com /public_html/operadores/images desktop.ini
2014.09.17 09:41 B C:\Users\redkey\Google Drive 2\textron\timpmp_produccion\images\editar.png --> tim-pmp.com /public_html/operadores/images editar.png
2014.09.17 09:41 B C:\Users\redkey\Google Drive 2\textron\timpmp_produccion\images\eliminar.png --> tim-pmp.com /public_html/operadores/images eliminar.png
2014.09.17 09:41 B C:\Users\redkey\Google Drive 2\textron\timpmp_produccion\images\franja.jpg --> tim-pmp.com /public_html/operadores/images franja.jpg
2014.09.17 09:41 B C:\Users\redkey\Google Drive 2\textron\timpmp_produccion\images\grafica.png --> tim-pmp.com /public_html/operadores/images grafica.png
2014.09.17 09:41 B C:\Users\redkey\Google Drive 2\textron\timpmp_produccion\images\header_1.jpg --> tim-pmp.com /public_html/operadores/images header_1.jpg
2014.09.17 09:41 B C:\Users\redkey\Google Drive 2\textron\timpmp_produccion\images\header_mail.jpg --> tim-pmp.com /public_html/operadores/images header_mail.jpg
2014.09.17 09:41 B C:\Users\redkey\Google Drive 2\textron\timpmp_produccion\images\icono_borrar.png --> tim-pmp.com /public_html/operadores/images icono_borrar.png
2014.09.17 09:41 B C:\Users\redkey\Google Drive 2\textron\timpmp_produccion\images\logo_marca_agua.jpg --> tim-pmp.com /public_html/operadores/images logo_marca_agua.jpg
2014.09.17 09:41 B C:\Users\redkey\Google Drive 2\textron\timpmp_produccion\images\logo_textron.png --> tim-pmp.com /public_html/operadores/images logo_textron.png
2014.09.17 09:41 B C:\Users\redkey\Google Drive 2\textron\timpmp_produccion\images\modelo_tim2.jpg --> tim-pmp.com /public_html/operadores/images modelo_tim2.jpg
2014.09.17 09:41 B C:\Users\redkey\Google Drive 2\textron\timpmp_produccion\images\modelo_tim2.png --> tim-pmp.com /public_html/operadores/images modelo_tim2.png
2014.09.17 09:41 B C:\Users\redkey\Google Drive 2\textron\timpmp_produccion\images\spacer.gif --> tim-pmp.com /public_html/operadores/images spacer.gif
2014.09.17 09:41 B C:\Users\redkey\Google Drive 2\textron\timpmp_produccion\images\textos.css --> tim-pmp.com /public_html/operadores/images textos.css
2014.09.17 09:41 B C:\Users\redkey\Google Drive 2\textron\timpmp_produccion\images\tit_documentacion.jpg --> tim-pmp.com /public_html/operadores/images tit_documentacion.jpg
2014.09.17 09:41 B C:\Users\redkey\Google Drive 2\textron\timpmp_produccion\images\tit_historial.jpg --> tim-pmp.com /public_html/operadores/images tit_historial.jpg
2014.09.17 09:41 B C:\Users\redkey\Google Drive 2\textron\timpmp_produccion\images\tit_sin_nada.jpg --> tim-pmp.com /public_html/operadores/images tit_sin_nada.jpg
2014.09.17 09:41 B C:\Users\redkey\Google Drive 2\textron\timpmp_produccion\images\tit_tareas_pendientes.jpg --> tim-pmp.com /public_html/operadores/images tit_tareas_pendientes.jpg
2014.09.17 09:41 B C:\Users\redkey\Google Drive 2\textron\timpmp_produccion\images\titulos_franjas.jpg --> tim-pmp.com /public_html/operadores/images titulos_franjas.jpg
2015.12.28 09:47 B C:\Users\redkey\Google Drive 2\RESPALDO TEXTRON\timpmp\operadores\images\WS_FTP.LOG <-- textron /public_html/operadores/images WS_FTP.LOG
2015.12.28 13:56 B C:\Users\redkey\Google Drive 2\RESPALDO TEXTRON\timpmp\operadores\images\agregar.png --> bluewolf.com.mx /timpmp/operadores/images agregar.png
2015.12.28 13:56 B C:\Users\redkey\Google Drive 2\RESPALDO TEXTRON\timpmp\operadores\images\b_administracion.png --> bluewolf.com.mx /timpmp/operadores/images b_administracion.png
2015.12.28 13:56 B C:\Users\redkey\Google Drive 2\RESPALDO TEXTRON\timpmp\operadores\images\b_administracion_r.png --> bluewolf.com.mx /timpmp/operadores/images b_administracion_r.png
2015.12.28 13:56 B C:\Users\redkey\Google Drive 2\RESPALDO TEXTRON\timpmp\operadores\images\b_cambio.png --> bluewolf.com.mx /timpmp/operadores/images b_cambio.png
2015.12.28 13:56 B C:\Users\redkey\Google Drive 2\RESPALDO TEXTRON\timpmp\operadores\images\b_cambio_r.png --> bluewolf.com.mx /timpmp/operadores/images b_cambio_r.png
2015.12.28 13:56 B C:\Users\redkey\Google Drive 2\RESPALDO TEXTRON\timpmp\operadores\images\b_firmar.png --> bluewolf.com.mx /timpmp/operadores/images b_firmar.png
2015.12.28 13:56 B C:\Users\redkey\Google Drive 2\RESPALDO TEXTRON\timpmp\operadores\images\b_firmar_r.png --> bluewolf.com.mx /timpmp/operadores/images b_firmar_r.png
2015.12.28 13:56 B C:\Users\redkey\Google Drive 2\RESPALDO TEXTRON\timpmp\operadores\images\b_guardar.png --> bluewolf.com.mx /timpmp/operadores/images b_guardar.png
2015.12.28 13:56 B C:\Users\redkey\Google Drive 2\RESPALDO TEXTRON\timpmp\operadores\images\b_guardar_r.png --> bluewolf.com.mx /timpmp/operadores/images b_guardar_r.png
2015.12.28 13:56 B C:\Users\redkey\Google Drive 2\RESPALDO TEXTRON\timpmp\operadores\images\b_inicio.png --> bluewolf.com.mx /timpmp/operadores/images b_inicio.png
2015.12.28 13:56 B C:\Users\redkey\Google Drive 2\RESPALDO TEXTRON\timpmp\operadores\images\b_inicio_r.png --> bluewolf.com.mx /timpmp/operadores/images b_inicio_r.png
2015.12.28 13:56 B C:\Users\redkey\Google Drive 2\RESPALDO TEXTRON\timpmp\operadores\images\b_log_out.png --> bluewolf.com.mx /timpmp/operadores/images b_log_out.png
2015.12.28 13:56 B C:\Users\redkey\Google Drive 2\RESPALDO TEXTRON\timpmp\operadores\images\b_log_out_r.png --> bluewolf.com.mx /timpmp/operadores/images b_log_out_r.png
2015.12.28 13:56 B C:\Users\redkey\Google Drive 2\RESPALDO TEXTRON\timpmp\operadores\images\bkg_admin.jpg --> bluewolf.com.mx /timpmp/operadores/images bkg_admin.jpg
2015.12.28 13:56 B C:\Users\redkey\Google Drive 2\RESPALDO TEXTRON\timpmp\operadores\images\bkg_azul.jpg --> bluewolf.com.mx /timpmp/operadores/images bkg_azul.jpg
2015.12.28 13:56 B C:\Users\redkey\Google Drive 2\RESPALDO TEXTRON\timpmp\operadores\images\bkg_fondo.jpg --> bluewolf.com.mx /timpmp/operadores/images bkg_fondo.jpg
2015.12.28 13:56 B C:\Users\redkey\Google Drive 2\RESPALDO TEXTRON\timpmp\operadores\images\bkg_fondo_2.jpg --> bluewolf.com.mx /timpmp/operadores/images bkg_fondo_2.jpg
2015.12.28 13:56 B C:\Users\redkey\Google Drive 2\RESPALDO TEXTRON\timpmp\operadores\images\border.png --> bluewolf.com.mx /timpmp/operadores/images border.png
2015.12.28 13:56 B C:\Users\redkey\Google Drive 2\RESPALDO TEXTRON\timpmp\operadores\images\border1.png --> bluewolf.com.mx /timpmp/operadores/images border1.png
2015.12.28 13:56 B C:\Users\redkey\Google Drive 2\RESPALDO TEXTRON\timpmp\operadores\images\border2.png --> bluewolf.com.mx /timpmp/operadores/images border2.png
2015.12.28 13:56 B C:\Users\redkey\Google Drive 2\RESPALDO TEXTRON\timpmp\operadores\images\campo.jpg --> bluewolf.com.mx /timpmp/operadores/images campo.jpg
2015.12.28 13:56 B C:\Users\redkey\Google Drive 2\RESPALDO TEXTRON\timpmp\operadores\images\controls.png --> bluewolf.com.mx /timpmp/operadores/images controls.png
2015.12.28 13:56 B C:\Users\redkey\Google Drive 2\RESPALDO TEXTRON\timpmp\operadores\images\cuadro_abajo.png --> bluewolf.com.mx /timpmp/operadores/images cuadro_abajo.png
2015.12.28 13:56 B C:\Users\redkey\Google Drive 2\RESPALDO TEXTRON\timpmp\operadores\images\cuadro_arriba.png --> bluewolf.com.mx /timpmp/operadores/images cuadro_arriba.png
2015.12.28 13:56 B C:\Users\redkey\Google Drive 2\RESPALDO TEXTRON\timpmp\operadores\images\cuadro_der.png --> bluewolf.com.mx /timpmp/operadores/images cuadro_der.png
2015.12.28 13:56 B C:\Users\redkey\Google Drive 2\RESPALDO TEXTRON\timpmp\operadores\images\cuadro_int_abajo.png --> bluewolf.com.mx /timpmp/operadores/images cuadro_int_abajo.png
2015.12.28 13:56 B C:\Users\redkey\Google Drive 2\RESPALDO TEXTRON\timpmp\operadores\images\cuadro_int_arriba.png --> bluewolf.com.mx /timpmp/operadores/images cuadro_int_arriba.png
2015.12.28 13:56 B C:\Users\redkey\Google Drive 2\RESPALDO TEXTRON\timpmp\operadores\images\cuadro_int_der.png --> bluewolf.com.mx /timpmp/operadores/images cuadro_int_der.png
2015.12.28 13:56 B C:\Users\redkey\Google Drive 2\RESPALDO TEXTRON\timpmp\operadores\images\cuadro_int_izq.png --> bluewolf.com.mx /timpmp/operadores/images cuadro_int_izq.png
2015.12.28 13:56 B C:\Users\redkey\Google Drive 2\RESPALDO TEXTRON\timpmp\operadores\images\cuadro_izq.png --> bluewolf.com.mx /timpmp/operadores/images cuadro_izq.png
2015.12.28 13:56 B C:\Users\redkey\Google Drive 2\RESPALDO TEXTRON\timpmp\operadores\images\editar.png --> bluewolf.com.mx /timpmp/operadores/images editar.png
2015.12.28 13:56 B C:\Users\redkey\Google Drive 2\RESPALDO TEXTRON\timpmp\operadores\images\eliminar.png --> bluewolf.com.mx /timpmp/operadores/images eliminar.png
2015.12.28 13:56 B C:\Users\redkey\Google Drive 2\RESPALDO TEXTRON\timpmp\operadores\images\franja.jpg --> bluewolf.com.mx /timpmp/operadores/images franja.jpg
2015.12.28 13:56 B C:\Users\redkey\Google Drive 2\RESPALDO TEXTRON\timpmp\operadores\images\grafica.png --> bluewolf.com.mx /timpmp/operadores/images grafica.png
2015.12.28 13:56 B C:\Users\redkey\Google Drive 2\RESPALDO TEXTRON\timpmp\operadores\images\header_1.jpg --> bluewolf.com.mx /timpmp/operadores/images header_1.jpg
2015.12.28 13:56 B C:\Users\redkey\Google Drive 2\RESPALDO TEXTRON\timpmp\operadores\images\header_mail.jpg --> bluewolf.com.mx /timpmp/operadores/images header_mail.jpg
2015.12.28 13:56 B C:\Users\redkey\Google Drive 2\RESPALDO TEXTRON\timpmp\operadores\images\icono_borrar.png --> bluewolf.com.mx /timpmp/operadores/images icono_borrar.png
2015.12.28 13:56 B C:\Users\redkey\Google Drive 2\RESPALDO TEXTRON\timpmp\operadores\images\logo_marca_agua.jpg --> bluewolf.com.mx /timpmp/operadores/images logo_marca_agua.jpg
2015.12.28 13:56 B C:\Users\redkey\Google Drive 2\RESPALDO TEXTRON\timpmp\operadores\images\logo_textron.png --> bluewolf.com.mx /timpmp/operadores/images logo_textron.png
2015.12.28 13:56 B C:\Users\redkey\Google Drive 2\RESPALDO TEXTRON\timpmp\operadores\images\modelo_tim2.jpg --> bluewolf.com.mx /timpmp/operadores/images modelo_tim2.jpg
2015.12.28 13:56 B C:\Users\redkey\Google Drive 2\RESPALDO TEXTRON\timpmp\operadores\images\modelo_tim2.png --> bluewolf.com.mx /timpmp/operadores/images modelo_tim2.png
2015.12.28 13:56 B C:\Users\redkey\Google Drive 2\RESPALDO TEXTRON\timpmp\operadores\images\spacer.gif --> bluewolf.com.mx /timpmp/operadores/images spacer.gif
2015.12.28 13:56 B C:\Users\redkey\Google Drive 2\RESPALDO TEXTRON\timpmp\operadores\images\textos.css --> bluewolf.com.mx /timpmp/operadores/images textos.css
2015.12.28 13:56 B C:\Users\redkey\Google Drive 2\RESPALDO TEXTRON\timpmp\operadores\images\tit_documentacion.jpg --> bluewolf.com.mx /timpmp/operadores/images tit_documentacion.jpg
2015.12.28 13:56 B C:\Users\redkey\Google Drive 2\RESPALDO TEXTRON\timpmp\operadores\images\tit_historial.jpg --> bluewolf.com.mx /timpmp/operadores/images tit_historial.jpg
2015.12.28 13:57 B C:\Users\redkey\Google Drive 2\RESPALDO TEXTRON\timpmp\operadores\images\tit_sin_nada.jpg --> bluewolf.com.mx /timpmp/operadores/images tit_sin_nada.jpg
2015.12.28 13:57 B C:\Users\redkey\Google Drive 2\RESPALDO TEXTRON\timpmp\operadores\images\tit_tareas_pendientes.jpg --> bluewolf.com.mx /timpmp/operadores/images tit_tareas_pendientes.jpg
2015.12.28 13:57 B C:\Users\redkey\Google Drive 2\RESPALDO TEXTRON\timpmp\operadores\images\titulos_franjas.jpg --> bluewolf.com.mx /timpmp/operadores/images titulos_franjas.jpg
