2015.03.25 09:24 B C:\Users\redkey\Google Drive 2\textron\timpmp_produccion\dompdf\www\desktop.ini --> tim-pmp.com /public_html/dompdf/www desktop.ini
2015.03.25 09:24 B C:\Users\redkey\Google Drive 2\textron\timpmp_produccion\dompdf\www\style.css --> tim-pmp.com /public_html/dompdf/www style.css
2015.03.25 09:24 B C:\Users\redkey\Google Drive 2\textron\timpmp_produccion\dompdf\www\setup.php --> tim-pmp.com /public_html/dompdf/www setup.php
2015.03.25 09:24 B C:\Users\redkey\Google Drive 2\textron\timpmp_produccion\dompdf\www\jquery-1.4.2.js --> tim-pmp.com /public_html/dompdf/www jquery-1.4.2.js
2015.03.25 09:24 B C:\Users\redkey\Google Drive 2\textron\timpmp_produccion\dompdf\www\index.php --> tim-pmp.com /public_html/dompdf/www index.php
2015.03.25 09:24 B C:\Users\redkey\Google Drive 2\textron\timpmp_produccion\dompdf\www\head.inc --> tim-pmp.com /public_html/dompdf/www head.inc
2015.03.25 09:24 B C:\Users\redkey\Google Drive 2\textron\timpmp_produccion\dompdf\www\functions.inc.php --> tim-pmp.com /public_html/dompdf/www functions.inc.php
2015.03.25 09:24 B C:\Users\redkey\Google Drive 2\textron\timpmp_produccion\dompdf\www\foot.inc --> tim-pmp.com /public_html/dompdf/www foot.inc
2015.03.25 09:24 B C:\Users\redkey\Google Drive 2\textron\timpmp_produccion\dompdf\www\fonts.php --> tim-pmp.com /public_html/dompdf/www fonts.php
2015.03.25 09:24 B C:\Users\redkey\Google Drive 2\textron\timpmp_produccion\dompdf\www\examples.php --> tim-pmp.com /public_html/dompdf/www examples.php
2015.03.25 09:24 B C:\Users\redkey\Google Drive 2\textron\timpmp_produccion\dompdf\www\demo.php --> tim-pmp.com /public_html/dompdf/www demo.php
2015.03.25 09:24 B C:\Users\redkey\Google Drive 2\textron\timpmp_produccion\dompdf\www\debugger.php --> tim-pmp.com /public_html/dompdf/www debugger.php
2015.03.25 09:24 B C:\Users\redkey\Google Drive 2\textron\timpmp_produccion\dompdf\www\controller.php --> tim-pmp.com /public_html/dompdf/www controller.php
2015.03.25 10:39 B C:\Users\redkey\Google Drive 2\textron\timpmp_produccion\dompdf\www\desktop.ini --> tim-pmp.com /public_html/dompdf/www desktop.ini
2015.03.25 10:39 B C:\Users\redkey\Google Drive 2\textron\timpmp_produccion\dompdf\www\WS_FTP.LOG --> tim-pmp.com /public_html/dompdf/www WS_FTP.LOG
2015.12.28 09:42 B C:\Users\redkey\Google Drive 2\RESPALDO TEXTRON\timpmp\dompdf\www\WS_FTP.LOG <-- textron /public_html/dompdf/www WS_FTP.LOG
2015.12.28 13:51 B C:\Users\redkey\Google Drive 2\RESPALDO TEXTRON\timpmp\dompdf\www\controller.php --> bluewolf.com.mx /timpmp/dompdf/www controller.php
2015.12.28 13:51 B C:\Users\redkey\Google Drive 2\RESPALDO TEXTRON\timpmp\dompdf\www\debugger.php --> bluewolf.com.mx /timpmp/dompdf/www debugger.php
2015.12.28 13:51 B C:\Users\redkey\Google Drive 2\RESPALDO TEXTRON\timpmp\dompdf\www\demo.php --> bluewolf.com.mx /timpmp/dompdf/www demo.php
2015.12.28 13:51 B C:\Users\redkey\Google Drive 2\RESPALDO TEXTRON\timpmp\dompdf\www\examples.php --> bluewolf.com.mx /timpmp/dompdf/www examples.php
2015.12.28 13:51 B C:\Users\redkey\Google Drive 2\RESPALDO TEXTRON\timpmp\dompdf\www\fonts.php --> bluewolf.com.mx /timpmp/dompdf/www fonts.php
2015.12.28 13:51 B C:\Users\redkey\Google Drive 2\RESPALDO TEXTRON\timpmp\dompdf\www\foot.inc --> bluewolf.com.mx /timpmp/dompdf/www foot.inc
2015.12.28 13:51 B C:\Users\redkey\Google Drive 2\RESPALDO TEXTRON\timpmp\dompdf\www\functions.inc.php --> bluewolf.com.mx /timpmp/dompdf/www functions.inc.php
2015.12.28 13:51 B C:\Users\redkey\Google Drive 2\RESPALDO TEXTRON\timpmp\dompdf\www\head.inc --> bluewolf.com.mx /timpmp/dompdf/www head.inc
2015.12.28 13:51 B C:\Users\redkey\Google Drive 2\RESPALDO TEXTRON\timpmp\dompdf\www\index.php --> bluewolf.com.mx /timpmp/dompdf/www index.php
2015.12.28 13:51 B C:\Users\redkey\Google Drive 2\RESPALDO TEXTRON\timpmp\dompdf\www\jquery-1.4.2.js --> bluewolf.com.mx /timpmp/dompdf/www jquery-1.4.2.js
2015.12.28 13:51 B C:\Users\redkey\Google Drive 2\RESPALDO TEXTRON\timpmp\dompdf\www\setup.php --> bluewolf.com.mx /timpmp/dompdf/www setup.php
2015.12.28 13:51 B C:\Users\redkey\Google Drive 2\RESPALDO TEXTRON\timpmp\dompdf\www\style.css --> bluewolf.com.mx /timpmp/dompdf/www style.css
