2015.03.25 09:25 B C:\Users\redkey\Google Drive 2\textron\timpmp_produccion\dompdf\lib\php-font-lib\maps\desktop.ini --> tim-pmp.com /public_html/dompdf/lib/php-font-lib/maps desktop.ini
2015.03.25 09:25 B C:\Users\redkey\Google Drive 2\textron\timpmp_produccion\dompdf\lib\php-font-lib\maps\koi8-u.map --> tim-pmp.com /public_html/dompdf/lib/php-font-lib/maps koi8-u.map
2015.03.25 09:25 B C:\Users\redkey\Google Drive 2\textron\timpmp_produccion\dompdf\lib\php-font-lib\maps\koi8-r.map --> tim-pmp.com /public_html/dompdf/lib/php-font-lib/maps koi8-r.map
2015.03.25 09:25 B C:\Users\redkey\Google Drive 2\textron\timpmp_produccion\dompdf\lib\php-font-lib\maps\iso-8859-9.map --> tim-pmp.com /public_html/dompdf/lib/php-font-lib/maps iso-8859-9.map
2015.03.25 09:25 B C:\Users\redkey\Google Drive 2\textron\timpmp_produccion\dompdf\lib\php-font-lib\maps\iso-8859-7.map --> tim-pmp.com /public_html/dompdf/lib/php-font-lib/maps iso-8859-7.map
2015.03.25 09:25 B C:\Users\redkey\Google Drive 2\textron\timpmp_produccion\dompdf\lib\php-font-lib\maps\iso-8859-5.map --> tim-pmp.com /public_html/dompdf/lib/php-font-lib/maps iso-8859-5.map
2015.03.25 09:25 B C:\Users\redkey\Google Drive 2\textron\timpmp_produccion\dompdf\lib\php-font-lib\maps\iso-8859-4.map --> tim-pmp.com /public_html/dompdf/lib/php-font-lib/maps iso-8859-4.map
2015.03.25 09:25 B C:\Users\redkey\Google Drive 2\textron\timpmp_produccion\dompdf\lib\php-font-lib\maps\iso-8859-2.map --> tim-pmp.com /public_html/dompdf/lib/php-font-lib/maps iso-8859-2.map
2015.03.25 09:25 B C:\Users\redkey\Google Drive 2\textron\timpmp_produccion\dompdf\lib\php-font-lib\maps\iso-8859-16.map --> tim-pmp.com /public_html/dompdf/lib/php-font-lib/maps iso-8859-16.map
2015.03.25 09:25 B C:\Users\redkey\Google Drive 2\textron\timpmp_produccion\dompdf\lib\php-font-lib\maps\iso-8859-15.map --> tim-pmp.com /public_html/dompdf/lib/php-font-lib/maps iso-8859-15.map
2015.03.25 09:25 B C:\Users\redkey\Google Drive 2\textron\timpmp_produccion\dompdf\lib\php-font-lib\maps\iso-8859-11.map --> tim-pmp.com /public_html/dompdf/lib/php-font-lib/maps iso-8859-11.map
2015.03.25 09:25 B C:\Users\redkey\Google Drive 2\textron\timpmp_produccion\dompdf\lib\php-font-lib\maps\iso-8859-1.map --> tim-pmp.com /public_html/dompdf/lib/php-font-lib/maps iso-8859-1.map
2015.03.25 09:25 B C:\Users\redkey\Google Drive 2\textron\timpmp_produccion\dompdf\lib\php-font-lib\maps\cp874.map --> tim-pmp.com /public_html/dompdf/lib/php-font-lib/maps cp874.map
2015.03.25 09:25 B C:\Users\redkey\Google Drive 2\textron\timpmp_produccion\dompdf\lib\php-font-lib\maps\cp1258.map --> tim-pmp.com /public_html/dompdf/lib/php-font-lib/maps cp1258.map
2015.03.25 09:25 B C:\Users\redkey\Google Drive 2\textron\timpmp_produccion\dompdf\lib\php-font-lib\maps\cp1257.map --> tim-pmp.com /public_html/dompdf/lib/php-font-lib/maps cp1257.map
2015.03.25 09:25 B C:\Users\redkey\Google Drive 2\textron\timpmp_produccion\dompdf\lib\php-font-lib\maps\cp1255.map --> tim-pmp.com /public_html/dompdf/lib/php-font-lib/maps cp1255.map
2015.03.25 09:25 B C:\Users\redkey\Google Drive 2\textron\timpmp_produccion\dompdf\lib\php-font-lib\maps\cp1254.map --> tim-pmp.com /public_html/dompdf/lib/php-font-lib/maps cp1254.map
2015.03.25 09:25 B C:\Users\redkey\Google Drive 2\textron\timpmp_produccion\dompdf\lib\php-font-lib\maps\cp1253.map --> tim-pmp.com /public_html/dompdf/lib/php-font-lib/maps cp1253.map
2015.03.25 09:25 B C:\Users\redkey\Google Drive 2\textron\timpmp_produccion\dompdf\lib\php-font-lib\maps\cp1252.map --> tim-pmp.com /public_html/dompdf/lib/php-font-lib/maps cp1252.map
2015.03.25 09:25 B C:\Users\redkey\Google Drive 2\textron\timpmp_produccion\dompdf\lib\php-font-lib\maps\cp1251.map --> tim-pmp.com /public_html/dompdf/lib/php-font-lib/maps cp1251.map
2015.03.25 09:25 B C:\Users\redkey\Google Drive 2\textron\timpmp_produccion\dompdf\lib\php-font-lib\maps\cp1250.map --> tim-pmp.com /public_html/dompdf/lib/php-font-lib/maps cp1250.map
2015.03.25 09:25 B C:\Users\redkey\Google Drive 2\textron\timpmp_produccion\dompdf\lib\php-font-lib\maps\adobe-standard-encoding.map --> tim-pmp.com /public_html/dompdf/lib/php-font-lib/maps adobe-standard-encoding.map
2015.03.25 10:36 B C:\Users\redkey\Google Drive 2\textron\timpmp_produccion\dompdf\lib\php-font-lib\maps\desktop.ini --> tim-pmp.com /public_html/dompdf/lib/php-font-lib/maps desktop.ini
2015.03.25 10:36 B C:\Users\redkey\Google Drive 2\textron\timpmp_produccion\dompdf\lib\php-font-lib\maps\WS_FTP.LOG --> tim-pmp.com /public_html/dompdf/lib/php-font-lib/maps WS_FTP.LOG
2015.12.28 09:39 B C:\Users\redkey\Google Drive 2\RESPALDO TEXTRON\timpmp\dompdf\lib\php-font-lib\maps\WS_FTP.LOG <-- textron /public_html/dompdf/lib/php-font-lib/maps WS_FTP.LOG
2015.12.28 13:49 B C:\Users\redkey\Google Drive 2\RESPALDO TEXTRON\timpmp\dompdf\lib\php-font-lib\maps\adobe-standard-encoding.map --> bluewolf.com.mx /timpmp/dompdf/lib/php-font-lib/maps adobe-standard-encoding.map
2015.12.28 13:49 B C:\Users\redkey\Google Drive 2\RESPALDO TEXTRON\timpmp\dompdf\lib\php-font-lib\maps\cp1250.map --> bluewolf.com.mx /timpmp/dompdf/lib/php-font-lib/maps cp1250.map
2015.12.28 13:49 B C:\Users\redkey\Google Drive 2\RESPALDO TEXTRON\timpmp\dompdf\lib\php-font-lib\maps\cp1251.map --> bluewolf.com.mx /timpmp/dompdf/lib/php-font-lib/maps cp1251.map
2015.12.28 13:49 B C:\Users\redkey\Google Drive 2\RESPALDO TEXTRON\timpmp\dompdf\lib\php-font-lib\maps\cp1252.map --> bluewolf.com.mx /timpmp/dompdf/lib/php-font-lib/maps cp1252.map
2015.12.28 13:49 B C:\Users\redkey\Google Drive 2\RESPALDO TEXTRON\timpmp\dompdf\lib\php-font-lib\maps\cp1253.map --> bluewolf.com.mx /timpmp/dompdf/lib/php-font-lib/maps cp1253.map
2015.12.28 13:49 B C:\Users\redkey\Google Drive 2\RESPALDO TEXTRON\timpmp\dompdf\lib\php-font-lib\maps\cp1254.map --> bluewolf.com.mx /timpmp/dompdf/lib/php-font-lib/maps cp1254.map
2015.12.28 13:49 B C:\Users\redkey\Google Drive 2\RESPALDO TEXTRON\timpmp\dompdf\lib\php-font-lib\maps\cp1255.map --> bluewolf.com.mx /timpmp/dompdf/lib/php-font-lib/maps cp1255.map
2015.12.28 13:49 B C:\Users\redkey\Google Drive 2\RESPALDO TEXTRON\timpmp\dompdf\lib\php-font-lib\maps\cp1257.map --> bluewolf.com.mx /timpmp/dompdf/lib/php-font-lib/maps cp1257.map
2015.12.28 13:49 B C:\Users\redkey\Google Drive 2\RESPALDO TEXTRON\timpmp\dompdf\lib\php-font-lib\maps\cp1258.map --> bluewolf.com.mx /timpmp/dompdf/lib/php-font-lib/maps cp1258.map
2015.12.28 13:49 B C:\Users\redkey\Google Drive 2\RESPALDO TEXTRON\timpmp\dompdf\lib\php-font-lib\maps\cp874.map --> bluewolf.com.mx /timpmp/dompdf/lib/php-font-lib/maps cp874.map
2015.12.28 13:49 B C:\Users\redkey\Google Drive 2\RESPALDO TEXTRON\timpmp\dompdf\lib\php-font-lib\maps\iso-8859-1.map --> bluewolf.com.mx /timpmp/dompdf/lib/php-font-lib/maps iso-8859-1.map
2015.12.28 13:49 B C:\Users\redkey\Google Drive 2\RESPALDO TEXTRON\timpmp\dompdf\lib\php-font-lib\maps\iso-8859-11.map --> bluewolf.com.mx /timpmp/dompdf/lib/php-font-lib/maps iso-8859-11.map
2015.12.28 13:49 B C:\Users\redkey\Google Drive 2\RESPALDO TEXTRON\timpmp\dompdf\lib\php-font-lib\maps\iso-8859-15.map --> bluewolf.com.mx /timpmp/dompdf/lib/php-font-lib/maps iso-8859-15.map
2015.12.28 13:49 B C:\Users\redkey\Google Drive 2\RESPALDO TEXTRON\timpmp\dompdf\lib\php-font-lib\maps\iso-8859-16.map --> bluewolf.com.mx /timpmp/dompdf/lib/php-font-lib/maps iso-8859-16.map
2015.12.28 13:49 B C:\Users\redkey\Google Drive 2\RESPALDO TEXTRON\timpmp\dompdf\lib\php-font-lib\maps\iso-8859-2.map --> bluewolf.com.mx /timpmp/dompdf/lib/php-font-lib/maps iso-8859-2.map
2015.12.28 13:49 B C:\Users\redkey\Google Drive 2\RESPALDO TEXTRON\timpmp\dompdf\lib\php-font-lib\maps\iso-8859-4.map --> bluewolf.com.mx /timpmp/dompdf/lib/php-font-lib/maps iso-8859-4.map
2015.12.28 13:49 B C:\Users\redkey\Google Drive 2\RESPALDO TEXTRON\timpmp\dompdf\lib\php-font-lib\maps\iso-8859-5.map --> bluewolf.com.mx /timpmp/dompdf/lib/php-font-lib/maps iso-8859-5.map
2015.12.28 13:49 B C:\Users\redkey\Google Drive 2\RESPALDO TEXTRON\timpmp\dompdf\lib\php-font-lib\maps\iso-8859-7.map --> bluewolf.com.mx /timpmp/dompdf/lib/php-font-lib/maps iso-8859-7.map
2015.12.28 13:49 B C:\Users\redkey\Google Drive 2\RESPALDO TEXTRON\timpmp\dompdf\lib\php-font-lib\maps\iso-8859-9.map --> bluewolf.com.mx /timpmp/dompdf/lib/php-font-lib/maps iso-8859-9.map
2015.12.28 13:49 B C:\Users\redkey\Google Drive 2\RESPALDO TEXTRON\timpmp\dompdf\lib\php-font-lib\maps\koi8-r.map --> bluewolf.com.mx /timpmp/dompdf/lib/php-font-lib/maps koi8-r.map
2015.12.28 13:49 B C:\Users\redkey\Google Drive 2\RESPALDO TEXTRON\timpmp\dompdf\lib\php-font-lib\maps\koi8-u.map --> bluewolf.com.mx /timpmp/dompdf/lib/php-font-lib/maps koi8-u.map
