2017.08.29 09:34 B C:\Users\BlueWolf\Downloads\Highcharts\code\js\themes\sunset.src.js --> oldschool.com.mx /wwwtristone/oee/code/js/themes sunset.src.js
2017.08.29 09:34 B C:\Users\BlueWolf\Downloads\Highcharts\code\js\themes\sunset.js.map --> oldschool.com.mx /wwwtristone/oee/code/js/themes sunset.js.map
2017.08.29 09:34 B C:\Users\BlueWolf\Downloads\Highcharts\code\js\themes\sunset.js --> oldschool.com.mx /wwwtristone/oee/code/js/themes sunset.js
2017.08.29 09:34 B C:\Users\BlueWolf\Downloads\Highcharts\code\js\themes\skies.src.js --> oldschool.com.mx /wwwtristone/oee/code/js/themes skies.src.js
2017.08.29 09:34 B C:\Users\BlueWolf\Downloads\Highcharts\code\js\themes\skies.js.map --> oldschool.com.mx /wwwtristone/oee/code/js/themes skies.js.map
2017.08.29 09:34 B C:\Users\BlueWolf\Downloads\Highcharts\code\js\themes\skies.js --> oldschool.com.mx /wwwtristone/oee/code/js/themes skies.js
2017.08.29 09:34 B C:\Users\BlueWolf\Downloads\Highcharts\code\js\themes\sand-signika.src.js --> oldschool.com.mx /wwwtristone/oee/code/js/themes sand-signika.src.js
2017.08.29 09:34 B C:\Users\BlueWolf\Downloads\Highcharts\code\js\themes\sand-signika.js.map --> oldschool.com.mx /wwwtristone/oee/code/js/themes sand-signika.js.map
2017.08.29 09:34 B C:\Users\BlueWolf\Downloads\Highcharts\code\js\themes\sand-signika.js --> oldschool.com.mx /wwwtristone/oee/code/js/themes sand-signika.js
2017.08.29 09:34 B C:\Users\BlueWolf\Downloads\Highcharts\code\js\themes\grid.src.js --> oldschool.com.mx /wwwtristone/oee/code/js/themes grid.src.js
2017.08.29 09:34 B C:\Users\BlueWolf\Downloads\Highcharts\code\js\themes\grid.js.map --> oldschool.com.mx /wwwtristone/oee/code/js/themes grid.js.map
2017.08.29 09:34 B C:\Users\BlueWolf\Downloads\Highcharts\code\js\themes\grid.js --> oldschool.com.mx /wwwtristone/oee/code/js/themes grid.js
2017.08.29 09:34 B C:\Users\BlueWolf\Downloads\Highcharts\code\js\themes\grid-light.src.js --> oldschool.com.mx /wwwtristone/oee/code/js/themes grid-light.src.js
2017.08.29 09:34 B C:\Users\BlueWolf\Downloads\Highcharts\code\js\themes\grid-light.js.map --> oldschool.com.mx /wwwtristone/oee/code/js/themes grid-light.js.map
2017.08.29 09:34 B C:\Users\BlueWolf\Downloads\Highcharts\code\js\themes\grid-light.js --> oldschool.com.mx /wwwtristone/oee/code/js/themes grid-light.js
2017.08.29 09:34 B C:\Users\BlueWolf\Downloads\Highcharts\code\js\themes\gray.src.js --> oldschool.com.mx /wwwtristone/oee/code/js/themes gray.src.js
2017.08.29 09:34 B C:\Users\BlueWolf\Downloads\Highcharts\code\js\themes\gray.js.map --> oldschool.com.mx /wwwtristone/oee/code/js/themes gray.js.map
2017.08.29 09:34 B C:\Users\BlueWolf\Downloads\Highcharts\code\js\themes\gray.js --> oldschool.com.mx /wwwtristone/oee/code/js/themes gray.js
2017.08.29 09:34 B C:\Users\BlueWolf\Downloads\Highcharts\code\js\themes\dark-unica.src.js --> oldschool.com.mx /wwwtristone/oee/code/js/themes dark-unica.src.js
2017.08.29 09:34 B C:\Users\BlueWolf\Downloads\Highcharts\code\js\themes\dark-unica.js.map --> oldschool.com.mx /wwwtristone/oee/code/js/themes dark-unica.js.map
2017.08.29 09:34 B C:\Users\BlueWolf\Downloads\Highcharts\code\js\themes\dark-unica.js --> oldschool.com.mx /wwwtristone/oee/code/js/themes dark-unica.js
2017.08.29 09:34 B C:\Users\BlueWolf\Downloads\Highcharts\code\js\themes\dark-green.src.js --> oldschool.com.mx /wwwtristone/oee/code/js/themes dark-green.src.js
2017.08.29 09:34 B C:\Users\BlueWolf\Downloads\Highcharts\code\js\themes\dark-green.js.map --> oldschool.com.mx /wwwtristone/oee/code/js/themes dark-green.js.map
2017.08.29 09:34 B C:\Users\BlueWolf\Downloads\Highcharts\code\js\themes\dark-green.js --> oldschool.com.mx /wwwtristone/oee/code/js/themes dark-green.js
2017.08.29 09:34 B C:\Users\BlueWolf\Downloads\Highcharts\code\js\themes\dark-blue.src.js --> oldschool.com.mx /wwwtristone/oee/code/js/themes dark-blue.src.js
2017.08.29 09:34 B C:\Users\BlueWolf\Downloads\Highcharts\code\js\themes\dark-blue.js.map --> oldschool.com.mx /wwwtristone/oee/code/js/themes dark-blue.js.map
2017.08.29 09:34 B C:\Users\BlueWolf\Downloads\Highcharts\code\js\themes\dark-blue.js --> oldschool.com.mx /wwwtristone/oee/code/js/themes dark-blue.js
2017.08.29 09:34 B C:\Users\BlueWolf\Downloads\Highcharts\code\js\themes\avocado.src.js --> oldschool.com.mx /wwwtristone/oee/code/js/themes avocado.src.js
2017.08.29 09:34 B C:\Users\BlueWolf\Downloads\Highcharts\code\js\themes\avocado.js.map --> oldschool.com.mx /wwwtristone/oee/code/js/themes avocado.js.map
2017.08.29 09:34 B C:\Users\BlueWolf\Downloads\Highcharts\code\js\themes\avocado.js --> oldschool.com.mx /wwwtristone/oee/code/js/themes avocado.js
2017.10.02 14:39 B C:\Users\BlueWolf\Google Drive\textron\timpmp_produccion\code\js\themes\desktop.ini --> www.bluewolf.com.mx /public_html/timpmp/code/js/themes desktop.ini
