2011.09.02 13:34 B C:\borrar\date demo\css\smoothness\jquery-ui-1.8.16.custom.css --> myday.com.mx /demo/admin/css/smoothness jquery-ui-1.8.16.custom.css
2011.09.09 19:26 B C:\borrar\date demo\css\smoothness\jquery-ui-1.8.16.custom.css --> myday.com.mx /bodas/admin/css/smoothness jquery-ui-1.8.16.custom.css
2012.02.01 18:18 B C:\proyectos\melek\diseño\css\smoothness\WS_FTP.LOG <-- myday.com.m /bodas/admin/css/smoothness WS_FTP.LOG
2012.02.01 18:19 B C:\proyectos\melek\diseño\css\smoothness\jquery-ui-1.8.16.custom.css --> www.mail2mex.com /css/smoothness jquery-ui-1.8.16.custom.css
2012.02.01 18:19 B C:\proyectos\melek\diseño\css\smoothness\WS_FTP.LOG --> www.mail2mex.com /css/smoothness WS_FTP.LOG
2012.03.06 00:19 B C:\proyectos\melek\diseño\css\smoothness\jquery-ui-1.8.16.custom.css --> 168.143.54.44 /www/postales/css/smoothness jquery-ui-1.8.16.custom.css
2012.03.06 00:19 B C:\proyectos\melek\diseño\css\smoothness\WS_FTP.LOG --> 168.143.54.44 /www/postales/css/smoothness WS_FTP.LOG
2012.12.22 23:09 B C:\myDrive\Google Drive\proyectos\bautyroom\sitio\css\smoothness\WS_FTP.LOG --> be-beautyroom.com /css/smoothness WS_FTP.LOG
2012.12.22 23:09 B C:\myDrive\Google Drive\proyectos\bautyroom\sitio\css\smoothness\jquery-ui-1.8.16.custom.css --> be-beautyroom.com /css/smoothness jquery-ui-1.8.16.custom.css
2013.01.08 16:41 B C:\myDrive\Google Drive\proyectos\addHR\sitio\css\smoothness\jquery-ui-1.8.16.custom.css --> 75.127.85.5 /public_html/demo/css/smoothness jquery-ui-1.8.16.custom.css
2013.01.08 16:41 B C:\myDrive\Google Drive\proyectos\addHR\sitio\css\smoothness\WS_FTP.LOG --> 75.127.85.5 /public_html/demo/css/smoothness WS_FTP.LOG
2013.10.23 10:31 B C:\myDrive\Google Drive\proyectos\addHR\sitio\css\smoothness\jquery-ui-1.8.16.custom.css --> www.bluewolf.com.mx /css/smoothness jquery-ui-1.8.16.custom.css
2013.10.23 10:31 B C:\myDrive\Google Drive\proyectos\addHR\sitio\css\smoothness\WS_FTP.LOG --> www.bluewolf.com.mx /css/smoothness WS_FTP.LOG
2014.01.13 09:56 B C:\Users\lucia\Google Drive2\addHR\sitio\css\smoothness\desktop.ini --> ftp.creditosobrenomina.com /control/css/smoothness desktop.ini
2014.01.13 09:56 B C:\Users\lucia\Google Drive2\addHR\sitio\css\smoothness\jquery-ui-1.8.16.custom.css --> ftp.creditosobrenomina.com /control/css/smoothness jquery-ui-1.8.16.custom.css
2014.01.13 09:56 B C:\Users\lucia\Google Drive2\addHR\sitio\css\smoothness\WS_FTP.LOG --> ftp.creditosobrenomina.com /control/css/smoothness WS_FTP.LOG
2014.01.13 11:45 B C:\Users\lucia\Google Drive2\addHR\sitio\css\smoothness\desktop.ini --> aya-express.com /servicios/css/smoothness desktop.ini
2014.01.13 11:45 B C:\Users\lucia\Google Drive2\addHR\sitio\css\smoothness\jquery-ui-1.8.16.custom.css --> aya-express.com /servicios/css/smoothness jquery-ui-1.8.16.custom.css
2014.01.13 11:45 B C:\Users\lucia\Google Drive2\addHR\sitio\css\smoothness\WS_FTP.LOG --> aya-express.com /servicios/css/smoothness WS_FTP.LOG
2014.01.14 11:45 B C:\Users\lucia\Google Drive2\addHR\sitio\css\smoothness\desktop.ini --> aya-express.com /css/smoothness desktop.ini
2014.01.14 11:45 B C:\Users\lucia\Google Drive2\addHR\sitio\css\smoothness\jquery-ui-1.8.16.custom.css --> aya-express.com /css/smoothness jquery-ui-1.8.16.custom.css
2014.01.14 11:45 B C:\Users\lucia\Google Drive2\addHR\sitio\css\smoothness\WS_FTP.LOG --> aya-express.com /css/smoothness WS_FTP.LOG
2014.01.14 13:44 B C:\myDrive\Google Drive\proyectos\textron\sitio\css\smoothness\desktop.ini --> tim-pmp.com /public_html/css/smoothness desktop.ini
2015.12.28 09:34 B C:\Users\redkey\Google Drive 2\RESPALDO TEXTRON\timpmp\css\smoothness\WS_FTP.LOG <-- textron /public_html/css/smoothness WS_FTP.LOG
2015.12.28 13:45 B C:\Users\redkey\Google Drive 2\RESPALDO TEXTRON\timpmp\css\smoothness\jquery-ui-1.8.16.custom.css --> bluewolf.com.mx /timpmp/css/smoothness jquery-ui-1.8.16.custom.css
