2012.06.01 11:45 B C:\proyectos\bolsa\admin\colorbox\jquery.colorbox-min.js --> Chihuahuaemplea.com /demo/colorbox jquery.colorbox-min.js
2012.06.01 11:45 B C:\proyectos\bolsa\admin\colorbox\jquery.colorbox.js --> Chihuahuaemplea.com /demo/colorbox jquery.colorbox.js
2012.07.04 14:53 B C:\proyectos\bolsa\admin\colorbox\jquery.colorbox-min.js --> bluewolfonline.com /public_html/sauzal/colorbox jquery.colorbox-min.js
2012.07.04 14:53 B C:\proyectos\bolsa\admin\colorbox\jquery.colorbox.js --> bluewolfonline.com /public_html/sauzal/colorbox jquery.colorbox.js
2012.07.04 14:53 B C:\proyectos\bolsa\admin\colorbox\WS_FTP.LOG --> bluewolfonline.com /public_html/sauzal/colorbox WS_FTP.LOG
2012.10.09 10:50 B C:\proyectos\PCI\sitio\colorbox\jquery.colorbox-min.js --> www.pciservicios.com /colorbox jquery.colorbox-min.js
2012.10.09 10:50 B C:\proyectos\PCI\sitio\colorbox\jquery.colorbox.js --> www.pciservicios.com /colorbox jquery.colorbox.js
2012.10.09 10:50 B C:\proyectos\PCI\sitio\colorbox\WS_FTP.LOG --> www.pciservicios.com /colorbox WS_FTP.LOG
2012.10.10 19:40 B C:\proyectos\PCI\sitio\colorbox\WS_FTP.LOG --> lacocinaestudio.com /PCI/colorbox WS_FTP.LOG
2012.10.10 19:40 B C:\proyectos\PCI\sitio\colorbox\jquery.colorbox-min.js --> lacocinaestudio.com /PCI/colorbox jquery.colorbox-min.js
2012.10.10 19:40 B C:\proyectos\PCI\sitio\colorbox\jquery.colorbox.js --> lacocinaestudio.com /PCI/colorbox jquery.colorbox.js
2013.01.08 16:39 B C:\myDrive\Google Drive\proyectos\addHR\sitio\colorbox\WS_FTP.LOG <-- beautyroom /colorbox WS_FTP.LOG
2013.01.08 16:41 B C:\myDrive\Google Drive\proyectos\addHR\sitio\colorbox\jquery.colorbox-min.js --> 75.127.85.5 /public_html/demo/colorbox jquery.colorbox-min.js
2013.01.08 16:41 B C:\myDrive\Google Drive\proyectos\addHR\sitio\colorbox\jquery.colorbox.js --> 75.127.85.5 /public_html/demo/colorbox jquery.colorbox.js
2013.01.08 16:41 B C:\myDrive\Google Drive\proyectos\addHR\sitio\colorbox\WS_FTP.LOG --> 75.127.85.5 /public_html/demo/colorbox WS_FTP.LOG
2013.05.02 14:48 B C:\Users\Miguel L\Google Drive\proyectos\addHR\sitio\colorbox\desktop.ini --> www.bluewolf.com.mx /colorbox desktop.ini
2013.05.02 14:48 B C:\Users\Miguel L\Google Drive\proyectos\addHR\sitio\colorbox\jquery.colorbox-min.js --> www.bluewolf.com.mx /colorbox jquery.colorbox-min.js
2013.05.02 14:48 B C:\Users\Miguel L\Google Drive\proyectos\addHR\sitio\colorbox\jquery.colorbox.js --> www.bluewolf.com.mx /colorbox jquery.colorbox.js
2013.05.02 14:48 B C:\Users\Miguel L\Google Drive\proyectos\addHR\sitio\colorbox\WS_FTP.LOG --> www.bluewolf.com.mx /colorbox WS_FTP.LOG
2013.10.17 11:27 B C:\myDrive\Google Drive\proyectos\addHR\sitio\colorbox\jquery.colorbox-min.js --> www.bluewolf.com.mx /colorbox jquery.colorbox-min.js
2013.10.17 11:27 B C:\myDrive\Google Drive\proyectos\addHR\sitio\colorbox\jquery.colorbox.js --> www.bluewolf.com.mx /colorbox jquery.colorbox.js
2013.10.17 11:27 B C:\myDrive\Google Drive\proyectos\addHR\sitio\colorbox\WS_FTP.LOG --> www.bluewolf.com.mx /colorbox WS_FTP.LOG
2014.01.23 12:18 B C:\Documents and Settings\Administrador\Mis documentos\Google Drive\textron\sitio\colorbox\desktop.ini --> tim-pmp.com /www/colorbox desktop.ini
2014.01.23 12:18 B C:\Documents and Settings\Administrador\Mis documentos\Google Drive\textron\sitio\colorbox\jquery.colorbox-min.js --> tim-pmp.com /www/colorbox jquery.colorbox-min.js
2014.01.23 12:18 B C:\Documents and Settings\Administrador\Mis documentos\Google Drive\textron\sitio\colorbox\jquery.colorbox.js --> tim-pmp.com /www/colorbox jquery.colorbox.js
2014.01.23 12:18 B C:\Documents and Settings\Administrador\Mis documentos\Google Drive\textron\sitio\colorbox\WS_FTP.LOG --> tim-pmp.com /www/colorbox WS_FTP.LOG
2014.02.04 10:20 B C:\Documents and Settings\Administrador\Mis documentos\Google Drive\textron\sitio\colorbox\desktop.ini --> bluewolfonline.com /jvm/apache-tomcat-6.0.14/domains/oronaasesores.com/ROOT/colorbox desktop.ini
2014.02.04 10:20 B C:\Documents and Settings\Administrador\Mis documentos\Google Drive\textron\sitio\colorbox\jquery.colorbox-min.js --> bluewolfonline.com /jvm/apache-tomcat-6.0.14/domains/oronaasesores.com/ROOT/colorbox jquery.colorbox-min.js
2014.02.04 10:20 B C:\Documents and Settings\Administrador\Mis documentos\Google Drive\textron\sitio\colorbox\jquery.colorbox.js --> bluewolfonline.com /jvm/apache-tomcat-6.0.14/domains/oronaasesores.com/ROOT/colorbox jquery.colorbox.js
2014.02.04 10:20 B C:\Documents and Settings\Administrador\Mis documentos\Google Drive\textron\sitio\colorbox\WS_FTP.LOG --> bluewolfonline.com /jvm/apache-tomcat-6.0.14/domains/oronaasesores.com/ROOT/colorbox WS_FTP.LOG
2015.12.28 09:33 B C:\Users\redkey\Google Drive 2\RESPALDO TEXTRON\timpmp\colorbox\WS_FTP.LOG <-- textron /public_html/colorbox WS_FTP.LOG
2015.12.28 13:45 B C:\Users\redkey\Google Drive 2\RESPALDO TEXTRON\timpmp\colorbox\jquery.colorbox-min.js --> bluewolf.com.mx /timpmp/colorbox jquery.colorbox-min.js
2015.12.28 13:45 B C:\Users\redkey\Google Drive 2\RESPALDO TEXTRON\timpmp\colorbox\jquery.colorbox.js --> bluewolf.com.mx /timpmp/colorbox jquery.colorbox.js
