2017.08.29 09:33 B C:\Users\BlueWolf\Downloads\Highcharts\code\modules\xrange-series.src.js --> oldschool.com.mx /wwwtristone/oee/code/modules xrange-series.src.js
2017.08.29 09:33 B C:\Users\BlueWolf\Downloads\Highcharts\code\modules\xrange-series.js.map --> oldschool.com.mx /wwwtristone/oee/code/modules xrange-series.js.map
2017.08.29 09:33 B C:\Users\BlueWolf\Downloads\Highcharts\code\modules\xrange-series.js --> oldschool.com.mx /wwwtristone/oee/code/modules xrange-series.js
2017.08.29 09:33 B C:\Users\BlueWolf\Downloads\Highcharts\code\modules\treemap.src.js --> oldschool.com.mx /wwwtristone/oee/code/modules treemap.src.js
2017.08.29 09:34 B C:\Users\BlueWolf\Downloads\Highcharts\code\modules\treemap.js.map --> oldschool.com.mx /wwwtristone/oee/code/modules treemap.js.map
2017.08.29 09:34 B C:\Users\BlueWolf\Downloads\Highcharts\code\modules\treemap.js --> oldschool.com.mx /wwwtristone/oee/code/modules treemap.js
2017.08.29 09:34 B C:\Users\BlueWolf\Downloads\Highcharts\code\modules\stock.src.js --> oldschool.com.mx /wwwtristone/oee/code/modules stock.src.js
2017.08.29 09:34 B C:\Users\BlueWolf\Downloads\Highcharts\code\modules\stock.js.map --> oldschool.com.mx /wwwtristone/oee/code/modules stock.js.map
2017.08.29 09:34 B C:\Users\BlueWolf\Downloads\Highcharts\code\modules\stock.js --> oldschool.com.mx /wwwtristone/oee/code/modules stock.js
2017.08.29 09:34 B C:\Users\BlueWolf\Downloads\Highcharts\code\modules\static-scale.src.js --> oldschool.com.mx /wwwtristone/oee/code/modules static-scale.src.js
2017.08.29 09:34 B C:\Users\BlueWolf\Downloads\Highcharts\code\modules\static-scale.js.map --> oldschool.com.mx /wwwtristone/oee/code/modules static-scale.js.map
2017.08.29 09:34 B C:\Users\BlueWolf\Downloads\Highcharts\code\modules\static-scale.js --> oldschool.com.mx /wwwtristone/oee/code/modules static-scale.js
2017.08.29 09:34 B C:\Users\BlueWolf\Downloads\Highcharts\code\modules\solid-gauge.src.js --> oldschool.com.mx /wwwtristone/oee/code/modules solid-gauge.src.js
2017.08.29 09:34 B C:\Users\BlueWolf\Downloads\Highcharts\code\modules\solid-gauge.js.map --> oldschool.com.mx /wwwtristone/oee/code/modules solid-gauge.js.map
2017.08.29 09:34 B C:\Users\BlueWolf\Downloads\Highcharts\code\modules\solid-gauge.js --> oldschool.com.mx /wwwtristone/oee/code/modules solid-gauge.js
2017.08.29 09:34 B C:\Users\BlueWolf\Downloads\Highcharts\code\modules\series-label.src.js --> oldschool.com.mx /wwwtristone/oee/code/modules series-label.src.js
2017.08.29 09:34 B C:\Users\BlueWolf\Downloads\Highcharts\code\modules\series-label.js.map --> oldschool.com.mx /wwwtristone/oee/code/modules series-label.js.map
2017.08.29 09:34 B C:\Users\BlueWolf\Downloads\Highcharts\code\modules\series-label.js --> oldschool.com.mx /wwwtristone/oee/code/modules series-label.js
2017.08.29 09:34 B C:\Users\BlueWolf\Downloads\Highcharts\code\modules\overlapping-datalabels.src.js --> oldschool.com.mx /wwwtristone/oee/code/modules overlapping-datalabels.src.js
2017.08.29 09:34 B C:\Users\BlueWolf\Downloads\Highcharts\code\modules\overlapping-datalabels.js.map --> oldschool.com.mx /wwwtristone/oee/code/modules overlapping-datalabels.js.map
2017.08.29 09:34 B C:\Users\BlueWolf\Downloads\Highcharts\code\modules\overlapping-datalabels.js --> oldschool.com.mx /wwwtristone/oee/code/modules overlapping-datalabels.js
2017.08.29 09:34 B C:\Users\BlueWolf\Downloads\Highcharts\code\modules\offline-exporting.src.js --> oldschool.com.mx /wwwtristone/oee/code/modules offline-exporting.src.js
2017.08.29 09:34 B C:\Users\BlueWolf\Downloads\Highcharts\code\modules\offline-exporting.js.map --> oldschool.com.mx /wwwtristone/oee/code/modules offline-exporting.js.map
2017.08.29 09:34 B C:\Users\BlueWolf\Downloads\Highcharts\code\modules\offline-exporting.js --> oldschool.com.mx /wwwtristone/oee/code/modules offline-exporting.js
2017.08.29 09:34 B C:\Users\BlueWolf\Downloads\Highcharts\code\modules\no-data-to-display.src.js --> oldschool.com.mx /wwwtristone/oee/code/modules no-data-to-display.src.js
2017.08.29 09:34 B C:\Users\BlueWolf\Downloads\Highcharts\code\modules\no-data-to-display.js.map --> oldschool.com.mx /wwwtristone/oee/code/modules no-data-to-display.js.map
2017.08.29 09:34 B C:\Users\BlueWolf\Downloads\Highcharts\code\modules\no-data-to-display.js --> oldschool.com.mx /wwwtristone/oee/code/modules no-data-to-display.js
2017.08.29 09:34 B C:\Users\BlueWolf\Downloads\Highcharts\code\modules\map.js.map --> oldschool.com.mx /wwwtristone/oee/code/modules map.js.map
2017.08.29 09:34 B C:\Users\BlueWolf\Downloads\Highcharts\code\modules\map-parser.js.map --> oldschool.com.mx /wwwtristone/oee/code/modules map-parser.js.map
2017.08.29 09:34 B C:\Users\BlueWolf\Downloads\Highcharts\code\modules\heatmap.src.js --> oldschool.com.mx /wwwtristone/oee/code/modules heatmap.src.js
2017.08.29 09:34 B C:\Users\BlueWolf\Downloads\Highcharts\code\modules\heatmap.js.map --> oldschool.com.mx /wwwtristone/oee/code/modules heatmap.js.map
2017.08.29 09:34 B C:\Users\BlueWolf\Downloads\Highcharts\code\modules\heatmap.js --> oldschool.com.mx /wwwtristone/oee/code/modules heatmap.js
2017.08.29 09:34 B C:\Users\BlueWolf\Downloads\Highcharts\code\modules\grid-axis.src.js --> oldschool.com.mx /wwwtristone/oee/code/modules grid-axis.src.js
2017.08.29 09:34 B C:\Users\BlueWolf\Downloads\Highcharts\code\modules\grid-axis.js.map --> oldschool.com.mx /wwwtristone/oee/code/modules grid-axis.js.map
2017.08.29 09:34 B C:\Users\BlueWolf\Downloads\Highcharts\code\modules\grid-axis.js --> oldschool.com.mx /wwwtristone/oee/code/modules grid-axis.js
2017.08.29 09:34 B C:\Users\BlueWolf\Downloads\Highcharts\code\modules\gantt.src.js --> oldschool.com.mx /wwwtristone/oee/code/modules gantt.src.js
2017.08.29 09:34 B C:\Users\BlueWolf\Downloads\Highcharts\code\modules\gantt.js.map --> oldschool.com.mx /wwwtristone/oee/code/modules gantt.js.map
2017.08.29 09:34 B C:\Users\BlueWolf\Downloads\Highcharts\code\modules\gantt.js --> oldschool.com.mx /wwwtristone/oee/code/modules gantt.js
2017.08.29 09:34 B C:\Users\BlueWolf\Downloads\Highcharts\code\modules\funnel.src.js --> oldschool.com.mx /wwwtristone/oee/code/modules funnel.src.js
2017.08.29 09:34 B C:\Users\BlueWolf\Downloads\Highcharts\code\modules\funnel.js.map --> oldschool.com.mx /wwwtristone/oee/code/modules funnel.js.map
2017.08.29 09:34 B C:\Users\BlueWolf\Downloads\Highcharts\code\modules\funnel.js --> oldschool.com.mx /wwwtristone/oee/code/modules funnel.js
2017.08.29 09:34 B C:\Users\BlueWolf\Downloads\Highcharts\code\modules\exporting.src.js --> oldschool.com.mx /wwwtristone/oee/code/modules exporting.src.js
2017.08.29 09:34 B C:\Users\BlueWolf\Downloads\Highcharts\code\modules\exporting.js.map --> oldschool.com.mx /wwwtristone/oee/code/modules exporting.js.map
2017.08.29 09:34 B C:\Users\BlueWolf\Downloads\Highcharts\code\modules\exporting.js --> oldschool.com.mx /wwwtristone/oee/code/modules exporting.js
2017.08.29 09:34 B C:\Users\BlueWolf\Downloads\Highcharts\code\modules\export-data.src.js --> oldschool.com.mx /wwwtristone/oee/code/modules export-data.src.js
2017.08.29 09:34 B C:\Users\BlueWolf\Downloads\Highcharts\code\modules\export-data.js.map --> oldschool.com.mx /wwwtristone/oee/code/modules export-data.js.map
2017.08.29 09:34 B C:\Users\BlueWolf\Downloads\Highcharts\code\modules\export-data.js --> oldschool.com.mx /wwwtristone/oee/code/modules export-data.js
2017.08.29 09:34 B C:\Users\BlueWolf\Downloads\Highcharts\code\modules\drilldown.src.js --> oldschool.com.mx /wwwtristone/oee/code/modules drilldown.src.js
2017.08.29 09:34 B C:\Users\BlueWolf\Downloads\Highcharts\code\modules\drilldown.js.map --> oldschool.com.mx /wwwtristone/oee/code/modules drilldown.js.map
2017.08.29 09:34 B C:\Users\BlueWolf\Downloads\Highcharts\code\modules\drilldown.js --> oldschool.com.mx /wwwtristone/oee/code/modules drilldown.js
2017.08.29 09:34 B C:\Users\BlueWolf\Downloads\Highcharts\code\modules\data.src.js --> oldschool.com.mx /wwwtristone/oee/code/modules data.src.js
2017.08.29 09:34 B C:\Users\BlueWolf\Downloads\Highcharts\code\modules\data.js.map --> oldschool.com.mx /wwwtristone/oee/code/modules data.js.map
2017.08.29 09:34 B C:\Users\BlueWolf\Downloads\Highcharts\code\modules\data.js --> oldschool.com.mx /wwwtristone/oee/code/modules data.js
2017.08.29 09:34 B C:\Users\BlueWolf\Downloads\Highcharts\code\modules\canvasrenderer.experimental.js.map --> oldschool.com.mx /wwwtristone/oee/code/modules canvasrenderer.experimental.js.map
2017.08.29 09:34 B C:\Users\BlueWolf\Downloads\Highcharts\code\modules\broken-axis.src.js --> oldschool.com.mx /wwwtristone/oee/code/modules broken-axis.src.js
2017.08.29 09:34 B C:\Users\BlueWolf\Downloads\Highcharts\code\modules\broken-axis.js.map --> oldschool.com.mx /wwwtristone/oee/code/modules broken-axis.js.map
2017.08.29 09:34 B C:\Users\BlueWolf\Downloads\Highcharts\code\modules\broken-axis.js --> oldschool.com.mx /wwwtristone/oee/code/modules broken-axis.js
2017.08.29 09:34 B C:\Users\BlueWolf\Downloads\Highcharts\code\modules\boost.src.js --> oldschool.com.mx /wwwtristone/oee/code/modules boost.src.js
2017.08.29 09:34 B C:\Users\BlueWolf\Downloads\Highcharts\code\modules\boost.js.map --> oldschool.com.mx /wwwtristone/oee/code/modules boost.js.map
2017.08.29 09:34 B C:\Users\BlueWolf\Downloads\Highcharts\code\modules\boost.js --> oldschool.com.mx /wwwtristone/oee/code/modules boost.js
2017.08.29 09:34 B C:\Users\BlueWolf\Downloads\Highcharts\code\modules\boost-canvas.src.js --> oldschool.com.mx /wwwtristone/oee/code/modules boost-canvas.src.js
2017.08.29 09:34 B C:\Users\BlueWolf\Downloads\Highcharts\code\modules\boost-canvas.js.map --> oldschool.com.mx /wwwtristone/oee/code/modules boost-canvas.js.map
2017.08.29 09:34 B C:\Users\BlueWolf\Downloads\Highcharts\code\modules\boost-canvas.js --> oldschool.com.mx /wwwtristone/oee/code/modules boost-canvas.js
2017.08.29 09:34 B C:\Users\BlueWolf\Downloads\Highcharts\code\modules\annotations.src.js --> oldschool.com.mx /wwwtristone/oee/code/modules annotations.src.js
2017.08.29 09:34 B C:\Users\BlueWolf\Downloads\Highcharts\code\modules\annotations.js.map --> oldschool.com.mx /wwwtristone/oee/code/modules annotations.js.map
2017.08.29 09:34 B C:\Users\BlueWolf\Downloads\Highcharts\code\modules\annotations.js --> oldschool.com.mx /wwwtristone/oee/code/modules annotations.js
2017.08.29 09:34 B C:\Users\BlueWolf\Downloads\Highcharts\code\modules\accessibility.src.js --> oldschool.com.mx /wwwtristone/oee/code/modules accessibility.src.js
2017.08.29 09:34 B C:\Users\BlueWolf\Downloads\Highcharts\code\modules\accessibility.js.map --> oldschool.com.mx /wwwtristone/oee/code/modules accessibility.js.map
2017.08.29 09:34 B C:\Users\BlueWolf\Downloads\Highcharts\code\modules\accessibility.js --> oldschool.com.mx /wwwtristone/oee/code/modules accessibility.js
2017.10.02 14:38 B C:\Users\BlueWolf\Google Drive\textron\timpmp_produccion\code\modules\desktop.ini --> www.bluewolf.com.mx /public_html/timpmp/code/modules desktop.ini
