2015.12.28 09:35 B C:\Users\redkey\Google Drive 2\RESPALDO TEXTRON\timpmp\docs_puestos\Casa De Cambio.pdf <-- textron /public_html/docs_puestos Casa De Cambio.pdf
2015.12.28 09:35 B C:\Users\redkey\Google Drive 2\RESPALDO TEXTRON\timpmp\docs_puestos\Descripcion de puesto Admin Assistant.pdf <-- textron /public_html/docs_puestos Descripcion de puesto Admin Assistant.pdf
2015.12.28 09:36 B C:\Users\redkey\Google Drive 2\RESPALDO TEXTRON\timpmp\docs_puestos\Descripcion de puesto HR Business Partner.pdf <-- textron /public_html/docs_puestos Descripcion de puesto HR Business Partner.pdf
2015.12.28 09:36 B C:\Users\redkey\Google Drive 2\RESPALDO TEXTRON\timpmp\docs_puestos\Descripcion de puesto HR Manager.pdf <-- textron /public_html/docs_puestos Descripcion de puesto HR Manager.pdf
2015.12.28 09:36 B C:\Users\redkey\Google Drive 2\RESPALDO TEXTRON\timpmp\docs_puestos\Descripción de puesto B12 Manufacturing Engineer.pdf <-- textron /public_html/docs_puestos Descripción de puesto B12 Manufacturing Engineer.pdf
2015.12.28 09:36 B C:\Users\redkey\Google Drive 2\RESPALDO TEXTRON\timpmp\docs_puestos\Descripción de puesto EHS Engineer.pdf <-- textron /public_html/docs_puestos Descripción de puesto EHS Engineer.pdf
2015.12.28 09:36 B C:\Users\redkey\Google Drive 2\RESPALDO TEXTRON\timpmp\docs_puestos\Descripción de puesto Gerente Gral.pdf <-- textron /public_html/docs_puestos Descripción de puesto Gerente Gral.pdf
2015.12.28 09:36 B C:\Users\redkey\Google Drive 2\RESPALDO TEXTRON\timpmp\docs_puestos\Descripción de puesto Ing Industrial.pdf <-- textron /public_html/docs_puestos Descripción de puesto Ing Industrial.pdf
2015.12.28 09:36 B C:\Users\redkey\Google Drive 2\RESPALDO TEXTRON\timpmp\docs_puestos\Descripción de puesto Ingeniero de Calidad de Proveedores.pdf <-- textron /public_html/docs_puestos Descripción de puesto Ingeniero de Calidad de Proveedores.pdf
2015.12.28 09:36 B C:\Users\redkey\Google Drive 2\RESPALDO TEXTRON\timpmp\docs_puestos\Descripción de puesto Lider Ingeniero Industrial.pdf <-- textron /public_html/docs_puestos Descripción de puesto Lider Ingeniero Industrial.pdf
2015.12.28 09:36 B C:\Users\redkey\Google Drive 2\RESPALDO TEXTRON\timpmp\docs_puestos\Descripción de puesto Materials Superintendent.pdf <-- textron /public_html/docs_puestos Descripción de puesto Materials Superintendent.pdf
2015.12.28 09:36 B C:\Users\redkey\Google Drive 2\RESPALDO TEXTRON\timpmp\docs_puestos\Descripción de puesto PC&L.pdf <-- textron /public_html/docs_puestos Descripción de puesto PC&L.pdf
2015.12.28 09:36 B C:\Users\redkey\Google Drive 2\RESPALDO TEXTRON\timpmp\docs_puestos\Descripción de puesto Production Supervisor2.pdf <-- textron /public_html/docs_puestos Descripción de puesto Production Supervisor2.pdf
2015.12.28 09:36 B C:\Users\redkey\Google Drive 2\RESPALDO TEXTRON\timpmp\docs_puestos\Descripción de puesto QUALITY SUPERINTENDENT APR 2015.pdf <-- textron /public_html/docs_puestos Descripción de puesto QUALITY SUPERINTENDENT APR 2015.pdf
2015.12.28 09:36 B C:\Users\redkey\Google Drive 2\RESPALDO TEXTRON\timpmp\docs_puestos\Descripción de puesto SuperIntendente  de Finanzas Mayo 15 2015.pdf <-- textron /public_html/docs_puestos Descripción de puesto SuperIntendente  de Finanzas Mayo 15 2015.pdf
2015.12.28 09:36 B C:\Users\redkey\Google Drive 2\RESPALDO TEXTRON\timpmp\docs_puestos\Descripción de puesto VSM TIM - 2.pdf <-- textron /public_html/docs_puestos Descripción de puesto VSM TIM - 2.pdf
2015.12.28 09:36 B C:\Users\redkey\Google Drive 2\RESPALDO TEXTRON\timpmp\docs_puestos\Descripción de puesto VSM TIM.pdf <-- textron /public_html/docs_puestos Descripción de puesto VSM TIM.pdf
2015.12.28 09:36 B C:\Users\redkey\Google Drive 2\RESPALDO TEXTRON\timpmp\docs_puestos\Descripción de puesto Warehouse Supervisor.pdf <-- textron /public_html/docs_puestos Descripción de puesto Warehouse Supervisor.pdf
2015.12.28 09:36 B C:\Users\redkey\Google Drive 2\RESPALDO TEXTRON\timpmp\docs_puestos\Descripción de púesto Gerente de Calidad.pdf <-- textron /public_html/docs_puestos Descripción de púesto Gerente de Calidad.pdf
2015.12.28 09:36 B C:\Users\redkey\Google Drive 2\RESPALDO TEXTRON\timpmp\docs_puestos\Engineering Technical Chief Job Description.pdf <-- textron /public_html/docs_puestos Engineering Technical Chief Job Description.pdf
2015.12.28 09:36 B C:\Users\redkey\Google Drive 2\RESPALDO TEXTRON\timpmp\docs_puestos\FOD Coordinator JOB DESCRIPTION.pdf <-- textron /public_html/docs_puestos FOD Coordinator JOB DESCRIPTION.pdf
2015.12.28 09:36 B C:\Users\redkey\Google Drive 2\RESPALDO TEXTRON\timpmp\docs_puestos\Training Coordinator.pdf <-- textron /public_html/docs_puestos Training Coordinator.pdf
2015.12.28 13:45 B C:\Users\redkey\Google Drive 2\RESPALDO TEXTRON\timpmp\docs_puestos\Casa De Cambio.pdf --> bluewolf.com.mx /timpmp/docs_puestos Casa De Cambio.pdf
2015.12.28 13:45 B C:\Users\redkey\Google Drive 2\RESPALDO TEXTRON\timpmp\docs_puestos\Descripcion de puesto Admin Assistant.pdf --> bluewolf.com.mx /timpmp/docs_puestos Descripcion de puesto Admin Assistant.pdf
2015.12.28 13:46 B C:\Users\redkey\Google Drive 2\RESPALDO TEXTRON\timpmp\docs_puestos\Descripcion de puesto HR Business Partner.pdf --> bluewolf.com.mx /timpmp/docs_puestos Descripcion de puesto HR Business Partner.pdf
2015.12.28 13:46 B C:\Users\redkey\Google Drive 2\RESPALDO TEXTRON\timpmp\docs_puestos\Descripcion de puesto HR Manager.pdf --> bluewolf.com.mx /timpmp/docs_puestos Descripcion de puesto HR Manager.pdf
2015.12.28 13:46 B C:\Users\redkey\Google Drive 2\RESPALDO TEXTRON\timpmp\docs_puestos\Descripción de puesto B12 Manufacturing Engineer.pdf --> bluewolf.com.mx /timpmp/docs_puestos Descripción de puesto B12 Manufacturing Engineer.pdf
2015.12.28 13:46 B C:\Users\redkey\Google Drive 2\RESPALDO TEXTRON\timpmp\docs_puestos\Descripción de puesto EHS Engineer.pdf --> bluewolf.com.mx /timpmp/docs_puestos Descripción de puesto EHS Engineer.pdf
2015.12.28 13:46 B C:\Users\redkey\Google Drive 2\RESPALDO TEXTRON\timpmp\docs_puestos\Descripción de puesto Gerente Gral.pdf --> bluewolf.com.mx /timpmp/docs_puestos Descripción de puesto Gerente Gral.pdf
2015.12.28 13:46 B C:\Users\redkey\Google Drive 2\RESPALDO TEXTRON\timpmp\docs_puestos\Descripción de puesto Ing Industrial.pdf --> bluewolf.com.mx /timpmp/docs_puestos Descripción de puesto Ing Industrial.pdf
2015.12.28 13:46 B C:\Users\redkey\Google Drive 2\RESPALDO TEXTRON\timpmp\docs_puestos\Descripción de puesto Ingeniero de Calidad de Proveedores.pdf --> bluewolf.com.mx /timpmp/docs_puestos Descripción de puesto Ingeniero de Calidad de Proveedores.pdf
2015.12.28 13:46 B C:\Users\redkey\Google Drive 2\RESPALDO TEXTRON\timpmp\docs_puestos\Descripción de puesto Lider Ingeniero Industrial.pdf --> bluewolf.com.mx /timpmp/docs_puestos Descripción de puesto Lider Ingeniero Industrial.pdf
2015.12.28 13:46 B C:\Users\redkey\Google Drive 2\RESPALDO TEXTRON\timpmp\docs_puestos\Descripción de puesto Materials Superintendent.pdf --> bluewolf.com.mx /timpmp/docs_puestos Descripción de puesto Materials Superintendent.pdf
2015.12.28 13:46 B C:\Users\redkey\Google Drive 2\RESPALDO TEXTRON\timpmp\docs_puestos\Descripción de puesto PC&L.pdf --> bluewolf.com.mx /timpmp/docs_puestos Descripción de puesto PC&L.pdf
2015.12.28 13:46 B C:\Users\redkey\Google Drive 2\RESPALDO TEXTRON\timpmp\docs_puestos\Descripción de puesto Production Supervisor2.pdf --> bluewolf.com.mx /timpmp/docs_puestos Descripción de puesto Production Supervisor2.pdf
2015.12.28 13:46 B C:\Users\redkey\Google Drive 2\RESPALDO TEXTRON\timpmp\docs_puestos\Descripción de puesto QUALITY SUPERINTENDENT APR 2015.pdf --> bluewolf.com.mx /timpmp/docs_puestos Descripción de puesto QUALITY SUPERINTENDENT APR 2015.pdf
2015.12.28 13:46 B C:\Users\redkey\Google Drive 2\RESPALDO TEXTRON\timpmp\docs_puestos\Descripción de puesto SuperIntendente  de Finanzas Mayo 15 2015.pdf --> bluewolf.com.mx /timpmp/docs_puestos Descripción de puesto SuperIntendente  de Finanzas Mayo 15 2015.pdf
2015.12.28 13:46 B C:\Users\redkey\Google Drive 2\RESPALDO TEXTRON\timpmp\docs_puestos\Descripción de puesto VSM TIM - 2.pdf --> bluewolf.com.mx /timpmp/docs_puestos Descripción de puesto VSM TIM - 2.pdf
2015.12.28 13:46 B C:\Users\redkey\Google Drive 2\RESPALDO TEXTRON\timpmp\docs_puestos\Descripción de puesto VSM TIM.pdf --> bluewolf.com.mx /timpmp/docs_puestos Descripción de puesto VSM TIM.pdf
2015.12.28 13:46 B C:\Users\redkey\Google Drive 2\RESPALDO TEXTRON\timpmp\docs_puestos\Descripción de puesto Warehouse Supervisor.pdf --> bluewolf.com.mx /timpmp/docs_puestos Descripción de puesto Warehouse Supervisor.pdf
2015.12.28 13:46 B C:\Users\redkey\Google Drive 2\RESPALDO TEXTRON\timpmp\docs_puestos\Descripción de púesto Gerente de Calidad.pdf --> bluewolf.com.mx /timpmp/docs_puestos Descripción de púesto Gerente de Calidad.pdf
2015.12.28 13:46 B C:\Users\redkey\Google Drive 2\RESPALDO TEXTRON\timpmp\docs_puestos\Engineering Technical Chief Job Description.pdf --> bluewolf.com.mx /timpmp/docs_puestos Engineering Technical Chief Job Description.pdf
2015.12.28 13:46 B C:\Users\redkey\Google Drive 2\RESPALDO TEXTRON\timpmp\docs_puestos\FOD Coordinator JOB DESCRIPTION.pdf --> bluewolf.com.mx /timpmp/docs_puestos FOD Coordinator JOB DESCRIPTION.pdf
2015.12.28 13:46 B C:\Users\redkey\Google Drive 2\RESPALDO TEXTRON\timpmp\docs_puestos\Training Coordinator.pdf --> bluewolf.com.mx /timpmp/docs_puestos Training Coordinator.pdf
