2018.01.24 11:14 B C:\Users\redkey\Documents\Google Drive L\timpmp_produccion\portada\images\tit_filosofia.jpg <-- bluewolf BLUEHOST /public_html/timpmp/portada/images tit_filosofia.jpg
2018.01.24 11:14 B C:\Users\redkey\Documents\Google Drive L\timpmp_produccion\portada\images\tit_desempeno.jpg <-- bluewolf BLUEHOST /public_html/timpmp/portada/images tit_desempeno.jpg
2018.01.24 11:14 B C:\Users\redkey\Documents\Google Drive L\timpmp_produccion\portada\images\tit_desarrollo.jpg <-- bluewolf BLUEHOST /public_html/timpmp/portada/images tit_desarrollo.jpg
2018.01.24 11:14 B C:\Users\redkey\Documents\Google Drive L\timpmp_produccion\portada\images\tit_capacitacion.jpg <-- bluewolf BLUEHOST /public_html/timpmp/portada/images tit_capacitacion.jpg
2018.01.24 11:14 B C:\Users\redkey\Documents\Google Drive L\timpmp_produccion\portada\images\textos.css <-- bluewolf BLUEHOST /public_html/timpmp/portada/images textos.css
2018.01.24 11:14 B C:\Users\redkey\Documents\Google Drive L\timpmp_produccion\portada\images\spacer.gif <-- bluewolf BLUEHOST /public_html/timpmp/portada/images spacer.gif
2018.01.24 11:14 B C:\Users\redkey\Documents\Google Drive L\timpmp_produccion\portada\images\logo_e3i.jpg <-- bluewolf BLUEHOST /public_html/timpmp/portada/images logo_e3i.jpg
2018.01.24 11:14 B C:\Users\redkey\Documents\Google Drive L\timpmp_produccion\portada\images\linea.png <-- bluewolf BLUEHOST /public_html/timpmp/portada/images linea.png
2018.01.24 11:14 B C:\Users\redkey\Documents\Google Drive L\timpmp_produccion\portada\images\header.jpg <-- bluewolf BLUEHOST /public_html/timpmp/portada/images header.jpg
2018.01.24 11:14 B C:\Users\redkey\Documents\Google Drive L\timpmp_produccion\portada\images\bkg_izq.jpg <-- bluewolf BLUEHOST /public_html/timpmp/portada/images bkg_izq.jpg
2018.01.24 11:14 B C:\Users\redkey\Documents\Google Drive L\timpmp_produccion\portada\images\bkg_fondo_2.jpg <-- bluewolf BLUEHOST /public_html/timpmp/portada/images bkg_fondo_2.jpg
2018.01.24 11:14 B C:\Users\redkey\Documents\Google Drive L\timpmp_produccion\portada\images\bkg_fondo.jpg <-- bluewolf BLUEHOST /public_html/timpmp/portada/images bkg_fondo.jpg
2018.01.24 11:14 B C:\Users\redkey\Documents\Google Drive L\timpmp_produccion\portada\images\bkg_abajo.jpg <-- bluewolf BLUEHOST /public_html/timpmp/portada/images bkg_abajo.jpg
2018.01.24 11:14 B C:\Users\redkey\Documents\Google Drive L\timpmp_produccion\portada\images\bell.png <-- bluewolf BLUEHOST /public_html/timpmp/portada/images bell.png
2018.01.24 11:14 B C:\Users\redkey\Documents\Google Drive L\timpmp_produccion\portada\images\b_vision_r.jpg <-- bluewolf BLUEHOST /public_html/timpmp/portada/images b_vision_r.jpg
2018.01.24 11:14 B C:\Users\redkey\Documents\Google Drive L\timpmp_produccion\portada\images\b_vision.jpg <-- bluewolf BLUEHOST /public_html/timpmp/portada/images b_vision.jpg
2018.01.24 11:14 B C:\Users\redkey\Documents\Google Drive L\timpmp_produccion\portada\images\b_valores_r.jpg <-- bluewolf BLUEHOST /public_html/timpmp/portada/images b_valores_r.jpg
2018.01.24 11:14 B C:\Users\redkey\Documents\Google Drive L\timpmp_produccion\portada\images\b_valores.jpg <-- bluewolf BLUEHOST /public_html/timpmp/portada/images b_valores.jpg
2018.01.24 11:14 B C:\Users\redkey\Documents\Google Drive L\timpmp_produccion\portada\images\b_programa_anual_tec_r.jpg <-- bluewolf BLUEHOST /public_html/timpmp/portada/images b_programa_anual_tec_r.jpg
2018.01.24 11:14 B C:\Users\redkey\Documents\Google Drive L\timpmp_produccion\portada\images\b_programa_anual_tec.jpg <-- bluewolf BLUEHOST /public_html/timpmp/portada/images b_programa_anual_tec.jpg
2018.01.24 11:14 B C:\Users\redkey\Documents\Google Drive L\timpmp_produccion\portada\images\b_programa_anual_inst_r.jpg <-- bluewolf BLUEHOST /public_html/timpmp/portada/images b_programa_anual_inst_r.jpg
2018.01.24 11:14 B C:\Users\redkey\Documents\Google Drive L\timpmp_produccion\portada\images\b_programa_anual_inst.jpg <-- bluewolf BLUEHOST /public_html/timpmp/portada/images b_programa_anual_inst.jpg
2018.01.24 11:14 B C:\Users\redkey\Documents\Google Drive L\timpmp_produccion\portada\images\b_plan_individual_r.jpg <-- bluewolf BLUEHOST /public_html/timpmp/portada/images b_plan_individual_r.jpg
2018.01.24 11:14 B C:\Users\redkey\Documents\Google Drive L\timpmp_produccion\portada\images\b_plan_individual.jpg <-- bluewolf BLUEHOST /public_html/timpmp/portada/images b_plan_individual.jpg
2018.01.24 11:14 B C:\Users\redkey\Documents\Google Drive L\timpmp_produccion\portada\images\b_objetivos_r.jpg <-- bluewolf BLUEHOST /public_html/timpmp/portada/images b_objetivos_r.jpg
2018.01.24 11:14 B C:\Users\redkey\Documents\Google Drive L\timpmp_produccion\portada\images\b_objetivos_jefe_r.jpg <-- bluewolf BLUEHOST /public_html/timpmp/portada/images b_objetivos_jefe_r.jpg
2018.01.24 11:14 B C:\Users\redkey\Documents\Google Drive L\timpmp_produccion\portada\images\b_objetivos_jefe.jpg <-- bluewolf BLUEHOST /public_html/timpmp/portada/images b_objetivos_jefe.jpg
2018.01.24 11:14 B C:\Users\redkey\Documents\Google Drive L\timpmp_produccion\portada\images\b_objetivos_gente_r.jpg <-- bluewolf BLUEHOST /public_html/timpmp/portada/images b_objetivos_gente_r.jpg
2018.01.24 11:14 B C:\Users\redkey\Documents\Google Drive L\timpmp_produccion\portada\images\b_objetivos_gente.jpg <-- bluewolf BLUEHOST /public_html/timpmp/portada/images b_objetivos_gente.jpg
2018.01.24 11:14 B C:\Users\redkey\Documents\Google Drive L\timpmp_produccion\portada\images\b_objetivos.jpg <-- bluewolf BLUEHOST /public_html/timpmp/portada/images b_objetivos.jpg
2018.01.24 11:14 B C:\Users\redkey\Documents\Google Drive L\timpmp_produccion\portada\images\b_mision_r.jpg <-- bluewolf BLUEHOST /public_html/timpmp/portada/images b_mision_r.jpg
2018.01.24 11:14 B C:\Users\redkey\Documents\Google Drive L\timpmp_produccion\portada\images\b_mision.jpg <-- bluewolf BLUEHOST /public_html/timpmp/portada/images b_mision.jpg
2018.01.24 11:14 B C:\Users\redkey\Documents\Google Drive L\timpmp_produccion\portada\images\b_mi_career_r.jpg <-- bluewolf BLUEHOST /public_html/timpmp/portada/images b_mi_career_r.jpg
2018.01.24 11:14 B C:\Users\redkey\Documents\Google Drive L\timpmp_produccion\portada\images\b_mi_career.jpg <-- bluewolf BLUEHOST /public_html/timpmp/portada/images b_mi_career.jpg
2018.01.24 11:14 B C:\Users\redkey\Documents\Google Drive L\timpmp_produccion\portada\images\b_libro_r.jpg <-- bluewolf BLUEHOST /public_html/timpmp/portada/images b_libro_r.jpg
2018.01.24 11:14 B C:\Users\redkey\Documents\Google Drive L\timpmp_produccion\portada\images\b_libro.jpg <-- bluewolf BLUEHOST /public_html/timpmp/portada/images b_libro.jpg
2018.01.24 11:14 B C:\Users\redkey\Documents\Google Drive L\timpmp_produccion\portada\images\b_historial_r.jpg <-- bluewolf BLUEHOST /public_html/timpmp/portada/images b_historial_r.jpg
2018.01.24 11:14 B C:\Users\redkey\Documents\Google Drive L\timpmp_produccion\portada\images\b_historial.jpg <-- bluewolf BLUEHOST /public_html/timpmp/portada/images b_historial.jpg
2018.01.24 11:14 B C:\Users\redkey\Documents\Google Drive L\timpmp_produccion\portada\images\b_evaluaciones_r.jpg <-- bluewolf BLUEHOST /public_html/timpmp/portada/images b_evaluaciones_r.jpg
2018.01.24 11:14 B C:\Users\redkey\Documents\Google Drive L\timpmp_produccion\portada\images\b_evaluaciones.jpg <-- bluewolf BLUEHOST /public_html/timpmp/portada/images b_evaluaciones.jpg
2018.01.24 11:14 B C:\Users\redkey\Documents\Google Drive L\timpmp_produccion\portada\images\b_descripcion_r.jpg <-- bluewolf BLUEHOST /public_html/timpmp/portada/images b_descripcion_r.jpg
2018.01.24 11:14 B C:\Users\redkey\Documents\Google Drive L\timpmp_produccion\portada\images\b_descripcion.jpg <-- bluewolf BLUEHOST /public_html/timpmp/portada/images b_descripcion.jpg
2018.01.24 11:14 B C:\Users\redkey\Documents\Google Drive L\timpmp_produccion\portada\images\b_creencias_r.jpg <-- bluewolf BLUEHOST /public_html/timpmp/portada/images b_creencias_r.jpg
2018.01.24 11:14 B C:\Users\redkey\Documents\Google Drive L\timpmp_produccion\portada\images\b_creencias.jpg <-- bluewolf BLUEHOST /public_html/timpmp/portada/images b_creencias.jpg
2018.01.24 11:14 B C:\Users\redkey\Documents\Google Drive L\timpmp_produccion\portada\images\b_competencias_r.jpg <-- bluewolf BLUEHOST /public_html/timpmp/portada/images b_competencias_r.jpg
2018.01.24 11:14 B C:\Users\redkey\Documents\Google Drive L\timpmp_produccion\portada\images\b_competencias.jpg <-- bluewolf BLUEHOST /public_html/timpmp/portada/images b_competencias.jpg
2018.01.24 11:14 B C:\Users\redkey\Documents\Google Drive L\timpmp_produccion\portada\images\b_check_r.jpg <-- bluewolf BLUEHOST /public_html/timpmp/portada/images b_check_r.jpg
2018.01.24 11:14 B C:\Users\redkey\Documents\Google Drive L\timpmp_produccion\portada\images\b_check.jpg <-- bluewolf BLUEHOST /public_html/timpmp/portada/images b_check.jpg
2018.01.24 15:28 B C:\Users\redkey\Documents\Google Drive L\timpmp_produccion\portada\images\b_vacio_r.jpg --> www.bluewolf.com.mx /public_html/timpmp/portada/images b_vacio_r.jpg
2018.01.24 15:28 B C:\Users\redkey\Documents\Google Drive L\timpmp_produccion\portada\images\b_vacio.jpg --> www.bluewolf.com.mx /public_html/timpmp/portada/images b_vacio.jpg
2018.01.24 15:28 B C:\Users\redkey\Documents\Google Drive L\timpmp_produccion\portada\images\tit_vacio.jpg --> www.bluewolf.com.mx /public_html/timpmp/portada/images tit_vacio.jpg
