2015.12.28 09:45 B C:\Users\redkey\Google Drive 2\RESPALDO TEXTRON\timpmp\images\agregar.png <-- textron /public_html/images agregar.png
2015.12.28 09:45 B C:\Users\redkey\Google Drive 2\RESPALDO TEXTRON\timpmp\images\b_administracion.png <-- textron /public_html/images b_administracion.png
2015.12.28 09:45 B C:\Users\redkey\Google Drive 2\RESPALDO TEXTRON\timpmp\images\b_administracion_r.png <-- textron /public_html/images b_administracion_r.png
2015.12.28 09:45 B C:\Users\redkey\Google Drive 2\RESPALDO TEXTRON\timpmp\images\b_cambio.png <-- textron /public_html/images b_cambio.png
2015.12.28 09:45 B C:\Users\redkey\Google Drive 2\RESPALDO TEXTRON\timpmp\images\b_cambio_r.png <-- textron /public_html/images b_cambio_r.png
2015.12.28 09:45 B C:\Users\redkey\Google Drive 2\RESPALDO TEXTRON\timpmp\images\b_firmar.png <-- textron /public_html/images b_firmar.png
2015.12.28 09:45 B C:\Users\redkey\Google Drive 2\RESPALDO TEXTRON\timpmp\images\b_firmar_r.png <-- textron /public_html/images b_firmar_r.png
2015.12.28 09:45 B C:\Users\redkey\Google Drive 2\RESPALDO TEXTRON\timpmp\images\b_guardar.png <-- textron /public_html/images b_guardar.png
2015.12.28 09:45 B C:\Users\redkey\Google Drive 2\RESPALDO TEXTRON\timpmp\images\b_guardar_r.png <-- textron /public_html/images b_guardar_r.png
2015.12.28 09:45 B C:\Users\redkey\Google Drive 2\RESPALDO TEXTRON\timpmp\images\b_info_s.png <-- textron /public_html/images b_info_s.png
2015.12.28 09:45 B C:\Users\redkey\Google Drive 2\RESPALDO TEXTRON\timpmp\images\b_info_s_r.png <-- textron /public_html/images b_info_s_r.png
2015.12.28 09:45 B C:\Users\redkey\Google Drive 2\RESPALDO TEXTRON\timpmp\images\b_inicio.png <-- textron /public_html/images b_inicio.png
2015.12.28 09:45 B C:\Users\redkey\Google Drive 2\RESPALDO TEXTRON\timpmp\images\b_inicio_r.png <-- textron /public_html/images b_inicio_r.png
2015.12.28 09:45 B C:\Users\redkey\Google Drive 2\RESPALDO TEXTRON\timpmp\images\b_log_out.png <-- textron /public_html/images b_log_out.png
2015.12.28 09:45 B C:\Users\redkey\Google Drive 2\RESPALDO TEXTRON\timpmp\images\b_log_out_r.png <-- textron /public_html/images b_log_out_r.png
2015.12.28 09:45 B C:\Users\redkey\Google Drive 2\RESPALDO TEXTRON\timpmp\images\bkg_admin.jpg <-- textron /public_html/images bkg_admin.jpg
2015.12.28 09:45 B C:\Users\redkey\Google Drive 2\RESPALDO TEXTRON\timpmp\images\bkg_azul.jpg <-- textron /public_html/images bkg_azul.jpg
2015.12.28 09:45 B C:\Users\redkey\Google Drive 2\RESPALDO TEXTRON\timpmp\images\bkg_fondo.jpg <-- textron /public_html/images bkg_fondo.jpg
2015.12.28 09:45 B C:\Users\redkey\Google Drive 2\RESPALDO TEXTRON\timpmp\images\bkg_fondo_2.jpg <-- textron /public_html/images bkg_fondo_2.jpg
2015.12.28 09:45 B C:\Users\redkey\Google Drive 2\RESPALDO TEXTRON\timpmp\images\border.png <-- textron /public_html/images border.png
2015.12.28 09:45 B C:\Users\redkey\Google Drive 2\RESPALDO TEXTRON\timpmp\images\border1.png <-- textron /public_html/images border1.png
2015.12.28 09:45 B C:\Users\redkey\Google Drive 2\RESPALDO TEXTRON\timpmp\images\border2.png <-- textron /public_html/images border2.png
2015.12.28 09:45 B C:\Users\redkey\Google Drive 2\RESPALDO TEXTRON\timpmp\images\campo.jpg <-- textron /public_html/images campo.jpg
2015.12.28 09:45 B C:\Users\redkey\Google Drive 2\RESPALDO TEXTRON\timpmp\images\controls.png <-- textron /public_html/images controls.png
2015.12.28 09:45 B C:\Users\redkey\Google Drive 2\RESPALDO TEXTRON\timpmp\images\cuadro_abajo.png <-- textron /public_html/images cuadro_abajo.png
2015.12.28 09:45 B C:\Users\redkey\Google Drive 2\RESPALDO TEXTRON\timpmp\images\cuadro_arriba.png <-- textron /public_html/images cuadro_arriba.png
2015.12.28 09:45 B C:\Users\redkey\Google Drive 2\RESPALDO TEXTRON\timpmp\images\cuadro_der.png <-- textron /public_html/images cuadro_der.png
2015.12.28 09:45 B C:\Users\redkey\Google Drive 2\RESPALDO TEXTRON\timpmp\images\cuadro_int_abajo.png <-- textron /public_html/images cuadro_int_abajo.png
2015.12.28 09:45 B C:\Users\redkey\Google Drive 2\RESPALDO TEXTRON\timpmp\images\cuadro_int_arriba.png <-- textron /public_html/images cuadro_int_arriba.png
2015.12.28 09:45 B C:\Users\redkey\Google Drive 2\RESPALDO TEXTRON\timpmp\images\cuadro_int_der.png <-- textron /public_html/images cuadro_int_der.png
2015.12.28 09:45 B C:\Users\redkey\Google Drive 2\RESPALDO TEXTRON\timpmp\images\cuadro_int_izq.png <-- textron /public_html/images cuadro_int_izq.png
2015.12.28 09:46 B C:\Users\redkey\Google Drive 2\RESPALDO TEXTRON\timpmp\images\cuadro_izq.png <-- textron /public_html/images cuadro_izq.png
2015.12.28 09:46 B C:\Users\redkey\Google Drive 2\RESPALDO TEXTRON\timpmp\images\desktop.ini <-- textron /public_html/images desktop.ini
2015.12.28 09:46 B C:\Users\redkey\Google Drive 2\RESPALDO TEXTRON\timpmp\images\editar.png <-- textron /public_html/images editar.png
2015.12.28 09:46 B C:\Users\redkey\Google Drive 2\RESPALDO TEXTRON\timpmp\images\eliminar.png <-- textron /public_html/images eliminar.png
2015.12.28 09:46 B C:\Users\redkey\Google Drive 2\RESPALDO TEXTRON\timpmp\images\franja.jpg <-- textron /public_html/images franja.jpg
2015.12.28 09:46 B C:\Users\redkey\Google Drive 2\RESPALDO TEXTRON\timpmp\images\grafica.png <-- textron /public_html/images grafica.png
2015.12.28 09:46 B C:\Users\redkey\Google Drive 2\RESPALDO TEXTRON\timpmp\images\header_1.jpg <-- textron /public_html/images header_1.jpg
2015.12.28 09:46 B C:\Users\redkey\Google Drive 2\RESPALDO TEXTRON\timpmp\images\header_mail.jpg <-- textron /public_html/images header_mail.jpg
2015.12.28 09:46 B C:\Users\redkey\Google Drive 2\RESPALDO TEXTRON\timpmp\images\icono_borrar.png <-- textron /public_html/images icono_borrar.png
2015.12.28 09:46 B C:\Users\redkey\Google Drive 2\RESPALDO TEXTRON\timpmp\images\logo_marca_agua.jpg <-- textron /public_html/images logo_marca_agua.jpg
2015.12.28 09:46 B C:\Users\redkey\Google Drive 2\RESPALDO TEXTRON\timpmp\images\logo_textron.png <-- textron /public_html/images logo_textron.png
2015.12.28 09:46 B C:\Users\redkey\Google Drive 2\RESPALDO TEXTRON\timpmp\images\modelo_tim2.jpg <-- textron /public_html/images modelo_tim2.jpg
2015.12.28 09:46 B C:\Users\redkey\Google Drive 2\RESPALDO TEXTRON\timpmp\images\modelo_tim2.png <-- textron /public_html/images modelo_tim2.png
2015.12.28 09:46 B C:\Users\redkey\Google Drive 2\RESPALDO TEXTRON\timpmp\images\spacer.gif <-- textron /public_html/images spacer.gif
2015.12.28 09:46 B C:\Users\redkey\Google Drive 2\RESPALDO TEXTRON\timpmp\images\textos.css <-- textron /public_html/images textos.css
2015.12.28 09:46 B C:\Users\redkey\Google Drive 2\RESPALDO TEXTRON\timpmp\images\tit_documentacion.jpg <-- textron /public_html/images tit_documentacion.jpg
2015.12.28 09:46 B C:\Users\redkey\Google Drive 2\RESPALDO TEXTRON\timpmp\images\tit_historial.jpg <-- textron /public_html/images tit_historial.jpg
2015.12.28 09:46 B C:\Users\redkey\Google Drive 2\RESPALDO TEXTRON\timpmp\images\tit_sin_nada.jpg <-- textron /public_html/images tit_sin_nada.jpg
2015.12.28 09:46 B C:\Users\redkey\Google Drive 2\RESPALDO TEXTRON\timpmp\images\tit_tareas_pendientes.jpg <-- textron /public_html/images tit_tareas_pendientes.jpg
2015.12.28 09:46 B C:\Users\redkey\Google Drive 2\RESPALDO TEXTRON\timpmp\images\titulos_franjas.jpg <-- textron /public_html/images titulos_franjas.jpg
2015.12.28 13:55 B C:\Users\redkey\Google Drive 2\RESPALDO TEXTRON\timpmp\images\agregar.png --> bluewolf.com.mx /timpmp/images agregar.png
2015.12.28 13:55 B C:\Users\redkey\Google Drive 2\RESPALDO TEXTRON\timpmp\images\b_administracion.png --> bluewolf.com.mx /timpmp/images b_administracion.png
2015.12.28 13:55 B C:\Users\redkey\Google Drive 2\RESPALDO TEXTRON\timpmp\images\b_administracion_r.png --> bluewolf.com.mx /timpmp/images b_administracion_r.png
2015.12.28 13:55 B C:\Users\redkey\Google Drive 2\RESPALDO TEXTRON\timpmp\images\b_cambio.png --> bluewolf.com.mx /timpmp/images b_cambio.png
2015.12.28 13:55 B C:\Users\redkey\Google Drive 2\RESPALDO TEXTRON\timpmp\images\b_cambio_r.png --> bluewolf.com.mx /timpmp/images b_cambio_r.png
2015.12.28 13:55 B C:\Users\redkey\Google Drive 2\RESPALDO TEXTRON\timpmp\images\b_firmar.png --> bluewolf.com.mx /timpmp/images b_firmar.png
2015.12.28 13:55 B C:\Users\redkey\Google Drive 2\RESPALDO TEXTRON\timpmp\images\b_firmar_r.png --> bluewolf.com.mx /timpmp/images b_firmar_r.png
2015.12.28 13:55 B C:\Users\redkey\Google Drive 2\RESPALDO TEXTRON\timpmp\images\b_guardar.png --> bluewolf.com.mx /timpmp/images b_guardar.png
2015.12.28 13:55 B C:\Users\redkey\Google Drive 2\RESPALDO TEXTRON\timpmp\images\b_guardar_r.png --> bluewolf.com.mx /timpmp/images b_guardar_r.png
2015.12.28 13:55 B C:\Users\redkey\Google Drive 2\RESPALDO TEXTRON\timpmp\images\b_info_s.png --> bluewolf.com.mx /timpmp/images b_info_s.png
2015.12.28 13:55 B C:\Users\redkey\Google Drive 2\RESPALDO TEXTRON\timpmp\images\b_info_s_r.png --> bluewolf.com.mx /timpmp/images b_info_s_r.png
2015.12.28 13:55 B C:\Users\redkey\Google Drive 2\RESPALDO TEXTRON\timpmp\images\b_inicio.png --> bluewolf.com.mx /timpmp/images b_inicio.png
2015.12.28 13:55 B C:\Users\redkey\Google Drive 2\RESPALDO TEXTRON\timpmp\images\b_inicio_r.png --> bluewolf.com.mx /timpmp/images b_inicio_r.png
2015.12.28 13:55 B C:\Users\redkey\Google Drive 2\RESPALDO TEXTRON\timpmp\images\b_log_out.png --> bluewolf.com.mx /timpmp/images b_log_out.png
2015.12.28 13:55 B C:\Users\redkey\Google Drive 2\RESPALDO TEXTRON\timpmp\images\b_log_out_r.png --> bluewolf.com.mx /timpmp/images b_log_out_r.png
2015.12.28 13:55 B C:\Users\redkey\Google Drive 2\RESPALDO TEXTRON\timpmp\images\bkg_admin.jpg --> bluewolf.com.mx /timpmp/images bkg_admin.jpg
2015.12.28 13:55 B C:\Users\redkey\Google Drive 2\RESPALDO TEXTRON\timpmp\images\bkg_azul.jpg --> bluewolf.com.mx /timpmp/images bkg_azul.jpg
2015.12.28 13:55 B C:\Users\redkey\Google Drive 2\RESPALDO TEXTRON\timpmp\images\bkg_fondo.jpg --> bluewolf.com.mx /timpmp/images bkg_fondo.jpg
2015.12.28 13:55 B C:\Users\redkey\Google Drive 2\RESPALDO TEXTRON\timpmp\images\bkg_fondo_2.jpg --> bluewolf.com.mx /timpmp/images bkg_fondo_2.jpg
2015.12.28 13:55 B C:\Users\redkey\Google Drive 2\RESPALDO TEXTRON\timpmp\images\border.png --> bluewolf.com.mx /timpmp/images border.png
2015.12.28 13:55 B C:\Users\redkey\Google Drive 2\RESPALDO TEXTRON\timpmp\images\border1.png --> bluewolf.com.mx /timpmp/images border1.png
2015.12.28 13:55 B C:\Users\redkey\Google Drive 2\RESPALDO TEXTRON\timpmp\images\border2.png --> bluewolf.com.mx /timpmp/images border2.png
2015.12.28 13:55 B C:\Users\redkey\Google Drive 2\RESPALDO TEXTRON\timpmp\images\campo.jpg --> bluewolf.com.mx /timpmp/images campo.jpg
2015.12.28 13:55 B C:\Users\redkey\Google Drive 2\RESPALDO TEXTRON\timpmp\images\controls.png --> bluewolf.com.mx /timpmp/images controls.png
2015.12.28 13:55 B C:\Users\redkey\Google Drive 2\RESPALDO TEXTRON\timpmp\images\cuadro_abajo.png --> bluewolf.com.mx /timpmp/images cuadro_abajo.png
2015.12.28 13:55 B C:\Users\redkey\Google Drive 2\RESPALDO TEXTRON\timpmp\images\cuadro_arriba.png --> bluewolf.com.mx /timpmp/images cuadro_arriba.png
2015.12.28 13:55 B C:\Users\redkey\Google Drive 2\RESPALDO TEXTRON\timpmp\images\cuadro_der.png --> bluewolf.com.mx /timpmp/images cuadro_der.png
2015.12.28 13:55 B C:\Users\redkey\Google Drive 2\RESPALDO TEXTRON\timpmp\images\cuadro_int_abajo.png --> bluewolf.com.mx /timpmp/images cuadro_int_abajo.png
2015.12.28 13:55 B C:\Users\redkey\Google Drive 2\RESPALDO TEXTRON\timpmp\images\cuadro_int_arriba.png --> bluewolf.com.mx /timpmp/images cuadro_int_arriba.png
2015.12.28 13:55 B C:\Users\redkey\Google Drive 2\RESPALDO TEXTRON\timpmp\images\cuadro_int_der.png --> bluewolf.com.mx /timpmp/images cuadro_int_der.png
2015.12.28 13:55 B C:\Users\redkey\Google Drive 2\RESPALDO TEXTRON\timpmp\images\cuadro_int_izq.png --> bluewolf.com.mx /timpmp/images cuadro_int_izq.png
2015.12.28 13:55 B C:\Users\redkey\Google Drive 2\RESPALDO TEXTRON\timpmp\images\cuadro_izq.png --> bluewolf.com.mx /timpmp/images cuadro_izq.png
2015.12.28 13:55 B C:\Users\redkey\Google Drive 2\RESPALDO TEXTRON\timpmp\images\editar.png --> bluewolf.com.mx /timpmp/images editar.png
2015.12.28 13:55 B C:\Users\redkey\Google Drive 2\RESPALDO TEXTRON\timpmp\images\eliminar.png --> bluewolf.com.mx /timpmp/images eliminar.png
2015.12.28 13:55 B C:\Users\redkey\Google Drive 2\RESPALDO TEXTRON\timpmp\images\franja.jpg --> bluewolf.com.mx /timpmp/images franja.jpg
2015.12.28 13:55 B C:\Users\redkey\Google Drive 2\RESPALDO TEXTRON\timpmp\images\grafica.png --> bluewolf.com.mx /timpmp/images grafica.png
2015.12.28 13:55 B C:\Users\redkey\Google Drive 2\RESPALDO TEXTRON\timpmp\images\header_1.jpg --> bluewolf.com.mx /timpmp/images header_1.jpg
2015.12.28 13:55 B C:\Users\redkey\Google Drive 2\RESPALDO TEXTRON\timpmp\images\header_mail.jpg --> bluewolf.com.mx /timpmp/images header_mail.jpg
2015.12.28 13:55 B C:\Users\redkey\Google Drive 2\RESPALDO TEXTRON\timpmp\images\icono_borrar.png --> bluewolf.com.mx /timpmp/images icono_borrar.png
2015.12.28 13:55 B C:\Users\redkey\Google Drive 2\RESPALDO TEXTRON\timpmp\images\logo_marca_agua.jpg --> bluewolf.com.mx /timpmp/images logo_marca_agua.jpg
2015.12.28 13:55 B C:\Users\redkey\Google Drive 2\RESPALDO TEXTRON\timpmp\images\logo_textron.png --> bluewolf.com.mx /timpmp/images logo_textron.png
2015.12.28 13:55 B C:\Users\redkey\Google Drive 2\RESPALDO TEXTRON\timpmp\images\modelo_tim2.jpg --> bluewolf.com.mx /timpmp/images modelo_tim2.jpg
2015.12.28 13:55 B C:\Users\redkey\Google Drive 2\RESPALDO TEXTRON\timpmp\images\modelo_tim2.png --> bluewolf.com.mx /timpmp/images modelo_tim2.png
2015.12.28 13:55 B C:\Users\redkey\Google Drive 2\RESPALDO TEXTRON\timpmp\images\spacer.gif --> bluewolf.com.mx /timpmp/images spacer.gif
2015.12.28 13:55 B C:\Users\redkey\Google Drive 2\RESPALDO TEXTRON\timpmp\images\textos.css --> bluewolf.com.mx /timpmp/images textos.css
2015.12.28 13:55 B C:\Users\redkey\Google Drive 2\RESPALDO TEXTRON\timpmp\images\tit_documentacion.jpg --> bluewolf.com.mx /timpmp/images tit_documentacion.jpg
2015.12.28 13:55 B C:\Users\redkey\Google Drive 2\RESPALDO TEXTRON\timpmp\images\tit_historial.jpg --> bluewolf.com.mx /timpmp/images tit_historial.jpg
2015.12.28 13:55 B C:\Users\redkey\Google Drive 2\RESPALDO TEXTRON\timpmp\images\tit_sin_nada.jpg --> bluewolf.com.mx /timpmp/images tit_sin_nada.jpg
2015.12.28 13:55 B C:\Users\redkey\Google Drive 2\RESPALDO TEXTRON\timpmp\images\tit_tareas_pendientes.jpg --> bluewolf.com.mx /timpmp/images tit_tareas_pendientes.jpg
2015.12.28 13:55 B C:\Users\redkey\Google Drive 2\RESPALDO TEXTRON\timpmp\images\titulos_franjas.jpg --> bluewolf.com.mx /timpmp/images titulos_franjas.jpg
