2015.03.25 09:25 B C:\Users\redkey\Google Drive 2\textron\timpmp_produccion\dompdf\lib\php-font-lib\classes\desktop.ini --> tim-pmp.com /public_html/dompdf/lib/php-font-lib/classes desktop.ini
2015.03.25 09:25 B C:\Users\redkey\Google Drive 2\textron\timpmp_produccion\dompdf\lib\php-font-lib\classes\Font_WOFF_Table_Directory_Entry.php --> tim-pmp.com /public_html/dompdf/lib/php-font-lib/classes Font_WOFF_Table_Directory_Entry.php
2015.03.25 09:25 B C:\Users\redkey\Google Drive 2\textron\timpmp_produccion\dompdf\lib\php-font-lib\classes\Font_WOFF_Header.php --> tim-pmp.com /public_html/dompdf/lib/php-font-lib/classes Font_WOFF_Header.php
2015.03.25 09:25 B C:\Users\redkey\Google Drive 2\textron\timpmp_produccion\dompdf\lib\php-font-lib\classes\Font_WOFF.php --> tim-pmp.com /public_html/dompdf/lib/php-font-lib/classes Font_WOFF.php
2015.03.25 09:25 B C:\Users\redkey\Google Drive 2\textron\timpmp_produccion\dompdf\lib\php-font-lib\classes\Font_TrueType_Table_Directory_Entry.php --> tim-pmp.com /public_html/dompdf/lib/php-font-lib/classes Font_TrueType_Table_Directory_Entry.php
2015.03.25 09:25 B C:\Users\redkey\Google Drive 2\textron\timpmp_produccion\dompdf\lib\php-font-lib\classes\Font_TrueType_Header.php --> tim-pmp.com /public_html/dompdf/lib/php-font-lib/classes Font_TrueType_Header.php
2015.03.25 09:25 B C:\Users\redkey\Google Drive 2\textron\timpmp_produccion\dompdf\lib\php-font-lib\classes\Font_TrueType_Collection.php --> tim-pmp.com /public_html/dompdf/lib/php-font-lib/classes Font_TrueType_Collection.php
2015.03.25 09:25 B C:\Users\redkey\Google Drive 2\textron\timpmp_produccion\dompdf\lib\php-font-lib\classes\Font_TrueType.php --> tim-pmp.com /public_html/dompdf/lib/php-font-lib/classes Font_TrueType.php
2015.03.25 09:25 B C:\Users\redkey\Google Drive 2\textron\timpmp_produccion\dompdf\lib\php-font-lib\classes\Font_Table_post.php --> tim-pmp.com /public_html/dompdf/lib/php-font-lib/classes Font_Table_post.php
2015.03.25 09:25 B C:\Users\redkey\Google Drive 2\textron\timpmp_produccion\dompdf\lib\php-font-lib\classes\Font_Table_os2.php --> tim-pmp.com /public_html/dompdf/lib/php-font-lib/classes Font_Table_os2.php
2015.03.25 09:25 B C:\Users\redkey\Google Drive 2\textron\timpmp_produccion\dompdf\lib\php-font-lib\classes\Font_Table_name_Record.php --> tim-pmp.com /public_html/dompdf/lib/php-font-lib/classes Font_Table_name_Record.php
2015.03.25 09:25 B C:\Users\redkey\Google Drive 2\textron\timpmp_produccion\dompdf\lib\php-font-lib\classes\Font_Table_name.php --> tim-pmp.com /public_html/dompdf/lib/php-font-lib/classes Font_Table_name.php
2015.03.25 09:25 B C:\Users\redkey\Google Drive 2\textron\timpmp_produccion\dompdf\lib\php-font-lib\classes\Font_Table_maxp.php --> tim-pmp.com /public_html/dompdf/lib/php-font-lib/classes Font_Table_maxp.php
2015.03.25 09:25 B C:\Users\redkey\Google Drive 2\textron\timpmp_produccion\dompdf\lib\php-font-lib\classes\Font_Table_loca.php --> tim-pmp.com /public_html/dompdf/lib/php-font-lib/classes Font_Table_loca.php
2015.03.25 09:25 B C:\Users\redkey\Google Drive 2\textron\timpmp_produccion\dompdf\lib\php-font-lib\classes\Font_Table_kern.php --> tim-pmp.com /public_html/dompdf/lib/php-font-lib/classes Font_Table_kern.php
2015.03.25 09:25 B C:\Users\redkey\Google Drive 2\textron\timpmp_produccion\dompdf\lib\php-font-lib\classes\Font_Table_hmtx.php --> tim-pmp.com /public_html/dompdf/lib/php-font-lib/classes Font_Table_hmtx.php
2015.03.25 09:25 B C:\Users\redkey\Google Drive 2\textron\timpmp_produccion\dompdf\lib\php-font-lib\classes\Font_Table_hhea.php --> tim-pmp.com /public_html/dompdf/lib/php-font-lib/classes Font_Table_hhea.php
2015.03.25 09:25 B C:\Users\redkey\Google Drive 2\textron\timpmp_produccion\dompdf\lib\php-font-lib\classes\Font_Table_head.php --> tim-pmp.com /public_html/dompdf/lib/php-font-lib/classes Font_Table_head.php
2015.03.25 09:25 B C:\Users\redkey\Google Drive 2\textron\timpmp_produccion\dompdf\lib\php-font-lib\classes\Font_Table_glyf.php --> tim-pmp.com /public_html/dompdf/lib/php-font-lib/classes Font_Table_glyf.php
2015.03.25 09:25 B C:\Users\redkey\Google Drive 2\textron\timpmp_produccion\dompdf\lib\php-font-lib\classes\Font_Table_Directory_Entry.php --> tim-pmp.com /public_html/dompdf/lib/php-font-lib/classes Font_Table_Directory_Entry.php
2015.03.25 09:25 B C:\Users\redkey\Google Drive 2\textron\timpmp_produccion\dompdf\lib\php-font-lib\classes\Font_Table_cmap.php --> tim-pmp.com /public_html/dompdf/lib/php-font-lib/classes Font_Table_cmap.php
2015.03.25 09:25 B C:\Users\redkey\Google Drive 2\textron\timpmp_produccion\dompdf\lib\php-font-lib\classes\Font_Table.php --> tim-pmp.com /public_html/dompdf/lib/php-font-lib/classes Font_Table.php
2015.03.25 09:25 B C:\Users\redkey\Google Drive 2\textron\timpmp_produccion\dompdf\lib\php-font-lib\classes\Font_OpenType_Table_Directory_Entry.php --> tim-pmp.com /public_html/dompdf/lib/php-font-lib/classes Font_OpenType_Table_Directory_Entry.php
2015.03.25 09:25 B C:\Users\redkey\Google Drive 2\textron\timpmp_produccion\dompdf\lib\php-font-lib\classes\Font_OpenType.php --> tim-pmp.com /public_html/dompdf/lib/php-font-lib/classes Font_OpenType.php
2015.03.25 09:25 B C:\Users\redkey\Google Drive 2\textron\timpmp_produccion\dompdf\lib\php-font-lib\classes\Font_Header.php --> tim-pmp.com /public_html/dompdf/lib/php-font-lib/classes Font_Header.php
2015.03.25 09:25 B C:\Users\redkey\Google Drive 2\textron\timpmp_produccion\dompdf\lib\php-font-lib\classes\Font_Glyph_Outline_Simple.php --> tim-pmp.com /public_html/dompdf/lib/php-font-lib/classes Font_Glyph_Outline_Simple.php
2015.03.25 09:25 B C:\Users\redkey\Google Drive 2\textron\timpmp_produccion\dompdf\lib\php-font-lib\classes\Font_Glyph_Outline_Composite.php --> tim-pmp.com /public_html/dompdf/lib/php-font-lib/classes Font_Glyph_Outline_Composite.php
2015.03.25 09:25 B C:\Users\redkey\Google Drive 2\textron\timpmp_produccion\dompdf\lib\php-font-lib\classes\Font_Glyph_Outline_Component.php --> tim-pmp.com /public_html/dompdf/lib/php-font-lib/classes Font_Glyph_Outline_Component.php
2015.03.25 09:25 B C:\Users\redkey\Google Drive 2\textron\timpmp_produccion\dompdf\lib\php-font-lib\classes\Font_Glyph_Outline.php --> tim-pmp.com /public_html/dompdf/lib/php-font-lib/classes Font_Glyph_Outline.php
2015.03.25 09:25 B C:\Users\redkey\Google Drive 2\textron\timpmp_produccion\dompdf\lib\php-font-lib\classes\Font_EOT_Header.php --> tim-pmp.com /public_html/dompdf/lib/php-font-lib/classes Font_EOT_Header.php
2015.03.25 09:25 B C:\Users\redkey\Google Drive 2\textron\timpmp_produccion\dompdf\lib\php-font-lib\classes\Font_EOT.php --> tim-pmp.com /public_html/dompdf/lib/php-font-lib/classes Font_EOT.php
2015.03.25 09:25 B C:\Users\redkey\Google Drive 2\textron\timpmp_produccion\dompdf\lib\php-font-lib\classes\Font_Binary_Stream.php --> tim-pmp.com /public_html/dompdf/lib/php-font-lib/classes Font_Binary_Stream.php
2015.03.25 09:25 B C:\Users\redkey\Google Drive 2\textron\timpmp_produccion\dompdf\lib\php-font-lib\classes\Font.php --> tim-pmp.com /public_html/dompdf/lib/php-font-lib/classes Font.php
2015.03.25 09:25 B C:\Users\redkey\Google Drive 2\textron\timpmp_produccion\dompdf\lib\php-font-lib\classes\font.cls.php --> tim-pmp.com /public_html/dompdf/lib/php-font-lib/classes font.cls.php
2015.03.25 09:25 B C:\Users\redkey\Google Drive 2\textron\timpmp_produccion\dompdf\lib\php-font-lib\classes\Encoding_Map.php --> tim-pmp.com /public_html/dompdf/lib/php-font-lib/classes Encoding_Map.php
2015.03.25 09:25 B C:\Users\redkey\Google Drive 2\textron\timpmp_produccion\dompdf\lib\php-font-lib\classes\Adobe_Font_Metrics.php --> tim-pmp.com /public_html/dompdf/lib/php-font-lib/classes Adobe_Font_Metrics.php
2015.03.25 10:36 B C:\Users\redkey\Google Drive 2\textron\timpmp_produccion\dompdf\lib\php-font-lib\classes\desktop.ini --> tim-pmp.com /public_html/dompdf/lib/php-font-lib/classes desktop.ini
2015.03.25 10:36 B C:\Users\redkey\Google Drive 2\textron\timpmp_produccion\dompdf\lib\php-font-lib\classes\WS_FTP.LOG --> tim-pmp.com /public_html/dompdf/lib/php-font-lib/classes WS_FTP.LOG
2015.12.28 09:39 B C:\Users\redkey\Google Drive 2\RESPALDO TEXTRON\timpmp\dompdf\lib\php-font-lib\classes\WS_FTP.LOG <-- textron /public_html/dompdf/lib/php-font-lib/classes WS_FTP.LOG
2015.12.28 13:49 B C:\Users\redkey\Google Drive 2\RESPALDO TEXTRON\timpmp\dompdf\lib\php-font-lib\classes\Adobe_Font_Metrics.php --> bluewolf.com.mx /timpmp/dompdf/lib/php-font-lib/classes Adobe_Font_Metrics.php
2015.12.28 13:49 B C:\Users\redkey\Google Drive 2\RESPALDO TEXTRON\timpmp\dompdf\lib\php-font-lib\classes\Encoding_Map.php --> bluewolf.com.mx /timpmp/dompdf/lib/php-font-lib/classes Encoding_Map.php
2015.12.28 13:49 B C:\Users\redkey\Google Drive 2\RESPALDO TEXTRON\timpmp\dompdf\lib\php-font-lib\classes\font.cls.php --> bluewolf.com.mx /timpmp/dompdf/lib/php-font-lib/classes font.cls.php
2015.12.28 13:49 B C:\Users\redkey\Google Drive 2\RESPALDO TEXTRON\timpmp\dompdf\lib\php-font-lib\classes\Font.php --> bluewolf.com.mx /timpmp/dompdf/lib/php-font-lib/classes Font.php
2015.12.28 13:49 B C:\Users\redkey\Google Drive 2\RESPALDO TEXTRON\timpmp\dompdf\lib\php-font-lib\classes\Font_Binary_Stream.php --> bluewolf.com.mx /timpmp/dompdf/lib/php-font-lib/classes Font_Binary_Stream.php
2015.12.28 13:49 B C:\Users\redkey\Google Drive 2\RESPALDO TEXTRON\timpmp\dompdf\lib\php-font-lib\classes\Font_EOT.php --> bluewolf.com.mx /timpmp/dompdf/lib/php-font-lib/classes Font_EOT.php
2015.12.28 13:49 B C:\Users\redkey\Google Drive 2\RESPALDO TEXTRON\timpmp\dompdf\lib\php-font-lib\classes\Font_EOT_Header.php --> bluewolf.com.mx /timpmp/dompdf/lib/php-font-lib/classes Font_EOT_Header.php
2015.12.28 13:49 B C:\Users\redkey\Google Drive 2\RESPALDO TEXTRON\timpmp\dompdf\lib\php-font-lib\classes\Font_Glyph_Outline.php --> bluewolf.com.mx /timpmp/dompdf/lib/php-font-lib/classes Font_Glyph_Outline.php
2015.12.28 13:49 B C:\Users\redkey\Google Drive 2\RESPALDO TEXTRON\timpmp\dompdf\lib\php-font-lib\classes\Font_Glyph_Outline_Component.php --> bluewolf.com.mx /timpmp/dompdf/lib/php-font-lib/classes Font_Glyph_Outline_Component.php
2015.12.28 13:49 B C:\Users\redkey\Google Drive 2\RESPALDO TEXTRON\timpmp\dompdf\lib\php-font-lib\classes\Font_Glyph_Outline_Composite.php --> bluewolf.com.mx /timpmp/dompdf/lib/php-font-lib/classes Font_Glyph_Outline_Composite.php
2015.12.28 13:49 B C:\Users\redkey\Google Drive 2\RESPALDO TEXTRON\timpmp\dompdf\lib\php-font-lib\classes\Font_Glyph_Outline_Simple.php --> bluewolf.com.mx /timpmp/dompdf/lib/php-font-lib/classes Font_Glyph_Outline_Simple.php
2015.12.28 13:49 B C:\Users\redkey\Google Drive 2\RESPALDO TEXTRON\timpmp\dompdf\lib\php-font-lib\classes\Font_Header.php --> bluewolf.com.mx /timpmp/dompdf/lib/php-font-lib/classes Font_Header.php
2015.12.28 13:49 B C:\Users\redkey\Google Drive 2\RESPALDO TEXTRON\timpmp\dompdf\lib\php-font-lib\classes\Font_OpenType.php --> bluewolf.com.mx /timpmp/dompdf/lib/php-font-lib/classes Font_OpenType.php
2015.12.28 13:49 B C:\Users\redkey\Google Drive 2\RESPALDO TEXTRON\timpmp\dompdf\lib\php-font-lib\classes\Font_OpenType_Table_Directory_Entry.php --> bluewolf.com.mx /timpmp/dompdf/lib/php-font-lib/classes Font_OpenType_Table_Directory_Entry.php
2015.12.28 13:49 B C:\Users\redkey\Google Drive 2\RESPALDO TEXTRON\timpmp\dompdf\lib\php-font-lib\classes\Font_Table.php --> bluewolf.com.mx /timpmp/dompdf/lib/php-font-lib/classes Font_Table.php
2015.12.28 13:49 B C:\Users\redkey\Google Drive 2\RESPALDO TEXTRON\timpmp\dompdf\lib\php-font-lib\classes\Font_Table_cmap.php --> bluewolf.com.mx /timpmp/dompdf/lib/php-font-lib/classes Font_Table_cmap.php
2015.12.28 13:49 B C:\Users\redkey\Google Drive 2\RESPALDO TEXTRON\timpmp\dompdf\lib\php-font-lib\classes\Font_Table_Directory_Entry.php --> bluewolf.com.mx /timpmp/dompdf/lib/php-font-lib/classes Font_Table_Directory_Entry.php
2015.12.28 13:49 B C:\Users\redkey\Google Drive 2\RESPALDO TEXTRON\timpmp\dompdf\lib\php-font-lib\classes\Font_Table_glyf.php --> bluewolf.com.mx /timpmp/dompdf/lib/php-font-lib/classes Font_Table_glyf.php
2015.12.28 13:49 B C:\Users\redkey\Google Drive 2\RESPALDO TEXTRON\timpmp\dompdf\lib\php-font-lib\classes\Font_Table_head.php --> bluewolf.com.mx /timpmp/dompdf/lib/php-font-lib/classes Font_Table_head.php
2015.12.28 13:49 B C:\Users\redkey\Google Drive 2\RESPALDO TEXTRON\timpmp\dompdf\lib\php-font-lib\classes\Font_Table_hhea.php --> bluewolf.com.mx /timpmp/dompdf/lib/php-font-lib/classes Font_Table_hhea.php
2015.12.28 13:49 B C:\Users\redkey\Google Drive 2\RESPALDO TEXTRON\timpmp\dompdf\lib\php-font-lib\classes\Font_Table_hmtx.php --> bluewolf.com.mx /timpmp/dompdf/lib/php-font-lib/classes Font_Table_hmtx.php
2015.12.28 13:49 B C:\Users\redkey\Google Drive 2\RESPALDO TEXTRON\timpmp\dompdf\lib\php-font-lib\classes\Font_Table_kern.php --> bluewolf.com.mx /timpmp/dompdf/lib/php-font-lib/classes Font_Table_kern.php
2015.12.28 13:49 B C:\Users\redkey\Google Drive 2\RESPALDO TEXTRON\timpmp\dompdf\lib\php-font-lib\classes\Font_Table_loca.php --> bluewolf.com.mx /timpmp/dompdf/lib/php-font-lib/classes Font_Table_loca.php
2015.12.28 13:49 B C:\Users\redkey\Google Drive 2\RESPALDO TEXTRON\timpmp\dompdf\lib\php-font-lib\classes\Font_Table_maxp.php --> bluewolf.com.mx /timpmp/dompdf/lib/php-font-lib/classes Font_Table_maxp.php
2015.12.28 13:49 B C:\Users\redkey\Google Drive 2\RESPALDO TEXTRON\timpmp\dompdf\lib\php-font-lib\classes\Font_Table_name.php --> bluewolf.com.mx /timpmp/dompdf/lib/php-font-lib/classes Font_Table_name.php
2015.12.28 13:49 B C:\Users\redkey\Google Drive 2\RESPALDO TEXTRON\timpmp\dompdf\lib\php-font-lib\classes\Font_Table_name_Record.php --> bluewolf.com.mx /timpmp/dompdf/lib/php-font-lib/classes Font_Table_name_Record.php
2015.12.28 13:49 B C:\Users\redkey\Google Drive 2\RESPALDO TEXTRON\timpmp\dompdf\lib\php-font-lib\classes\Font_Table_os2.php --> bluewolf.com.mx /timpmp/dompdf/lib/php-font-lib/classes Font_Table_os2.php
2015.12.28 13:49 B C:\Users\redkey\Google Drive 2\RESPALDO TEXTRON\timpmp\dompdf\lib\php-font-lib\classes\Font_Table_post.php --> bluewolf.com.mx /timpmp/dompdf/lib/php-font-lib/classes Font_Table_post.php
2015.12.28 13:49 B C:\Users\redkey\Google Drive 2\RESPALDO TEXTRON\timpmp\dompdf\lib\php-font-lib\classes\Font_TrueType.php --> bluewolf.com.mx /timpmp/dompdf/lib/php-font-lib/classes Font_TrueType.php
2015.12.28 13:49 B C:\Users\redkey\Google Drive 2\RESPALDO TEXTRON\timpmp\dompdf\lib\php-font-lib\classes\Font_TrueType_Collection.php --> bluewolf.com.mx /timpmp/dompdf/lib/php-font-lib/classes Font_TrueType_Collection.php
2015.12.28 13:49 B C:\Users\redkey\Google Drive 2\RESPALDO TEXTRON\timpmp\dompdf\lib\php-font-lib\classes\Font_TrueType_Header.php --> bluewolf.com.mx /timpmp/dompdf/lib/php-font-lib/classes Font_TrueType_Header.php
2015.12.28 13:49 B C:\Users\redkey\Google Drive 2\RESPALDO TEXTRON\timpmp\dompdf\lib\php-font-lib\classes\Font_TrueType_Table_Directory_Entry.php --> bluewolf.com.mx /timpmp/dompdf/lib/php-font-lib/classes Font_TrueType_Table_Directory_Entry.php
2015.12.28 13:49 B C:\Users\redkey\Google Drive 2\RESPALDO TEXTRON\timpmp\dompdf\lib\php-font-lib\classes\Font_WOFF.php --> bluewolf.com.mx /timpmp/dompdf/lib/php-font-lib/classes Font_WOFF.php
2015.12.28 13:49 B C:\Users\redkey\Google Drive 2\RESPALDO TEXTRON\timpmp\dompdf\lib\php-font-lib\classes\Font_WOFF_Header.php --> bluewolf.com.mx /timpmp/dompdf/lib/php-font-lib/classes Font_WOFF_Header.php
2015.12.28 13:49 B C:\Users\redkey\Google Drive 2\RESPALDO TEXTRON\timpmp\dompdf\lib\php-font-lib\classes\Font_WOFF_Table_Directory_Entry.php --> bluewolf.com.mx /timpmp/dompdf/lib/php-font-lib/classes Font_WOFF_Table_Directory_Entry.php
