2017.08.29 09:34 B C:\Users\BlueWolf\Downloads\Highcharts\code\js\modules\xrange-series.src.js --> oldschool.com.mx /wwwtristone/oee/code/js/modules xrange-series.src.js
2017.08.29 09:34 B C:\Users\BlueWolf\Downloads\Highcharts\code\js\modules\xrange-series.js.map --> oldschool.com.mx /wwwtristone/oee/code/js/modules xrange-series.js.map
2017.08.29 09:34 B C:\Users\BlueWolf\Downloads\Highcharts\code\js\modules\xrange-series.js --> oldschool.com.mx /wwwtristone/oee/code/js/modules xrange-series.js
2017.08.29 09:34 B C:\Users\BlueWolf\Downloads\Highcharts\code\js\modules\treemap.src.js --> oldschool.com.mx /wwwtristone/oee/code/js/modules treemap.src.js
2017.08.29 09:34 B C:\Users\BlueWolf\Downloads\Highcharts\code\js\modules\treemap.js.map --> oldschool.com.mx /wwwtristone/oee/code/js/modules treemap.js.map
2017.08.29 09:34 B C:\Users\BlueWolf\Downloads\Highcharts\code\js\modules\treemap.js --> oldschool.com.mx /wwwtristone/oee/code/js/modules treemap.js
2017.08.29 09:34 B C:\Users\BlueWolf\Downloads\Highcharts\code\js\modules\stock.src.js --> oldschool.com.mx /wwwtristone/oee/code/js/modules stock.src.js
2017.08.29 09:34 B C:\Users\BlueWolf\Downloads\Highcharts\code\js\modules\stock.js.map --> oldschool.com.mx /wwwtristone/oee/code/js/modules stock.js.map
2017.08.29 09:34 B C:\Users\BlueWolf\Downloads\Highcharts\code\js\modules\stock.js --> oldschool.com.mx /wwwtristone/oee/code/js/modules stock.js
2017.08.29 09:34 B C:\Users\BlueWolf\Downloads\Highcharts\code\js\modules\static-scale.src.js --> oldschool.com.mx /wwwtristone/oee/code/js/modules static-scale.src.js
2017.08.29 09:34 B C:\Users\BlueWolf\Downloads\Highcharts\code\js\modules\static-scale.js.map --> oldschool.com.mx /wwwtristone/oee/code/js/modules static-scale.js.map
2017.08.29 09:34 B C:\Users\BlueWolf\Downloads\Highcharts\code\js\modules\static-scale.js --> oldschool.com.mx /wwwtristone/oee/code/js/modules static-scale.js
2017.08.29 09:34 B C:\Users\BlueWolf\Downloads\Highcharts\code\js\modules\solid-gauge.src.js --> oldschool.com.mx /wwwtristone/oee/code/js/modules solid-gauge.src.js
2017.08.29 09:34 B C:\Users\BlueWolf\Downloads\Highcharts\code\js\modules\solid-gauge.js.map --> oldschool.com.mx /wwwtristone/oee/code/js/modules solid-gauge.js.map
2017.08.29 09:34 B C:\Users\BlueWolf\Downloads\Highcharts\code\js\modules\solid-gauge.js --> oldschool.com.mx /wwwtristone/oee/code/js/modules solid-gauge.js
2017.08.29 09:34 B C:\Users\BlueWolf\Downloads\Highcharts\code\js\modules\series-label.src.js --> oldschool.com.mx /wwwtristone/oee/code/js/modules series-label.src.js
2017.08.29 09:34 B C:\Users\BlueWolf\Downloads\Highcharts\code\js\modules\series-label.js.map --> oldschool.com.mx /wwwtristone/oee/code/js/modules series-label.js.map
2017.08.29 09:34 B C:\Users\BlueWolf\Downloads\Highcharts\code\js\modules\series-label.js --> oldschool.com.mx /wwwtristone/oee/code/js/modules series-label.js
2017.08.29 09:34 B C:\Users\BlueWolf\Downloads\Highcharts\code\js\modules\overlapping-datalabels.src.js --> oldschool.com.mx /wwwtristone/oee/code/js/modules overlapping-datalabels.src.js
2017.08.29 09:34 B C:\Users\BlueWolf\Downloads\Highcharts\code\js\modules\overlapping-datalabels.js.map --> oldschool.com.mx /wwwtristone/oee/code/js/modules overlapping-datalabels.js.map
2017.08.29 09:34 B C:\Users\BlueWolf\Downloads\Highcharts\code\js\modules\overlapping-datalabels.js --> oldschool.com.mx /wwwtristone/oee/code/js/modules overlapping-datalabels.js
2017.08.29 09:35 B C:\Users\BlueWolf\Downloads\Highcharts\code\js\modules\offline-exporting.src.js --> oldschool.com.mx /wwwtristone/oee/code/js/modules offline-exporting.src.js
2017.08.29 09:35 B C:\Users\BlueWolf\Downloads\Highcharts\code\js\modules\offline-exporting.js.map --> oldschool.com.mx /wwwtristone/oee/code/js/modules offline-exporting.js.map
2017.08.29 09:35 B C:\Users\BlueWolf\Downloads\Highcharts\code\js\modules\offline-exporting.js --> oldschool.com.mx /wwwtristone/oee/code/js/modules offline-exporting.js
2017.08.29 09:35 B C:\Users\BlueWolf\Downloads\Highcharts\code\js\modules\no-data-to-display.src.js --> oldschool.com.mx /wwwtristone/oee/code/js/modules no-data-to-display.src.js
2017.08.29 09:35 B C:\Users\BlueWolf\Downloads\Highcharts\code\js\modules\no-data-to-display.js.map --> oldschool.com.mx /wwwtristone/oee/code/js/modules no-data-to-display.js.map
2017.08.29 09:35 B C:\Users\BlueWolf\Downloads\Highcharts\code\js\modules\no-data-to-display.js --> oldschool.com.mx /wwwtristone/oee/code/js/modules no-data-to-display.js
2017.08.29 09:35 B C:\Users\BlueWolf\Downloads\Highcharts\code\js\modules\map.js.map --> oldschool.com.mx /wwwtristone/oee/code/js/modules map.js.map
2017.08.29 09:35 B C:\Users\BlueWolf\Downloads\Highcharts\code\js\modules\map-parser.js.map --> oldschool.com.mx /wwwtristone/oee/code/js/modules map-parser.js.map
2017.08.29 09:35 B C:\Users\BlueWolf\Downloads\Highcharts\code\js\modules\heatmap.src.js --> oldschool.com.mx /wwwtristone/oee/code/js/modules heatmap.src.js
2017.08.29 09:35 B C:\Users\BlueWolf\Downloads\Highcharts\code\js\modules\heatmap.js.map --> oldschool.com.mx /wwwtristone/oee/code/js/modules heatmap.js.map
2017.08.29 09:35 B C:\Users\BlueWolf\Downloads\Highcharts\code\js\modules\heatmap.js --> oldschool.com.mx /wwwtristone/oee/code/js/modules heatmap.js
2017.08.29 09:35 B C:\Users\BlueWolf\Downloads\Highcharts\code\js\modules\grid-axis.src.js --> oldschool.com.mx /wwwtristone/oee/code/js/modules grid-axis.src.js
2017.08.29 09:35 B C:\Users\BlueWolf\Downloads\Highcharts\code\js\modules\grid-axis.js.map --> oldschool.com.mx /wwwtristone/oee/code/js/modules grid-axis.js.map
2017.08.29 09:35 B C:\Users\BlueWolf\Downloads\Highcharts\code\js\modules\grid-axis.js --> oldschool.com.mx /wwwtristone/oee/code/js/modules grid-axis.js
2017.08.29 09:35 B C:\Users\BlueWolf\Downloads\Highcharts\code\js\modules\gantt.src.js --> oldschool.com.mx /wwwtristone/oee/code/js/modules gantt.src.js
2017.08.29 09:35 B C:\Users\BlueWolf\Downloads\Highcharts\code\js\modules\gantt.js.map --> oldschool.com.mx /wwwtristone/oee/code/js/modules gantt.js.map
2017.08.29 09:35 B C:\Users\BlueWolf\Downloads\Highcharts\code\js\modules\gantt.js --> oldschool.com.mx /wwwtristone/oee/code/js/modules gantt.js
2017.08.29 09:35 B C:\Users\BlueWolf\Downloads\Highcharts\code\js\modules\funnel.src.js --> oldschool.com.mx /wwwtristone/oee/code/js/modules funnel.src.js
2017.08.29 09:35 B C:\Users\BlueWolf\Downloads\Highcharts\code\js\modules\funnel.js.map --> oldschool.com.mx /wwwtristone/oee/code/js/modules funnel.js.map
2017.08.29 09:35 B C:\Users\BlueWolf\Downloads\Highcharts\code\js\modules\funnel.js --> oldschool.com.mx /wwwtristone/oee/code/js/modules funnel.js
2017.08.29 09:35 B C:\Users\BlueWolf\Downloads\Highcharts\code\js\modules\exporting.src.js --> oldschool.com.mx /wwwtristone/oee/code/js/modules exporting.src.js
2017.08.29 09:35 B C:\Users\BlueWolf\Downloads\Highcharts\code\js\modules\exporting.js.map --> oldschool.com.mx /wwwtristone/oee/code/js/modules exporting.js.map
2017.08.29 09:35 B C:\Users\BlueWolf\Downloads\Highcharts\code\js\modules\exporting.js --> oldschool.com.mx /wwwtristone/oee/code/js/modules exporting.js
2017.08.29 09:35 B C:\Users\BlueWolf\Downloads\Highcharts\code\js\modules\export-data.src.js --> oldschool.com.mx /wwwtristone/oee/code/js/modules export-data.src.js
2017.08.29 09:35 B C:\Users\BlueWolf\Downloads\Highcharts\code\js\modules\export-data.js.map --> oldschool.com.mx /wwwtristone/oee/code/js/modules export-data.js.map
2017.08.29 09:35 B C:\Users\BlueWolf\Downloads\Highcharts\code\js\modules\export-data.js --> oldschool.com.mx /wwwtristone/oee/code/js/modules export-data.js
2017.08.29 09:35 B C:\Users\BlueWolf\Downloads\Highcharts\code\js\modules\drilldown.src.js --> oldschool.com.mx /wwwtristone/oee/code/js/modules drilldown.src.js
2017.08.29 09:35 B C:\Users\BlueWolf\Downloads\Highcharts\code\js\modules\drilldown.js.map --> oldschool.com.mx /wwwtristone/oee/code/js/modules drilldown.js.map
2017.08.29 09:35 B C:\Users\BlueWolf\Downloads\Highcharts\code\js\modules\drilldown.js --> oldschool.com.mx /wwwtristone/oee/code/js/modules drilldown.js
2017.08.29 09:35 B C:\Users\BlueWolf\Downloads\Highcharts\code\js\modules\data.src.js --> oldschool.com.mx /wwwtristone/oee/code/js/modules data.src.js
2017.08.29 09:35 B C:\Users\BlueWolf\Downloads\Highcharts\code\js\modules\data.js.map --> oldschool.com.mx /wwwtristone/oee/code/js/modules data.js.map
2017.08.29 09:35 B C:\Users\BlueWolf\Downloads\Highcharts\code\js\modules\data.js --> oldschool.com.mx /wwwtristone/oee/code/js/modules data.js
2017.08.29 09:35 B C:\Users\BlueWolf\Downloads\Highcharts\code\js\modules\canvasrenderer.experimental.js.map --> oldschool.com.mx /wwwtristone/oee/code/js/modules canvasrenderer.experimental.js.map
2017.08.29 09:35 B C:\Users\BlueWolf\Downloads\Highcharts\code\js\modules\broken-axis.src.js --> oldschool.com.mx /wwwtristone/oee/code/js/modules broken-axis.src.js
2017.08.29 09:35 B C:\Users\BlueWolf\Downloads\Highcharts\code\js\modules\broken-axis.js.map --> oldschool.com.mx /wwwtristone/oee/code/js/modules broken-axis.js.map
2017.08.29 09:35 B C:\Users\BlueWolf\Downloads\Highcharts\code\js\modules\broken-axis.js --> oldschool.com.mx /wwwtristone/oee/code/js/modules broken-axis.js
2017.08.29 09:35 B C:\Users\BlueWolf\Downloads\Highcharts\code\js\modules\boost.src.js --> oldschool.com.mx /wwwtristone/oee/code/js/modules boost.src.js
2017.08.29 09:35 B C:\Users\BlueWolf\Downloads\Highcharts\code\js\modules\boost.js.map --> oldschool.com.mx /wwwtristone/oee/code/js/modules boost.js.map
2017.08.29 09:35 B C:\Users\BlueWolf\Downloads\Highcharts\code\js\modules\boost.js --> oldschool.com.mx /wwwtristone/oee/code/js/modules boost.js
2017.08.29 09:35 B C:\Users\BlueWolf\Downloads\Highcharts\code\js\modules\boost-canvas.src.js --> oldschool.com.mx /wwwtristone/oee/code/js/modules boost-canvas.src.js
2017.08.29 09:35 B C:\Users\BlueWolf\Downloads\Highcharts\code\js\modules\boost-canvas.js.map --> oldschool.com.mx /wwwtristone/oee/code/js/modules boost-canvas.js.map
2017.08.29 09:35 B C:\Users\BlueWolf\Downloads\Highcharts\code\js\modules\boost-canvas.js --> oldschool.com.mx /wwwtristone/oee/code/js/modules boost-canvas.js
2017.08.29 09:35 B C:\Users\BlueWolf\Downloads\Highcharts\code\js\modules\annotations.src.js --> oldschool.com.mx /wwwtristone/oee/code/js/modules annotations.src.js
2017.08.29 09:35 B C:\Users\BlueWolf\Downloads\Highcharts\code\js\modules\annotations.js.map --> oldschool.com.mx /wwwtristone/oee/code/js/modules annotations.js.map
2017.08.29 09:35 B C:\Users\BlueWolf\Downloads\Highcharts\code\js\modules\annotations.js --> oldschool.com.mx /wwwtristone/oee/code/js/modules annotations.js
2017.08.29 09:35 B C:\Users\BlueWolf\Downloads\Highcharts\code\js\modules\accessibility.src.js --> oldschool.com.mx /wwwtristone/oee/code/js/modules accessibility.src.js
2017.08.29 09:35 B C:\Users\BlueWolf\Downloads\Highcharts\code\js\modules\accessibility.js.map --> oldschool.com.mx /wwwtristone/oee/code/js/modules accessibility.js.map
2017.08.29 09:35 B C:\Users\BlueWolf\Downloads\Highcharts\code\js\modules\accessibility.js --> oldschool.com.mx /wwwtristone/oee/code/js/modules accessibility.js
2017.10.02 14:39 B C:\Users\BlueWolf\Google Drive\textron\timpmp_produccion\code\js\modules\desktop.ini --> www.bluewolf.com.mx /public_html/timpmp/code/js/modules desktop.ini
