2015.12.28 09:46 B C:\Users\redkey\Google Drive 2\RESPALDO TEXTRON\timpmp\js\modules\canvas-tools.js <-- textron /public_html/js/modules canvas-tools.js
2015.12.28 09:46 B C:\Users\redkey\Google Drive 2\RESPALDO TEXTRON\timpmp\js\modules\canvas-tools.src.js <-- textron /public_html/js/modules canvas-tools.src.js
2015.12.28 09:46 B C:\Users\redkey\Google Drive 2\RESPALDO TEXTRON\timpmp\js\modules\data.js <-- textron /public_html/js/modules data.js
2015.12.28 09:46 B C:\Users\redkey\Google Drive 2\RESPALDO TEXTRON\timpmp\js\modules\data.src.js <-- textron /public_html/js/modules data.src.js
2015.12.28 09:46 B C:\Users\redkey\Google Drive 2\RESPALDO TEXTRON\timpmp\js\modules\drilldown.js <-- textron /public_html/js/modules drilldown.js
2015.12.28 09:46 B C:\Users\redkey\Google Drive 2\RESPALDO TEXTRON\timpmp\js\modules\drilldown.src.js <-- textron /public_html/js/modules drilldown.src.js
2015.12.28 09:46 B C:\Users\redkey\Google Drive 2\RESPALDO TEXTRON\timpmp\js\modules\exporting.js <-- textron /public_html/js/modules exporting.js
2015.12.28 09:46 B C:\Users\redkey\Google Drive 2\RESPALDO TEXTRON\timpmp\js\modules\exporting.src.js <-- textron /public_html/js/modules exporting.src.js
2015.12.28 09:46 B C:\Users\redkey\Google Drive 2\RESPALDO TEXTRON\timpmp\js\modules\funnel.js <-- textron /public_html/js/modules funnel.js
2015.12.28 09:46 B C:\Users\redkey\Google Drive 2\RESPALDO TEXTRON\timpmp\js\modules\funnel.src.js <-- textron /public_html/js/modules funnel.src.js
2015.12.28 09:46 B C:\Users\redkey\Google Drive 2\RESPALDO TEXTRON\timpmp\js\modules\heatmap.js <-- textron /public_html/js/modules heatmap.js
2015.12.28 09:46 B C:\Users\redkey\Google Drive 2\RESPALDO TEXTRON\timpmp\js\modules\heatmap.src.js <-- textron /public_html/js/modules heatmap.src.js
2015.12.28 09:46 B C:\Users\redkey\Google Drive 2\RESPALDO TEXTRON\timpmp\js\modules\no-data-to-display.js <-- textron /public_html/js/modules no-data-to-display.js
2015.12.28 09:46 B C:\Users\redkey\Google Drive 2\RESPALDO TEXTRON\timpmp\js\modules\no-data-to-display.src.js <-- textron /public_html/js/modules no-data-to-display.src.js
2015.12.28 09:46 B C:\Users\redkey\Google Drive 2\RESPALDO TEXTRON\timpmp\js\modules\solid-gauge.js <-- textron /public_html/js/modules solid-gauge.js
2015.12.28 09:46 B C:\Users\redkey\Google Drive 2\RESPALDO TEXTRON\timpmp\js\modules\solid-gauge.src.js <-- textron /public_html/js/modules solid-gauge.src.js
2015.12.28 13:55 B C:\Users\redkey\Google Drive 2\RESPALDO TEXTRON\timpmp\js\modules\canvas-tools.js --> bluewolf.com.mx /timpmp/js/modules canvas-tools.js
2015.12.28 13:55 B C:\Users\redkey\Google Drive 2\RESPALDO TEXTRON\timpmp\js\modules\canvas-tools.src.js --> bluewolf.com.mx /timpmp/js/modules canvas-tools.src.js
2015.12.28 13:55 B C:\Users\redkey\Google Drive 2\RESPALDO TEXTRON\timpmp\js\modules\data.js --> bluewolf.com.mx /timpmp/js/modules data.js
2015.12.28 13:55 B C:\Users\redkey\Google Drive 2\RESPALDO TEXTRON\timpmp\js\modules\data.src.js --> bluewolf.com.mx /timpmp/js/modules data.src.js
2015.12.28 13:55 B C:\Users\redkey\Google Drive 2\RESPALDO TEXTRON\timpmp\js\modules\drilldown.js --> bluewolf.com.mx /timpmp/js/modules drilldown.js
2015.12.28 13:55 B C:\Users\redkey\Google Drive 2\RESPALDO TEXTRON\timpmp\js\modules\drilldown.src.js --> bluewolf.com.mx /timpmp/js/modules drilldown.src.js
2015.12.28 13:55 B C:\Users\redkey\Google Drive 2\RESPALDO TEXTRON\timpmp\js\modules\exporting.js --> bluewolf.com.mx /timpmp/js/modules exporting.js
2015.12.28 13:55 B C:\Users\redkey\Google Drive 2\RESPALDO TEXTRON\timpmp\js\modules\exporting.src.js --> bluewolf.com.mx /timpmp/js/modules exporting.src.js
2015.12.28 13:55 B C:\Users\redkey\Google Drive 2\RESPALDO TEXTRON\timpmp\js\modules\funnel.js --> bluewolf.com.mx /timpmp/js/modules funnel.js
2015.12.28 13:55 B C:\Users\redkey\Google Drive 2\RESPALDO TEXTRON\timpmp\js\modules\funnel.src.js --> bluewolf.com.mx /timpmp/js/modules funnel.src.js
2015.12.28 13:55 B C:\Users\redkey\Google Drive 2\RESPALDO TEXTRON\timpmp\js\modules\heatmap.js --> bluewolf.com.mx /timpmp/js/modules heatmap.js
2015.12.28 13:56 B C:\Users\redkey\Google Drive 2\RESPALDO TEXTRON\timpmp\js\modules\heatmap.src.js --> bluewolf.com.mx /timpmp/js/modules heatmap.src.js
2015.12.28 13:56 B C:\Users\redkey\Google Drive 2\RESPALDO TEXTRON\timpmp\js\modules\no-data-to-display.js --> bluewolf.com.mx /timpmp/js/modules no-data-to-display.js
2015.12.28 13:56 B C:\Users\redkey\Google Drive 2\RESPALDO TEXTRON\timpmp\js\modules\no-data-to-display.src.js --> bluewolf.com.mx /timpmp/js/modules no-data-to-display.src.js
2015.12.28 13:56 B C:\Users\redkey\Google Drive 2\RESPALDO TEXTRON\timpmp\js\modules\solid-gauge.js --> bluewolf.com.mx /timpmp/js/modules solid-gauge.js
2015.12.28 13:56 B C:\Users\redkey\Google Drive 2\RESPALDO TEXTRON\timpmp\js\modules\solid-gauge.src.js --> bluewolf.com.mx /timpmp/js/modules solid-gauge.src.js
